<?xml version="1.0" encoding="UTF-8"?>
<testsuites>
  <testsuite name="shinytest2-tm_g_events_term_id" timestamp="2026-07-31T09:19:00Z" hostname="25a32810476b" tests="5" skipped="5" failures="0" errors="0" time="0.145">
    <testcase time="0.0289999999999999" classname="shinytest2_tm_g_events_term_id" name="e2e_tm_g_events_term_id_initializes_and_renders_a_plot">
      <skipped message="Reason: testing depth 3 is below current testing specification 5 ('test-shinytest2-tm_g_events_term_id.R:34:3')"/>
    </testcase>
    <testcase time="0.05" classname="shinytest2_tm_g_events_term_id" name="e2e_tm_g_events_term_id_starts_with_expected_label_and_encoding_selections.">
      <skipped message="Reason: testing depth 3 is below current testing specification 5 ('test-shinytest2-tm_g_events_term_id.R:54:5')"/>
    </testcase>
    <testcase time="0.0409999999999999" classname="shinytest2_tm_g_events_term_id" name="e2e_tm_g_events_term_id_changing_term_var_changes_the_plot_and_does_not_throw_validation_errors.">
      <skipped message="Reason: testing depth 3 is below current testing specification 5 ('test-shinytest2-tm_g_events_term_id.R:80:5')"/>
    </testcase>
    <testcase time="0.012" classname="shinytest2_tm_g_events_term_id" name="e2e_tm_g_events_term_id_deselection_of_term_var_throws_validation_error.">
      <skipped message="Reason: testing depth 3 is below current testing specification 5 ('test-shinytest2-tm_g_events_term_id.R:97:3')"/>
    </testcase>
    <testcase time="0.0130000000000001" classname="shinytest2_tm_g_events_term_id" name="e2e_tm_g_events_term_id_sort_updates_title">
      <skipped message="Reason: testing depth 3 is below current testing specification 5 ('test-shinytest2-tm_g_events_term_id.R:107:3')"/>
    </testcase>
  </testsuite>
  <testsuite name="tm_g_ae_oview" timestamp="2026-07-31T09:19:00Z" hostname="25a32810476b" tests="13" skipped="0" failures="0" errors="0" time="4.276">
    <testcase time="0.077" classname="tm_g_ae_oview" name="tm_g_ae_oview_argument_verification_fails_when_arm_var_is_neither_picks_or_choices_selected"/>
    <testcase time="0.0289999999999999" classname="tm_g_ae_oview" name="tm_g_ae_oview_argument_verification_fails_when_flag_var_anl_is_neiter_picks_or_choices_selected">
      <system-out>`arm_var` was deprecated in teal.osprey 0.5.0.
ℹ Pass `teal.picks::variables()` (or a full `teal.picks::picks()` chain).
  Support for legacy `teal.transform::choices_selected()`, `filter_spec`, and
  `select_spec` is deprecated.
Backtrace:
    ▆
 1. ├─testthat::expect_error(...) at test-tm_g_ae_oview.R:35:5
 2. │ └─testthat:::quasi_capture(...)
 3. │   ├─testthat (local) .capture(...)
 4. │   │ └─base::withCallingHandlers(...)
 5. │   └─rlang::eval_bare(quo_get_expr(.quo), quo_get_env(.quo))
 6. └─teal.osprey::tm_g_ae_oview(...)
 7.   └─teal.osprey:::migrate_choices_selected_to_variables(arm_var)</system-out>
    </testcase>
    <testcase time="0.014" classname="tm_g_ae_oview" name="tm_g_ae_oview_argument_verification_fails_when_flag_var_anl_is_neiter_picks_or_choices_selected"/>
    <testcase time="0.208" classname="tm_g_ae_oview" name="tm_g_ae_oview_module_creation_creates_a_teal_module_using_choices_selected">
      <system-out>`flag_var_anl` was deprecated in teal.osprey 0.5.0.
ℹ Pass `teal.picks::variables()` (or a full `teal.picks::picks()` chain).
  Support for legacy `teal.transform::choices_selected()`, `filter_spec`, and
  `select_spec` is deprecated.
Backtrace:
    ▆
 1. └─teal.osprey::tm_g_ae_oview(...) at test-tm_g_ae_oview.R:78:5
 2.   └─teal.osprey:::migrate_choices_selected_to_variables(flag_var_anl)</system-out>
    </testcase>
    <testcase time="0.012" classname="tm_g_ae_oview" name="tm_g_ae_oview_module_creation_creates_a_teal_module_using_choices_selected">
      <system-out>variables has eager choices (character) while datasets has dynamic choices. It is not guaranteed that explicitly defined choices will be a subset of data selected in a previous element.
Backtrace:
    ▆
 1. └─teal.osprey::tm_g_ae_oview(...) at test-tm_g_ae_oview.R:78:5
 2.   └─teal.osprey:::create_picks_helper(...)
 3.     └─teal.picks::picks(datasets, x)
 4.       └─teal.picks:::.check_picks(new_picks, check_dataset)</system-out>
    </testcase>
    <testcase time="0.014" classname="tm_g_ae_oview" name="tm_g_ae_oview_module_creation_creates_a_teal_module_using_choices_selected">
      <system-out>variables has eager choices (character) while datasets has dynamic choices. It is not guaranteed that explicitly defined choices will be a subset of data selected in a previous element.
Backtrace:
    ▆
 1. └─teal.osprey::tm_g_ae_oview(...) at test-tm_g_ae_oview.R:78:5
 2.   └─teal.osprey:::create_picks_helper(...)
 3.     └─teal.picks::picks(datasets, x)
 4.       └─teal.picks:::.check_picks(new_picks, check_dataset)</system-out>
    </testcase>
    <testcase time="0.00900000000000012" classname="tm_g_ae_oview" name="tm_g_ae_oview_module_creation_creates_a_teal_module_using_choices_selected"/>
    <testcase time="0.00800000000000001" classname="tm_g_ae_oview" name="tm_g_ae_oview_module_creation_creates_a_teal_module_using_picks">
      <system-out>variables has eager choices (character) while datasets has dynamic choices. It is not guaranteed that explicitly defined choices will be a subset of data selected in a previous element.
Backtrace:
    ▆
 1. └─teal.osprey::tm_g_ae_oview(...) at test-tm_g_ae_oview.R:89:5
 2.   └─teal.osprey:::create_picks_helper(...)
 3.     └─teal.picks::picks(datasets, x)
 4.       └─teal.picks:::.check_picks(new_picks, check_dataset)</system-out>
    </testcase>
    <testcase time="0.0069999999999999" classname="tm_g_ae_oview" name="tm_g_ae_oview_module_creation_creates_a_teal_module_using_picks"/>
    <testcase time="0.00900000000000012" classname="tm_g_ae_oview" name="tm_g_ae_oview_module_creation_creates_a_teal_module_using_choices_selected">
      <system-out>variables has eager choices (character) while datasets has dynamic choices. It is not guaranteed that explicitly defined choices will be a subset of data selected in a previous element.
Backtrace:
    ▆
 1. └─teal.osprey::tm_g_ae_oview(...) at test-tm_g_ae_oview.R:100:5
 2.   └─teal.osprey:::create_picks_helper(...)
 3.     └─teal.picks::picks(datasets, x)
 4.       └─teal.picks:::.check_picks(new_picks, check_dataset)</system-out>
    </testcase>
    <testcase time="0.00999999999999979" classname="tm_g_ae_oview" name="tm_g_ae_oview_module_creation_creates_a_teal_module_using_choices_selected">
      <system-out>variables has eager choices (character) while datasets has dynamic choices. It is not guaranteed that explicitly defined choices will be a subset of data selected in a previous element.
Backtrace:
    ▆
 1. └─teal.osprey::tm_g_ae_oview(...) at test-tm_g_ae_oview.R:100:5
 2.   └─teal.osprey:::create_picks_helper(...)
 3.     └─teal.picks::picks(datasets, x)
 4.       └─teal.picks:::.check_picks(new_picks, check_dataset)</system-out>
    </testcase>
    <testcase time="2.453" classname="tm_g_ae_oview" name="tm_g_ae_oview_module_creation_creates_a_teal_module_using_choices_selected"/>
    <testcase time="1.426" classname="tm_g_ae_oview" name="tm_g_ae_oview_module_creation_creates_a_teal_module_using_picks"/>
  </testsuite>
  <testsuite name="tm_g_ae_sub" timestamp="2026-07-31T09:19:04Z" hostname="25a32810476b" tests="7" skipped="0" failures="0" errors="0" time="1.945">
    <testcase time="0.0690000000000008" classname="tm_g_ae_sub" name="tm_g_ae_sub_input_validation_plot_arguments_input_validation">
      <system-out>`group_var` was deprecated in teal.osprey 0.5.0.
ℹ Pass `teal.picks::variables()` (or a full `teal.picks::picks()` chain).
  Support for legacy `teal.transform::choices_selected()`, `filter_spec`, and
  `select_spec` is deprecated.
Backtrace:
    ▆
 1. ├─testthat::expect_error(...) at test-tm_g_ae_sub.R:13:5
 2. │ └─testthat:::quasi_capture(...)
 3. │   ├─testthat (local) .capture(...)
 4. │   │ └─base::withCallingHandlers(...)
 5. │   └─rlang::eval_bare(quo_get_expr(.quo), quo_get_env(.quo))
 6. ├─base::suppressWarnings(...) at test-tm_g_ae_sub.R:15:9
 7. │ └─base::withCallingHandlers(...)
 8. └─teal.osprey::tm_g_ae_sub(...)
 9.   └─teal.osprey:::migrate_choices_selected_to_variables(group_var)</system-out>
    </testcase>
    <testcase time="0.0129999999999999" classname="tm_g_ae_sub" name="tm_g_ae_sub_input_validation_plot_arguments_input_validation"/>
    <testcase time="0.00700000000000056" classname="tm_g_ae_sub" name="tm_g_ae_sub_input_validation_plot_arguments_input_validation"/>
    <testcase time="0.00800000000000001" classname="tm_g_ae_sub" name="tm_g_ae_sub_module_creation_creates_a_teal_module_using_choices_selected"/>
    <testcase time="0.00599999999999934" classname="tm_g_ae_sub" name="tm_g_ae_sub_module_creation_creates_a_teal_module_using_picks"/>
    <testcase time="0.927" classname="tm_g_ae_sub" name="tm_g_ae_sub_module_creation_using_choices_selected_works"/>
    <testcase time="0.915" classname="tm_g_ae_sub" name="tm_g_ae_sub_module_creation_using_picks_works"/>
  </testsuite>
  <testsuite name="tm_g_butterfly" timestamp="2026-07-31T09:19:06Z" hostname="25a32810476b" tests="8" skipped="0" failures="0" errors="0" time="3.565">
    <testcase time="0.0969999999999995" classname="tm_g_butterfly" name="tm_g_butterfly_input_validation_plot_arguments_input_validation"/>
    <testcase time="0.0200000000000005" classname="tm_g_butterfly" name="tm_g_butterfly_input_validation_plot_arguments_input_validation"/>
    <testcase time="0.00899999999999945" classname="tm_g_butterfly" name="tm_g_butterfly_input_validation_Forcing_Conversion_from_multiple_picks_to_single"/>
    <testcase time="0.00500000000000078" classname="tm_g_butterfly" name="tm_g_butterfly_input_validation_Forcing_Conversion_from_multiple_picks_to_single"/>
    <testcase time="0.0119999999999996" classname="tm_g_butterfly" name="tm_g_butterfly_module_creation_creates_a_teal_module_using_choices_selected"/>
    <testcase time="0.00699999999999967" classname="tm_g_butterfly" name="tm_g_butterfly_module_creation_creates_a_teal_module_using_picks"/>
    <testcase time="1.433" classname="tm_g_butterfly" name="tm_g_butterfly_module_creation_works_with_choices_selected"/>
    <testcase time="1.982" classname="tm_g_butterfly" name="tm_g_butterfly_module_creation_works_with_picks"/>
  </testsuite>
  <testsuite name="tm_g_decorate" timestamp="2026-07-31T09:19:10Z" hostname="25a32810476b" tests="5" skipped="0" failures="0" errors="0" time="0.141">
    <testcase time="0.134" classname="tm_g_decorate" name="srv_g_decorate_creation_srv_g_decorate_returns"/>
    <testcase time="0.000999999999999446" classname="tm_g_decorate" name="srv_g_decorate_creation_srv_g_decorate_returns"/>
    <testcase time="0.00199999999999889" classname="tm_g_decorate" name="srv_g_decorate_creation_srv_g_decorate_returns"/>
    <testcase time="0.00300000000000011" classname="tm_g_decorate" name="srv_g_decorate_creation_srv_g_decorate_returns"/>
    <testcase time="0.00100000000000122" classname="tm_g_decorate" name="srv_g_decorate_creation_srv_g_decorate_returns"/>
  </testsuite>
  <testsuite name="tm_g_events_term_id" timestamp="2026-07-31T09:19:10Z" hostname="25a32810476b" tests="10" skipped="0" failures="0" errors="0" time="1.708">
    <testcase time="0.0299999999999994" classname="tm_g_events_term_id" name="tm_g_events_term_id_module_creation_using_choices_selected"/>
    <testcase time="0.00200000000000067" classname="tm_g_events_term_id" name="tm_g_events_term_id_module_creation_using_choices_selected"/>
    <testcase time="0.000999999999999446" classname="tm_g_events_term_id" name="tm_g_events_term_id_module_creation_using_choices_selected"/>
    <testcase time="0.00699999999999967" classname="tm_g_events_term_id" name="tm_g_events_term_id_module_creation_using_picks"/>
    <testcase time="0.00100000000000122" classname="tm_g_events_term_id" name="tm_g_events_term_id_module_creation_using_picks"/>
    <testcase time="0.000999999999999446" classname="tm_g_events_term_id" name="tm_g_events_term_id_module_creation_using_picks"/>
    <testcase time="0.824999999999999" classname="tm_g_events_term_id" name="tm_g_events_term_id_module_creation_using_choices_selected_works"/>
    <testcase time="0.801" classname="tm_g_events_term_id" name="tm_g_events_term_id_module_creation_using_picks_works"/>
    <testcase time="0.0370000000000008" classname="tm_g_events_term_id" name="tm_g_events_term_id_coerces_multiple_variable_selection"/>
    <testcase time="0.00300000000000011" classname="tm_g_events_term_id" name="tm_g_events_term_id_coerces_multiple_variable_selection"/>
  </testsuite>
  <testsuite name="tm_g_heat_bygrade" timestamp="2026-07-31T09:19:12Z" hostname="25a32810476b" tests="17" skipped="0" failures="0" errors="0" time="4.548">
    <testcase time="0.177999999999999" classname="tm_g_heat_bygrade" name="tm_g_heat_bygrade_argument_verification_plot_arguments_input_validation"/>
    <testcase time="0.011000000000001" classname="tm_g_heat_bygrade" name="tm_g_heat_bygrade_argument_verification_plot_arguments_input_validation"/>
    <testcase time="0.0129999999999999" classname="tm_g_heat_bygrade" name="tm_g_heat_bygrade_module_creation_creates_a_teal_module_using_choices_selected"/>
    <testcase time="0.0199999999999996" classname="tm_g_heat_bygrade" name="tm_g_heat_bygrade_module_creation_creates_a_teal_module_using_choices_selected_with_conmed"/>
    <testcase time="0.00699999999999967" classname="tm_g_heat_bygrade" name="tm_g_heat_bygrade_module_creation_creates_a_teal_module_using_picks"/>
    <testcase time="0.00699999999999967" classname="tm_g_heat_bygrade" name="tm_g_heat_bygrade_module_creation_creates_a_teal_module_using_picks_with_conmed"/>
    <testcase time="0.887" classname="tm_g_heat_bygrade" name="tm_g_heat_bygrade_module_creation_works_with_choices_selected"/>
    <testcase time="0.0240000000000009" classname="tm_g_heat_bygrade" name="tm_g_heat_bygrade_module_creation_works_with_choices_selected"/>
    <testcase time="1.112" classname="tm_g_heat_bygrade" name="tm_g_heat_bygrade_module_creation_works_with_choices_selected_with_conmed"/>
    <testcase time="0.0280000000000005" classname="tm_g_heat_bygrade" name="tm_g_heat_bygrade_module_creation_works_with_choices_selected_with_conmed"/>
    <testcase time="0.918000000000001" classname="tm_g_heat_bygrade" name="tm_g_heat_bygrade_module_creation_works_with_picks"/>
    <testcase time="0.0240000000000009" classname="tm_g_heat_bygrade" name="tm_g_heat_bygrade_module_creation_works_with_picks"/>
    <testcase time="1.135" classname="tm_g_heat_bygrade" name="tm_g_heat_bygrade_module_creation_works_with_picks_with_conmed"/>
    <testcase time="0.170999999999999" classname="tm_g_heat_bygrade" name="tm_g_heat_bygrade_module_creation_works_with_picks_with_conmed"/>
    <testcase time="0.00800000000000267" classname="tm_g_heat_bygrade" name="tm_g_heat_bygrade_module_creation_Throws_warning_when_converting_anno_var_to_multiple"/>
    <testcase time="0.00199999999999889" classname="tm_g_heat_bygrade" name="tm_g_heat_bygrade_module_creation_Throws_warning_when_converting_anno_var_to_multiple"/>
    <testcase time="0.00300000000000011" classname="tm_g_heat_bygrade" name="tm_g_heat_bygrade_module_creation_Throws_warning_when_converting_anno_var_to_multiple"/>
  </testsuite>
  <testsuite name="tm_g_patient_profile" timestamp="2026-07-31T09:19:16Z" hostname="25a32810476b" tests="11" skipped="0" failures="0" errors="0" time="3.593">
    <testcase time="0.0380000000000003" classname="tm_g_patient_profile" name="tm_g_patient_profile_input_validation_plot_arguments_input_validation"/>
    <testcase time="0.00900000000000034" classname="tm_g_patient_profile" name="tm_g_patient_profile_input_validation_plot_arguments_input_validation"/>
    <testcase time="0.00799999999999912" classname="tm_g_patient_profile" name="tm_g_patient_profile_input_validation_Forcing_conversion_from_multiple_picks_to_single"/>
    <testcase time="0.00700000000000145" classname="tm_g_patient_profile" name="tm_g_patient_profile_input_validation_Forcing_conversion_from_multiple_picks_to_single"/>
    <testcase time="0.0129999999999981" classname="tm_g_patient_profile" name="tm_g_patient_profile_module_creation_fails_without_datanames"/>
    <testcase time="0.0189999999999984" classname="tm_g_patient_profile" name="tm_g_patient_profile_module_creation_creates_a_teal_module_using_choices_selected"/>
    <testcase time="0.00600000000000023" classname="tm_g_patient_profile" name="tm_g_patient_profile_module_creation_creates_a_teal_module_using_teal.picks_variables"/>
    <testcase time="2.018" classname="tm_g_patient_profile" name="tm_g_patient_profile_module_works_using_choices_selected"/>
    <testcase time="0.0370000000000026" classname="tm_g_patient_profile" name="tm_g_patient_profile_module_works_using_choices_selected"/>
    <testcase time="1.389" classname="tm_g_patient_profile" name="tm_g_patient_profile_module_works_using_teal.picks"/>
    <testcase time="0.049000000000003" classname="tm_g_patient_profile" name="tm_g_patient_profile_module_works_using_teal.picks"/>
  </testsuite>
  <testsuite name="tm_g_spiderplot" timestamp="2026-07-31T09:19:20Z" hostname="25a32810476b" tests="10" skipped="0" failures="0" errors="0" time="5.383">
    <testcase time="0.103999999999999" classname="tm_g_spiderplot" name="tm_g_spiderplot_argument_verification_plot_arguments_input_validation"/>
    <testcase time="0.0139999999999993" classname="tm_g_spiderplot" name="tm_g_spiderplot_argument_verification_plot_arguments_input_validation"/>
    <testcase time="0.0139999999999993" classname="tm_g_spiderplot" name="tm_g_spiderplot_argument_verification_Forcing_Conversion_from_multiple_picks_to_single"/>
    <testcase time="0.00700000000000145" classname="tm_g_spiderplot" name="tm_g_spiderplot_argument_verification_Forcing_Conversion_from_multiple_picks_to_single"/>
    <testcase time="0.596999999999998" classname="tm_g_spiderplot" name="tm_g_spiderplot_module_creation_creates_a_teal_module_using_choices_selected_default_method_"/>
    <testcase time="0.00900000000000034" classname="tm_g_spiderplot" name="tm_g_spiderplot_module_creation_creates_a_teal_module_using_picks_.pick_method_"/>
    <testcase time="2.256" classname="tm_g_spiderplot" name="tm_g_spiderplot_module_creation_module_using_choices_selected_works"/>
    <testcase time="0.0579999999999998" classname="tm_g_spiderplot" name="tm_g_spiderplot_module_creation_module_using_choices_selected_works"/>
    <testcase time="2.264" classname="tm_g_spiderplot" name="tm_g_spiderplot_module_creation_module_using_picks_works"/>
    <testcase time="0.0600000000000023" classname="tm_g_spiderplot" name="tm_g_spiderplot_module_creation_module_using_picks_works"/>
  </testsuite>
  <testsuite name="tm_g_swimlane" timestamp="2026-07-31T09:19:25Z" hostname="25a32810476b" tests="12" skipped="0" failures="0" errors="0" time="5.653">
    <testcase time="0.0210000000000008" classname="tm_g_swimlane" name="tm_swimlane_input_validation_plot_arguments_input_validation"/>
    <testcase time="0.00899999999999679" classname="tm_g_swimlane" name="tm_swimlane_input_validation_plot_arguments_input_validation"/>
    <testcase time="0.00800000000000267" classname="tm_g_swimlane" name="tm_swimlane_input_validation_fails_bar_var_is_not_the_expected_class"/>
    <testcase time="0.00999999999999801" classname="tm_g_swimlane" name="tm_g_swimlane_module_creation_is_correctly_created_using_teal.picks"/>
    <testcase time="0.00200000000000244" classname="tm_g_swimlane" name="tm_g_swimlane_module_creation_is_correctly_created_using_teal.picks"/>
    <testcase time="0.0159999999999982" classname="tm_g_swimlane" name="tm_g_swimlane_module_creation_accepts_optionally_NULL_argument_as_module_argument"/>
    <testcase time="0.00199999999999889" classname="tm_g_swimlane" name="tm_g_swimlane_module_creation_accepts_optionally_NULL_argument_as_module_argument"/>
    <testcase time="0.0670000000000002" classname="tm_g_swimlane" name="tm_g_swimlane_module_creation_is_correctly_created_using_choices_selected"/>
    <testcase time="0.00200000000000244" classname="tm_g_swimlane" name="tm_g_swimlane_module_creation_is_correctly_created_using_choices_selected"/>
    <testcase time="1.769" classname="tm_g_swimlane" name="tm_g_swimlane_module_creation_works_using_teal.picks"/>
    <testcase time="2.094" classname="tm_g_swimlane" name="tm_g_swimlane_module_creation_works_with_optionally_NULL_argument_as_module_argument"/>
    <testcase time="1.653" classname="tm_g_swimlane" name="tm_g_swimlane_module_creation_works_using_choices_selected"/>
  </testsuite>
  <testsuite name="tm_g_waterfall" timestamp="2026-07-31T09:19:31Z" hostname="25a32810476b" tests="8" skipped="0" failures="0" errors="0" time="8.102">
    <testcase time="0.0779999999999959" classname="tm_g_waterfall" name="tm_g_waterfall_argument_verification_plot_arguments_input_validation"/>
    <testcase time="0.00600000000000023" classname="tm_g_waterfall" name="tm_g_waterfall_argument_verification_plot_arguments_input_validation"/>
    <testcase time="0.128999999999998" classname="tm_g_waterfall" name="tm_g_waterfall_argument_verification_Forcing_Conversion_from_multiple_picks_to_single"/>
    <testcase time="0.0100000000000051" classname="tm_g_waterfall" name="tm_g_waterfall_argument_verification_Forcing_Conversion_from_multiple_picks_to_single"/>
    <testcase time="0.0189999999999984" classname="tm_g_waterfall" name="tm_g_waterfall_module_creation_creates_a_teal_module_using_choices_selected_deprecated_option_"/>
    <testcase time="0.0180000000000007" classname="tm_g_waterfall" name="tm_g_waterfall_module_creation_creates_a_teal_module_using_picks"/>
    <testcase time="6.13" classname="tm_g_waterfall" name="tm_g_waterfall_module_creation_works_using_choices_selected_deprecated_option_"/>
    <testcase time="1.712" classname="tm_g_waterfall" name="tm_g_waterfall_module_creation_works_using_picks"/>
  </testsuite>
  <testsuite name="utils" timestamp="2026-07-31T09:19:39Z" hostname="25a32810476b" tests="13" skipped="0" failures="0" errors="0" time="0.119">
    <testcase time="0.0910000000000011" classname="utils" name="as_numeric_from_comma_sep_str_converts_comma_sep_string_into_numeric_vector"/>
    <testcase time="0.000999999999997669" classname="utils" name="as_numeric_from_comma_sep_str_converts_comma_sep_string_into_numeric_vector"/>
    <testcase time="0.00400000000000489" classname="utils" name="as_numeric_from_comma_sep_str_throws_warning_if_any_entries_are_not_numeric_and_converts_those_to_NAs"/>
    <testcase time="0.00199999999999534" classname="utils" name="as_numeric_from_comma_sep_str_throws_warning_if_any_entries_are_not_numeric_and_converts_those_to_NAs"/>
    <testcase time="0.00100000000000477" classname="utils" name="as_numeric_from_comma_sep_str_throws_warning_if_any_entries_are_not_numeric_and_converts_those_to_NAs"/>
    <testcase time="0.00199999999999534" classname="utils" name="as_numeric_from_comma_sep_str_throws_warning_if_any_entries_are_not_numeric_and_converts_those_to_NAs"/>
    <testcase time="0.00200000000000244" classname="utils" name="as_numeric_from_comma_sep_str_throws_warning_if_any_entries_are_not_numeric_and_converts_those_to_NAs"/>
    <testcase time="0.000999999999997669" classname="utils" name="as_numeric_from_comma_sep_str_throws_warning_if_any_entries_are_not_numeric_and_converts_those_to_NAs"/>
    <testcase time="0.00500000000000256" classname="utils" name="as_numeric_from_comma_sep_str_returns_NULL_if_input_is_NULL_or_whitespace"/>
    <testcase time="0.00199999999999534" classname="utils" name="as_numeric_from_comma_sep_str_returns_NULL_if_input_is_NULL_or_whitespace"/>
    <testcase time="0.00300000000000011" classname="utils" name="as_numeric_from_comma_sep_str_returns_NULL_if_input_is_NULL_or_whitespace"/>
    <testcase time="0.00400000000000489" classname="utils" name="as_numeric_from_comma_sep_str_ignores_empty_values_at_end_of_string"/>
    <testcase time="0.000999999999997669" classname="utils" name="as_numeric_from_comma_sep_str_ignores_empty_values_at_end_of_string"/>
  </testsuite>
</testsuites>
