<?xml version="1.0" encoding="UTF-8"?>
<testsuites>
  <testsuite name="shinytest2-tm_g_events_term_id" timestamp="2026-08-19T09:59:20Z" hostname="6d930868b625" tests="5" skipped="5" failures="0" errors="0" time="0.159">
    <testcase time="0.0289999999999999" classname="shinytest2_tm_g_events_term_id" name="e2e_tm_g_events_term_id_initializes_and_renders_a_plot">
      <skipped message="Reason: testing depth 3 is below current testing specification 5 ('test-shinytest2-tm_g_events_term_id.R:34:3')"/>
    </testcase>
    <testcase time="0.0580000000000001" classname="shinytest2_tm_g_events_term_id" name="e2e_tm_g_events_term_id_starts_with_expected_label_and_encoding_selections.">
      <skipped message="Reason: testing depth 3 is below current testing specification 5 ('test-shinytest2-tm_g_events_term_id.R:54:5')"/>
    </testcase>
    <testcase time="0.046" classname="shinytest2_tm_g_events_term_id" name="e2e_tm_g_events_term_id_changing_term_var_changes_the_plot_and_does_not_throw_validation_errors.">
      <skipped message="Reason: testing depth 3 is below current testing specification 5 ('test-shinytest2-tm_g_events_term_id.R:80:5')"/>
    </testcase>
    <testcase time="0.0130000000000001" classname="shinytest2_tm_g_events_term_id" name="e2e_tm_g_events_term_id_deselection_of_term_var_throws_validation_error.">
      <skipped message="Reason: testing depth 3 is below current testing specification 5 ('test-shinytest2-tm_g_events_term_id.R:97:3')"/>
    </testcase>
    <testcase time="0.0129999999999999" classname="shinytest2_tm_g_events_term_id" name="e2e_tm_g_events_term_id_sort_updates_title">
      <skipped message="Reason: testing depth 3 is below current testing specification 5 ('test-shinytest2-tm_g_events_term_id.R:107:3')"/>
    </testcase>
  </testsuite>
  <testsuite name="tm_g_ae_oview" timestamp="2026-08-19T09:59:20Z" hostname="6d930868b625" tests="9" skipped="0" failures="0" errors="0" time="5.685">
    <testcase time="0.0740000000000001" classname="tm_g_ae_oview" name="tm_g_ae_oview_argument_verification_fails_when_arm_var_is_neither_picks_or_choices_selected"/>
    <testcase time="0.0309999999999999" classname="tm_g_ae_oview" name="tm_g_ae_oview_argument_verification_fails_when_flag_var_anl_is_neiter_picks_or_choices_selected">
      <system-out>`arm_var` was deprecated in teal.osprey 0.5.0.
ℹ Pass `teal.picks::variables()` (or a full `teal.picks::picks()` chain).
  Support for legacy `teal.transform::choices_selected()`, `filter_spec`, and
  `select_spec` is deprecated.
Backtrace:
    ▆
 1. ├─testthat::expect_error(...) at test-tm_g_ae_oview.R:35:5
 2. │ └─testthat:::quasi_capture(...)
 3. │   ├─testthat (local) .capture(...)
 4. │   │ └─base::withCallingHandlers(...)
 5. │   └─rlang::eval_bare(quo_get_expr(.quo), quo_get_env(.quo))
 6. └─teal.osprey::tm_g_ae_oview(...)
 7.   └─teal.osprey:::migrate_choices_selected_to_variables(arm_var)</system-out>
    </testcase>
    <testcase time="0.0149999999999999" classname="tm_g_ae_oview" name="tm_g_ae_oview_argument_verification_fails_when_flag_var_anl_is_neiter_picks_or_choices_selected"/>
    <testcase time="0.241" classname="tm_g_ae_oview" name="tm_g_ae_oview_module_creation_creates_a_teal_module_using_choices_selected">
      <system-out>`flag_var_anl` was deprecated in teal.osprey 0.5.0.
ℹ Pass `teal.picks::variables()` (or a full `teal.picks::picks()` chain).
  Support for legacy `teal.transform::choices_selected()`, `filter_spec`, and
  `select_spec` is deprecated.
Backtrace:
    ▆
 1. ├─base::suppressWarnings(...) at test-tm_g_ae_oview.R:78:5
 2. │ └─base::withCallingHandlers(...)
 3. └─teal.osprey::tm_g_ae_oview(...)
 4.   └─teal.osprey:::migrate_choices_selected_to_variables(flag_var_anl)</system-out>
    </testcase>
    <testcase time="0.012" classname="tm_g_ae_oview" name="tm_g_ae_oview_module_creation_creates_a_teal_module_using_choices_selected"/>
    <testcase time="0.00599999999999978" classname="tm_g_ae_oview" name="tm_g_ae_oview_module_creation_creates_a_teal_module_using_picks"/>
    <testcase time="2.72" classname="tm_g_ae_oview" name="tm_g_ae_oview_module_creation_creates_a_teal_module_using_choices_selected"/>
    <testcase time="1.556" classname="tm_g_ae_oview" name="tm_g_ae_oview_module_creation_creates_a_teal_module_using_picks"/>
    <testcase time="1.03" classname="tm_g_ae_oview" name="tm_g_ae_oview_module_creation_creates_a_module_using_only_default_arguments"/>
  </testsuite>
  <testsuite name="tm_g_ae_sub" timestamp="2026-08-19T09:59:26Z" hostname="6d930868b625" tests="7" skipped="0" failures="0" errors="0" time="2.28">
    <testcase time="0.0779999999999994" classname="tm_g_ae_sub" name="tm_g_ae_sub_input_validation_plot_arguments_input_validation">
      <system-out>`group_var` was deprecated in teal.osprey 0.5.0.
ℹ Pass `teal.picks::variables()` (or a full `teal.picks::picks()` chain).
  Support for legacy `teal.transform::choices_selected()`, `filter_spec`, and
  `select_spec` is deprecated.
Backtrace:
    ▆
 1. ├─testthat::expect_error(...) at test-tm_g_ae_sub.R:13:5
 2. │ └─testthat:::quasi_capture(...)
 3. │   ├─testthat (local) .capture(...)
 4. │   │ └─base::withCallingHandlers(...)
 5. │   └─rlang::eval_bare(quo_get_expr(.quo), quo_get_env(.quo))
 6. ├─base::suppressWarnings(...) at test-tm_g_ae_sub.R:15:9
 7. │ └─base::withCallingHandlers(...)
 8. └─teal.osprey::tm_g_ae_sub(...)
 9.   └─teal.osprey:::migrate_choices_selected_to_variables(group_var)</system-out>
    </testcase>
    <testcase time="0.0170000000000003" classname="tm_g_ae_sub" name="tm_g_ae_sub_input_validation_plot_arguments_input_validation"/>
    <testcase time="0.00900000000000034" classname="tm_g_ae_sub" name="tm_g_ae_sub_input_validation_plot_arguments_input_validation"/>
    <testcase time="0.0110000000000001" classname="tm_g_ae_sub" name="tm_g_ae_sub_module_creation_creates_a_teal_module_using_choices_selected"/>
    <testcase time="0.00699999999999967" classname="tm_g_ae_sub" name="tm_g_ae_sub_module_creation_creates_a_teal_module_using_picks"/>
    <testcase time="1.061" classname="tm_g_ae_sub" name="tm_g_ae_sub_module_creation_using_choices_selected_works"/>
    <testcase time="1.097" classname="tm_g_ae_sub" name="tm_g_ae_sub_module_creation_using_picks_works"/>
  </testsuite>
  <testsuite name="tm_g_butterfly" timestamp="2026-08-19T09:59:28Z" hostname="6d930868b625" tests="9" skipped="0" failures="0" errors="0" time="5.428">
    <testcase time="0.119999999999999" classname="tm_g_butterfly" name="tm_g_butterfly_input_validation_plot_arguments_input_validation"/>
    <testcase time="0.0129999999999999" classname="tm_g_butterfly" name="tm_g_butterfly_input_validation_plot_arguments_input_validation"/>
    <testcase time="0.00999999999999979" classname="tm_g_butterfly" name="tm_g_butterfly_input_validation_Forcing_Conversion_from_multiple_picks_to_single"/>
    <testcase time="0.00700000000000145" classname="tm_g_butterfly" name="tm_g_butterfly_input_validation_Forcing_Conversion_from_multiple_picks_to_single"/>
    <testcase time="0.0139999999999993" classname="tm_g_butterfly" name="tm_g_butterfly_module_creation_creates_a_teal_module_using_choices_selected"/>
    <testcase time="0.00799999999999912" classname="tm_g_butterfly" name="tm_g_butterfly_module_creation_creates_a_teal_module_using_picks"/>
    <testcase time="1.62" classname="tm_g_butterfly" name="tm_g_butterfly_module_creation_works_with_choices_selected"/>
    <testcase time="1.835" classname="tm_g_butterfly" name="tm_g_butterfly_module_creation_works_with_picks"/>
    <testcase time="1.801" classname="tm_g_butterfly" name="tm_g_butterfly_module_creation_works_with_default_arguments"/>
  </testsuite>
  <testsuite name="tm_g_decorate" timestamp="2026-08-19T09:59:34Z" hostname="6d930868b625" tests="5" skipped="0" failures="0" errors="0" time="0.185">
    <testcase time="0.177999999999999" classname="tm_g_decorate" name="srv_g_decorate_creation_srv_g_decorate_returns"/>
    <testcase time="0.00100000000000122" classname="tm_g_decorate" name="srv_g_decorate_creation_srv_g_decorate_returns"/>
    <testcase time="0.00199999999999889" classname="tm_g_decorate" name="srv_g_decorate_creation_srv_g_decorate_returns"/>
    <testcase time="0.00300000000000011" classname="tm_g_decorate" name="srv_g_decorate_creation_srv_g_decorate_returns"/>
    <testcase time="0.000999999999999446" classname="tm_g_decorate" name="srv_g_decorate_creation_srv_g_decorate_returns"/>
  </testsuite>
  <testsuite name="tm_g_events_term_id" timestamp="2026-08-19T09:59:34Z" hostname="6d930868b625" tests="11" skipped="0" failures="0" errors="0" time="3.227">
    <testcase time="0.0350000000000001" classname="tm_g_events_term_id" name="tm_g_events_term_id_module_creation_using_choices_selected"/>
    <testcase time="0.00200000000000067" classname="tm_g_events_term_id" name="tm_g_events_term_id_module_creation_using_choices_selected"/>
    <testcase time="0.00200000000000067" classname="tm_g_events_term_id" name="tm_g_events_term_id_module_creation_using_choices_selected"/>
    <testcase time="0.00699999999999967" classname="tm_g_events_term_id" name="tm_g_events_term_id_module_creation_using_picks"/>
    <testcase time="0.000999999999999446" classname="tm_g_events_term_id" name="tm_g_events_term_id_module_creation_using_picks"/>
    <testcase time="0.00200000000000067" classname="tm_g_events_term_id" name="tm_g_events_term_id_module_creation_using_picks"/>
    <testcase time="1.002" classname="tm_g_events_term_id" name="tm_g_events_term_id_module_creation_using_choices_selected_works"/>
    <testcase time="0.977" classname="tm_g_events_term_id" name="tm_g_events_term_id_module_creation_using_picks_works"/>
    <testcase time="1.147" classname="tm_g_events_term_id" name="tm_g_events_term_id_module_creation_using_default_arguments_works"/>
    <testcase time="0.0489999999999995" classname="tm_g_events_term_id" name="tm_g_events_term_id_coerces_multiple_variable_selection"/>
    <testcase time="0.00300000000000011" classname="tm_g_events_term_id" name="tm_g_events_term_id_coerces_multiple_variable_selection"/>
  </testsuite>
  <testsuite name="tm_g_heat_bygrade" timestamp="2026-08-19T09:59:38Z" hostname="6d930868b625" tests="13" skipped="0" failures="0" errors="0" time="5.236">
    <testcase time="0.576000000000001" classname="tm_g_heat_bygrade" name="tm_g_heat_bygrade_argument_verification_plot_arguments_input_validation"/>
    <testcase time="0.0139999999999993" classname="tm_g_heat_bygrade" name="tm_g_heat_bygrade_argument_verification_plot_arguments_input_validation"/>
    <testcase time="0.0150000000000006" classname="tm_g_heat_bygrade" name="tm_g_heat_bygrade_module_creation_creates_a_teal_module_using_choices_selected"/>
    <testcase time="0.0349999999999966" classname="tm_g_heat_bygrade" name="tm_g_heat_bygrade_module_creation_creates_a_teal_module_using_choices_selected_with_conmed"/>
    <testcase time="0.00900000000000034" classname="tm_g_heat_bygrade" name="tm_g_heat_bygrade_module_creation_creates_a_teal_module_using_picks"/>
    <testcase time="0.0100000000000016" classname="tm_g_heat_bygrade" name="tm_g_heat_bygrade_module_creation_creates_a_teal_module_using_picks_with_conmed"/>
    <testcase time="1.355" classname="tm_g_heat_bygrade" name="tm_g_heat_bygrade_module_creation_works_with_choices_selected"/>
    <testcase time="1.399" classname="tm_g_heat_bygrade" name="tm_g_heat_bygrade_module_creation_works_with_choices_selected_with_conmed"/>
    <testcase time="0.863" classname="tm_g_heat_bygrade" name="tm_g_heat_bygrade_module_creation_works_with_picks"/>
    <testcase time="0.907" classname="tm_g_heat_bygrade" name="tm_g_heat_bygrade_module_creation_works_with_picks_with_conmed"/>
    <testcase time="0.0479999999999983" classname="tm_g_heat_bygrade" name="tm_g_heat_bygrade_module_creation_Throws_warning_when_converting_anno_var_to_multiple"/>
    <testcase time="0.00200000000000244" classname="tm_g_heat_bygrade" name="tm_g_heat_bygrade_module_creation_Throws_warning_when_converting_anno_var_to_multiple"/>
    <testcase time="0.00299999999999656" classname="tm_g_heat_bygrade" name="tm_g_heat_bygrade_module_creation_Throws_warning_when_converting_anno_var_to_multiple"/>
  </testsuite>
  <testsuite name="tm_g_patient_profile" timestamp="2026-08-19T09:59:42Z" hostname="6d930868b625" tests="11" skipped="0" failures="0" errors="0" time="4.002">
    <testcase time="0.0420000000000016" classname="tm_g_patient_profile" name="tm_g_patient_profile_input_validation_plot_arguments_input_validation"/>
    <testcase time="0.0100000000000016" classname="tm_g_patient_profile" name="tm_g_patient_profile_input_validation_plot_arguments_input_validation"/>
    <testcase time="0.00900000000000034" classname="tm_g_patient_profile" name="tm_g_patient_profile_input_validation_Forcing_conversion_from_multiple_picks_to_single"/>
    <testcase time="0.00700000000000145" classname="tm_g_patient_profile" name="tm_g_patient_profile_input_validation_Forcing_conversion_from_multiple_picks_to_single"/>
    <testcase time="0.0139999999999993" classname="tm_g_patient_profile" name="tm_g_patient_profile_module_creation_fails_without_datanames"/>
    <testcase time="0.0210000000000008" classname="tm_g_patient_profile" name="tm_g_patient_profile_module_creation_creates_a_teal_module_using_choices_selected"/>
    <testcase time="0.0069999999999979" classname="tm_g_patient_profile" name="tm_g_patient_profile_module_creation_creates_a_teal_module_using_teal.picks_variables"/>
    <testcase time="2.171" classname="tm_g_patient_profile" name="tm_g_patient_profile_module_works_using_choices_selected"/>
    <testcase time="0.0470000000000006" classname="tm_g_patient_profile" name="tm_g_patient_profile_module_works_using_choices_selected"/>
    <testcase time="1.627" classname="tm_g_patient_profile" name="tm_g_patient_profile_module_works_using_teal.picks"/>
    <testcase time="0.046999999999997" classname="tm_g_patient_profile" name="tm_g_patient_profile_module_works_using_teal.picks"/>
  </testsuite>
  <testsuite name="tm_g_spiderplot" timestamp="2026-08-19T09:59:46Z" hostname="6d930868b625" tests="11" skipped="0" failures="0" errors="0" time="8.422">
    <testcase time="0.115000000000002" classname="tm_g_spiderplot" name="tm_g_spiderplot_argument_verification_plot_arguments_input_validation"/>
    <testcase time="0.0159999999999982" classname="tm_g_spiderplot" name="tm_g_spiderplot_argument_verification_plot_arguments_input_validation"/>
    <testcase time="0.0140000000000029" classname="tm_g_spiderplot" name="tm_g_spiderplot_argument_verification_Forcing_Conversion_from_multiple_picks_to_single"/>
    <testcase time="0.00799999999999912" classname="tm_g_spiderplot" name="tm_g_spiderplot_argument_verification_Forcing_Conversion_from_multiple_picks_to_single"/>
    <testcase time="0.0159999999999982" classname="tm_g_spiderplot" name="tm_g_spiderplot_module_creation_creates_a_teal_module_using_choices_selected_default_method_"/>
    <testcase time="0.00900000000000034" classname="tm_g_spiderplot" name="tm_g_spiderplot_module_creation_creates_a_teal_module_using_picks_.pick_method_"/>
    <testcase time="2.798" classname="tm_g_spiderplot" name="tm_g_spiderplot_module_creation_module_using_choices_selected_works"/>
    <testcase time="0.0839999999999996" classname="tm_g_spiderplot" name="tm_g_spiderplot_module_creation_module_using_choices_selected_works"/>
    <testcase time="2.89" classname="tm_g_spiderplot" name="tm_g_spiderplot_module_creation_module_using_picks_works"/>
    <testcase time="0.0820000000000007" classname="tm_g_spiderplot" name="tm_g_spiderplot_module_creation_module_using_picks_works"/>
    <testcase time="2.39" classname="tm_g_spiderplot" name="tm_g_spiderplot_module_creation_module_using_default_arguments_works"/>
  </testsuite>
  <testsuite name="tm_g_swimlane" timestamp="2026-08-19T09:59:55Z" hostname="6d930868b625" tests="13" skipped="0" failures="0" errors="0" time="7.546">
    <testcase time="0.0989999999999966" classname="tm_g_swimlane" name="tm_swimlane_input_validation_plot_arguments_input_validation"/>
    <testcase time="0.0110000000000028" classname="tm_g_swimlane" name="tm_swimlane_input_validation_plot_arguments_input_validation"/>
    <testcase time="0.00900000000000034" classname="tm_g_swimlane" name="tm_swimlane_input_validation_fails_bar_var_is_not_the_expected_class"/>
    <testcase time="0.0109999999999957" classname="tm_g_swimlane" name="tm_g_swimlane_module_creation_is_correctly_created_using_teal.picks"/>
    <testcase time="0.00199999999999534" classname="tm_g_swimlane" name="tm_g_swimlane_module_creation_is_correctly_created_using_teal.picks"/>
    <testcase time="0.00800000000000267" classname="tm_g_swimlane" name="tm_g_swimlane_module_creation_accepts_optionally_NULL_argument_as_module_argument"/>
    <testcase time="0.000999999999997669" classname="tm_g_swimlane" name="tm_g_swimlane_module_creation_accepts_optionally_NULL_argument_as_module_argument"/>
    <testcase time="0.117000000000004" classname="tm_g_swimlane" name="tm_g_swimlane_module_creation_is_correctly_created_using_choices_selected"/>
    <testcase time="0.000999999999997669" classname="tm_g_swimlane" name="tm_g_swimlane_module_creation_is_correctly_created_using_choices_selected"/>
    <testcase time="2.475" classname="tm_g_swimlane" name="tm_g_swimlane_module_creation_works_using_teal.picks"/>
    <testcase time="1.119" classname="tm_g_swimlane" name="tm_g_swimlane_module_creation_works_using_default_arguments"/>
    <testcase time="1.711" classname="tm_g_swimlane" name="tm_g_swimlane_module_creation_works_with_optionally_NULL_argument_as_module_argument"/>
    <testcase time="1.982" classname="tm_g_swimlane" name="tm_g_swimlane_module_creation_works_using_choices_selected"/>
  </testsuite>
  <testsuite name="tm_g_waterfall" timestamp="2026-08-19T10:00:02Z" hostname="6d930868b625" tests="9" skipped="0" failures="0" errors="0" time="12.006">
    <testcase time="0.0910000000000011" classname="tm_g_waterfall" name="tm_g_waterfall_argument_verification_plot_arguments_input_validation"/>
    <testcase time="0.0069999999999979" classname="tm_g_waterfall" name="tm_g_waterfall_argument_verification_plot_arguments_input_validation"/>
    <testcase time="0.160000000000004" classname="tm_g_waterfall" name="tm_g_waterfall_argument_verification_Forcing_Conversion_from_multiple_picks_to_single"/>
    <testcase time="0.0129999999999981" classname="tm_g_waterfall" name="tm_g_waterfall_argument_verification_Forcing_Conversion_from_multiple_picks_to_single"/>
    <testcase time="0.0219999999999985" classname="tm_g_waterfall" name="tm_g_waterfall_module_creation_creates_a_teal_module_using_choices_selected_deprecated_option_"/>
    <testcase time="0.0140000000000029" classname="tm_g_waterfall" name="tm_g_waterfall_module_creation_creates_a_teal_module_using_picks"/>
    <testcase time="6.935" classname="tm_g_waterfall" name="tm_g_waterfall_module_creation_works_using_choices_selected_deprecated_option_"/>
    <testcase time="2.537" classname="tm_g_waterfall" name="tm_g_waterfall_module_creation_works_using_picks"/>
    <testcase time="2.227" classname="tm_g_waterfall" name="tm_g_waterfall_module_creation_works_using_default_arguments"/>
  </testsuite>
  <testsuite name="utils" timestamp="2026-08-19T10:00:14Z" hostname="6d930868b625" tests="13" skipped="0" failures="0" errors="0" time="0.146">
    <testcase time="0.116" classname="utils" name="as_numeric_from_comma_sep_str_converts_comma_sep_string_into_numeric_vector"/>
    <testcase time="0.00200000000000244" classname="utils" name="as_numeric_from_comma_sep_str_converts_comma_sep_string_into_numeric_vector"/>
    <testcase time="0.00399999999999778" classname="utils" name="as_numeric_from_comma_sep_str_throws_warning_if_any_entries_are_not_numeric_and_converts_those_to_NAs"/>
    <testcase time="0.000999999999997669" classname="utils" name="as_numeric_from_comma_sep_str_throws_warning_if_any_entries_are_not_numeric_and_converts_those_to_NAs"/>
    <testcase time="0.00200000000000244" classname="utils" name="as_numeric_from_comma_sep_str_throws_warning_if_any_entries_are_not_numeric_and_converts_those_to_NAs"/>
    <testcase time="0.00200000000000244" classname="utils" name="as_numeric_from_comma_sep_str_throws_warning_if_any_entries_are_not_numeric_and_converts_those_to_NAs"/>
    <testcase time="0.000999999999997669" classname="utils" name="as_numeric_from_comma_sep_str_throws_warning_if_any_entries_are_not_numeric_and_converts_those_to_NAs"/>
    <testcase time="0.00200000000000244" classname="utils" name="as_numeric_from_comma_sep_str_throws_warning_if_any_entries_are_not_numeric_and_converts_those_to_NAs"/>
    <testcase time="0.00499999999999545" classname="utils" name="as_numeric_from_comma_sep_str_returns_NULL_if_input_is_NULL_or_whitespace"/>
    <testcase time="0.00300000000000011" classname="utils" name="as_numeric_from_comma_sep_str_returns_NULL_if_input_is_NULL_or_whitespace"/>
    <testcase time="0.00200000000000244" classname="utils" name="as_numeric_from_comma_sep_str_returns_NULL_if_input_is_NULL_or_whitespace"/>
    <testcase time="0.00399999999999778" classname="utils" name="as_numeric_from_comma_sep_str_ignores_empty_values_at_end_of_string"/>
    <testcase time="0.00200000000000244" classname="utils" name="as_numeric_from_comma_sep_str_ignores_empty_values_at_end_of_string"/>
  </testsuite>
</testsuites>
