<?xml version="1.0" encoding="UTF-8"?>
<testsuites>
  <testsuite name="tm_g_butterfly" timestamp="2026-03-20T09:12:19Z" hostname="6fafcc9d4f4b" tests="8" skipped="0" failures="0" errors="0" time="0.139">
    <testcase time="0.024" classname="tm_g_butterfly" name="tm_g_butterfly_argument_verification_fails_when_right_var_is_picks_but_left_var_is_choices_selected"/>
    <testcase time="0.032" classname="tm_g_butterfly" name="tm_g_butterfly_argument_verification_fails_when_right_var_is_choices_selected_but_left_var_is_picks"/>
    <testcase time="0.0309999999999999" classname="tm_g_butterfly" name="tm_g_butterfly_module_creation_creates_a_teal_module_using_choices_selected_default_method_">
      <system-out>variables has eager choices (character) while datasets has dynamic choices. It is not guaranteed that explicitly defined choices will be a subset of data selected in a previous element.
Backtrace:
    ▆
 1. ├─teal.osprey::tm_g_butterfly(...) at test-tm_g_butterfly.R:81:5
 2. └─teal.osprey:::tm_g_butterfly.default(...)
 3.   └─teal.osprey:::tm_g_butterfly.pick(...)
 4.     └─teal.picks::picks(teal.picks::datasets(dataname), right_var)</system-out>
    </testcase>
    <testcase time="0.014" classname="tm_g_butterfly" name="tm_g_butterfly_module_creation_creates_a_teal_module_using_choices_selected_default_method_">
      <system-out>variables has eager choices (character) while datasets has dynamic choices. It is not guaranteed that explicitly defined choices will be a subset of data selected in a previous element.
Backtrace:
    ▆
 1. ├─teal.osprey::tm_g_butterfly(...) at test-tm_g_butterfly.R:81:5
 2. └─teal.osprey:::tm_g_butterfly.default(...)
 3.   └─teal.osprey:::tm_g_butterfly.pick(...)
 4.     └─teal.picks::picks(teal.picks::datasets(dataname), left_var)</system-out>
    </testcase>
    <testcase time="0.0109999999999999" classname="tm_g_butterfly" name="tm_g_butterfly_module_creation_creates_a_teal_module_using_choices_selected_default_method_">
      <system-out>variables has eager choices (character) while datasets has dynamic choices. It is not guaranteed that explicitly defined choices will be a subset of data selected in a previous element.
Backtrace:
    ▆
 1. ├─teal.osprey::tm_g_butterfly(...) at test-tm_g_butterfly.R:81:5
 2. └─teal.osprey:::tm_g_butterfly.default(...)
 3.   └─teal.osprey:::tm_g_butterfly.pick(...)
 4.     └─teal.picks::picks(teal.picks::datasets(dataname), category_var)</system-out>
    </testcase>
    <testcase time="0.0110000000000001" classname="tm_g_butterfly" name="tm_g_butterfly_module_creation_creates_a_teal_module_using_choices_selected_default_method_">
      <system-out>variables has eager choices (character) while datasets has dynamic choices. It is not guaranteed that explicitly defined choices will be a subset of data selected in a previous element.
Backtrace:
    ▆
 1. ├─teal.osprey::tm_g_butterfly(...) at test-tm_g_butterfly.R:81:5
 2. └─teal.osprey:::tm_g_butterfly.default(...)
 3.   └─teal.osprey:::tm_g_butterfly.pick(...)
 4.     └─teal.picks::picks(teal.picks::datasets(dataname), color_by_var)</system-out>
    </testcase>
    <testcase time="0.0089999999999999" classname="tm_g_butterfly" name="tm_g_butterfly_module_creation_creates_a_teal_module_using_choices_selected_default_method_"/>
    <testcase time="0.00700000000000012" classname="tm_g_butterfly" name="tm_g_butterfly_module_creation_creates_a_teal_module_using_picks_.pick_method_"/>
  </testsuite>
  <testsuite name="utils" timestamp="2026-03-20T09:12:19Z" hostname="6fafcc9d4f4b" tests="13" skipped="0" failures="0" errors="0" time="0.051">
    <testcase time="0.0189999999999999" classname="utils" name="as_numeric_from_comma_sep_str_converts_comma_sep_string_into_numeric_vector"/>
    <testcase time="0.002" classname="utils" name="as_numeric_from_comma_sep_str_converts_comma_sep_string_into_numeric_vector"/>
    <testcase time="0.00700000000000012" classname="utils" name="as_numeric_from_comma_sep_str_throws_warning_if_any_entries_are_not_numeric_and_converts_those_to_NAs"/>
    <testcase time="0.002" classname="utils" name="as_numeric_from_comma_sep_str_throws_warning_if_any_entries_are_not_numeric_and_converts_those_to_NAs"/>
    <testcase time="0.00099999999999989" classname="utils" name="as_numeric_from_comma_sep_str_throws_warning_if_any_entries_are_not_numeric_and_converts_those_to_NAs"/>
    <testcase time="0.002" classname="utils" name="as_numeric_from_comma_sep_str_throws_warning_if_any_entries_are_not_numeric_and_converts_those_to_NAs"/>
    <testcase time="0.00100000000000011" classname="utils" name="as_numeric_from_comma_sep_str_throws_warning_if_any_entries_are_not_numeric_and_converts_those_to_NAs"/>
    <testcase time="0.002" classname="utils" name="as_numeric_from_comma_sep_str_throws_warning_if_any_entries_are_not_numeric_and_converts_those_to_NAs"/>
    <testcase time="0.00499999999999989" classname="utils" name="as_numeric_from_comma_sep_str_returns_NULL_if_input_is_NULL_or_whitespace"/>
    <testcase time="0.00300000000000011" classname="utils" name="as_numeric_from_comma_sep_str_returns_NULL_if_input_is_NULL_or_whitespace"/>
    <testcase time="0.002" classname="utils" name="as_numeric_from_comma_sep_str_returns_NULL_if_input_is_NULL_or_whitespace"/>
    <testcase time="0.004" classname="utils" name="as_numeric_from_comma_sep_str_ignores_empty_values_at_end_of_string"/>
    <testcase time="0.00099999999999989" classname="utils" name="as_numeric_from_comma_sep_str_ignores_empty_values_at_end_of_string"/>
  </testsuite>
</testsuites>
