<?xml version="1.0" encoding="UTF-8"?>
<testsuites>
  <testsuite name="shinytest2-tm_g_events_term_id" timestamp="2026-07-27T09:13:58Z" hostname="3162360f767f" tests="5" skipped="5" failures="0" errors="0" time="0.149">
    <testcase time="0.0230000000000001" classname="shinytest2_tm_g_events_term_id" name="e2e_tm_g_events_term_id_initializes_and_renders_a_plot">
      <skipped message="Reason: testing depth 3 is below current testing specification 5 ('test-shinytest2-tm_g_events_term_id.R:34:3')"/>
    </testcase>
    <testcase time="0.042" classname="shinytest2_tm_g_events_term_id" name="e2e_tm_g_events_term_id_starts_with_expected_label_and_encoding_selections.">
      <skipped message="Reason: testing depth 3 is below current testing specification 5 ('test-shinytest2-tm_g_events_term_id.R:54:5')"/>
    </testcase>
    <testcase time="0.0649999999999999" classname="shinytest2_tm_g_events_term_id" name="e2e_tm_g_events_term_id_changing_term_var_changes_the_plot_and_does_not_throw_validation_errors.">
      <skipped message="Reason: testing depth 3 is below current testing specification 5 ('test-shinytest2-tm_g_events_term_id.R:80:5')"/>
    </testcase>
    <testcase time="0.01" classname="shinytest2_tm_g_events_term_id" name="e2e_tm_g_events_term_id_deselection_of_term_var_throws_validation_error.">
      <skipped message="Reason: testing depth 3 is below current testing specification 5 ('test-shinytest2-tm_g_events_term_id.R:97:3')"/>
    </testcase>
    <testcase time="0.0089999999999999" classname="shinytest2_tm_g_events_term_id" name="e2e_tm_g_events_term_id_sort_updates_title">
      <skipped message="Reason: testing depth 3 is below current testing specification 5 ('test-shinytest2-tm_g_events_term_id.R:107:3')"/>
    </testcase>
  </testsuite>
  <testsuite name="tm_g_ae_oview" timestamp="2026-07-27T09:13:58Z" hostname="3162360f767f" tests="13" skipped="0" failures="0" errors="0" time="3.689">
    <testcase time="0.03" classname="tm_g_ae_oview" name="tm_g_ae_oview_argument_verification_fails_when_arm_var_is_neither_picks_or_choices_selected"/>
    <testcase time="0.026" classname="tm_g_ae_oview" name="tm_g_ae_oview_argument_verification_fails_when_flag_var_anl_is_neiter_picks_or_choices_selected">
      <system-out>`arm_var` was deprecated in teal.osprey 0.5.0.
ℹ Pass `teal.picks::variables()` (or a full `teal.picks::picks()` chain).
  Support for legacy `teal.transform::choices_selected()`, `filter_spec`, and
  `select_spec` is deprecated.
Backtrace:
    ▆
 1. ├─testthat::expect_error(...) at test-tm_g_ae_oview.R:35:5
 2. │ └─testthat:::quasi_capture(...)
 3. │   ├─testthat (local) .capture(...)
 4. │   │ └─base::withCallingHandlers(...)
 5. │   └─rlang::eval_bare(quo_get_expr(.quo), quo_get_env(.quo))
 6. └─teal.osprey::tm_g_ae_oview(...)
 7.   └─teal.osprey:::migrate_choices_selected_to_variables(arm_var)</system-out>
    </testcase>
    <testcase time="0.012" classname="tm_g_ae_oview" name="tm_g_ae_oview_argument_verification_fails_when_flag_var_anl_is_neiter_picks_or_choices_selected"/>
    <testcase time="0.189" classname="tm_g_ae_oview" name="tm_g_ae_oview_module_creation_creates_a_teal_module_using_choices_selected">
      <system-out>`flag_var_anl` was deprecated in teal.osprey 0.5.0.
ℹ Pass `teal.picks::variables()` (or a full `teal.picks::picks()` chain).
  Support for legacy `teal.transform::choices_selected()`, `filter_spec`, and
  `select_spec` is deprecated.
Backtrace:
    ▆
 1. └─teal.osprey::tm_g_ae_oview(...) at test-tm_g_ae_oview.R:78:5
 2.   └─teal.osprey:::migrate_choices_selected_to_variables(flag_var_anl)</system-out>
    </testcase>
    <testcase time="0.00900000000000012" classname="tm_g_ae_oview" name="tm_g_ae_oview_module_creation_creates_a_teal_module_using_choices_selected">
      <system-out>variables has eager choices (character) while datasets has dynamic choices. It is not guaranteed that explicitly defined choices will be a subset of data selected in a previous element.
Backtrace:
    ▆
 1. └─teal.osprey::tm_g_ae_oview(...) at test-tm_g_ae_oview.R:78:5
 2.   └─teal.osprey:::create_picks_helper(...)
 3.     └─teal.picks::picks(datasets, x)
 4.       └─teal.picks:::.check_picks(new_picks, check_dataset)</system-out>
    </testcase>
    <testcase time="0.00800000000000001" classname="tm_g_ae_oview" name="tm_g_ae_oview_module_creation_creates_a_teal_module_using_choices_selected">
      <system-out>variables has eager choices (character) while datasets has dynamic choices. It is not guaranteed that explicitly defined choices will be a subset of data selected in a previous element.
Backtrace:
    ▆
 1. └─teal.osprey::tm_g_ae_oview(...) at test-tm_g_ae_oview.R:78:5
 2.   └─teal.osprey:::create_picks_helper(...)
 3.     └─teal.picks::picks(datasets, x)
 4.       └─teal.picks:::.check_picks(new_picks, check_dataset)</system-out>
    </testcase>
    <testcase time="0.0069999999999999" classname="tm_g_ae_oview" name="tm_g_ae_oview_module_creation_creates_a_teal_module_using_choices_selected"/>
    <testcase time="0.00600000000000001" classname="tm_g_ae_oview" name="tm_g_ae_oview_module_creation_creates_a_teal_module_using_picks">
      <system-out>variables has eager choices (character) while datasets has dynamic choices. It is not guaranteed that explicitly defined choices will be a subset of data selected in a previous element.
Backtrace:
    ▆
 1. └─teal.osprey::tm_g_ae_oview(...) at test-tm_g_ae_oview.R:89:5
 2.   └─teal.osprey:::create_picks_helper(...)
 3.     └─teal.picks::picks(datasets, x)
 4.       └─teal.picks:::.check_picks(new_picks, check_dataset)</system-out>
    </testcase>
    <testcase time="0.00900000000000012" classname="tm_g_ae_oview" name="tm_g_ae_oview_module_creation_creates_a_teal_module_using_picks"/>
    <testcase time="0.0069999999999999" classname="tm_g_ae_oview" name="tm_g_ae_oview_module_creation_creates_a_teal_module_using_choices_selected">
      <system-out>variables has eager choices (character) while datasets has dynamic choices. It is not guaranteed that explicitly defined choices will be a subset of data selected in a previous element.
Backtrace:
    ▆
 1. └─teal.osprey::tm_g_ae_oview(...) at test-tm_g_ae_oview.R:100:5
 2.   └─teal.osprey:::create_picks_helper(...)
 3.     └─teal.picks::picks(datasets, x)
 4.       └─teal.picks:::.check_picks(new_picks, check_dataset)</system-out>
    </testcase>
    <testcase time="0.01" classname="tm_g_ae_oview" name="tm_g_ae_oview_module_creation_creates_a_teal_module_using_choices_selected">
      <system-out>variables has eager choices (character) while datasets has dynamic choices. It is not guaranteed that explicitly defined choices will be a subset of data selected in a previous element.
Backtrace:
    ▆
 1. └─teal.osprey::tm_g_ae_oview(...) at test-tm_g_ae_oview.R:100:5
 2.   └─teal.osprey:::create_picks_helper(...)
 3.     └─teal.picks::picks(datasets, x)
 4.       └─teal.picks:::.check_picks(new_picks, check_dataset)</system-out>
    </testcase>
    <testcase time="2.142" classname="tm_g_ae_oview" name="tm_g_ae_oview_module_creation_creates_a_teal_module_using_choices_selected"/>
    <testcase time="1.234" classname="tm_g_ae_oview" name="tm_g_ae_oview_module_creation_creates_a_teal_module_using_picks"/>
  </testsuite>
  <testsuite name="tm_g_ae_sub" timestamp="2026-07-27T09:14:01Z" hostname="3162360f767f" tests="7" skipped="0" failures="0" errors="0" time="1.584">
    <testcase time="0.0519999999999996" classname="tm_g_ae_sub" name="tm_g_ae_sub_input_validation_plot_arguments_input_validation">
      <system-out>`group_var` was deprecated in teal.osprey 0.5.0.
ℹ Pass `teal.picks::variables()` (or a full `teal.picks::picks()` chain).
  Support for legacy `teal.transform::choices_selected()`, `filter_spec`, and
  `select_spec` is deprecated.
Backtrace:
    ▆
 1. ├─testthat::expect_error(...) at test-tm_g_ae_sub.R:13:5
 2. │ └─testthat:::quasi_capture(...)
 3. │   ├─testthat (local) .capture(...)
 4. │   │ └─base::withCallingHandlers(...)
 5. │   └─rlang::eval_bare(quo_get_expr(.quo), quo_get_env(.quo))
 6. ├─base::suppressWarnings(...) at test-tm_g_ae_sub.R:15:9
 7. │ └─base::withCallingHandlers(...)
 8. └─teal.osprey::tm_g_ae_sub(...)
 9.   └─teal.osprey:::migrate_choices_selected_to_variables(group_var)</system-out>
    </testcase>
    <testcase time="0.0120000000000005" classname="tm_g_ae_sub" name="tm_g_ae_sub_input_validation_plot_arguments_input_validation"/>
    <testcase time="0.00599999999999934" classname="tm_g_ae_sub" name="tm_g_ae_sub_input_validation_plot_arguments_input_validation"/>
    <testcase time="0.00700000000000056" classname="tm_g_ae_sub" name="tm_g_ae_sub_module_creation_creates_a_teal_module_using_choices_selected"/>
    <testcase time="0.00499999999999989" classname="tm_g_ae_sub" name="tm_g_ae_sub_module_creation_creates_a_teal_module_using_picks"/>
    <testcase time="0.732" classname="tm_g_ae_sub" name="tm_g_ae_sub_module_creation_using_choices_selected_works"/>
    <testcase time="0.77" classname="tm_g_ae_sub" name="tm_g_ae_sub_module_creation_using_picks_works"/>
  </testsuite>
  <testsuite name="tm_g_butterfly" timestamp="2026-07-27T09:14:03Z" hostname="3162360f767f" tests="8" skipped="0" failures="0" errors="0" time="2.651">
    <testcase time="0.085" classname="tm_g_butterfly" name="tm_g_butterfly_input_validation_plot_arguments_input_validation"/>
    <testcase time="0.00999999999999979" classname="tm_g_butterfly" name="tm_g_butterfly_input_validation_plot_arguments_input_validation"/>
    <testcase time="0.00700000000000056" classname="tm_g_butterfly" name="tm_g_butterfly_input_validation_Forcing_Conversion_from_multiple_picks_to_single"/>
    <testcase time="0.00499999999999989" classname="tm_g_butterfly" name="tm_g_butterfly_input_validation_Forcing_Conversion_from_multiple_picks_to_single"/>
    <testcase time="0.00999999999999979" classname="tm_g_butterfly" name="tm_g_butterfly_module_creation_creates_a_teal_module_using_choices_selected"/>
    <testcase time="0.00600000000000023" classname="tm_g_butterfly" name="tm_g_butterfly_module_creation_creates_a_teal_module_using_picks"/>
    <testcase time="1.2" classname="tm_g_butterfly" name="tm_g_butterfly_module_creation_works_with_choices_selected"/>
    <testcase time="1.328" classname="tm_g_butterfly" name="tm_g_butterfly_module_creation_works_with_picks"/>
  </testsuite>
  <testsuite name="tm_g_decorate" timestamp="2026-07-27T09:14:06Z" hostname="3162360f767f" tests="5" skipped="0" failures="0" errors="0" time="0.119">
    <testcase time="0.113" classname="tm_g_decorate" name="srv_g_decorate_creation_srv_g_decorate_returns"/>
    <testcase time="0.00200000000000067" classname="tm_g_decorate" name="srv_g_decorate_creation_srv_g_decorate_returns"/>
    <testcase time="0.000999999999999446" classname="tm_g_decorate" name="srv_g_decorate_creation_srv_g_decorate_returns"/>
    <testcase time="0.00200000000000067" classname="tm_g_decorate" name="srv_g_decorate_creation_srv_g_decorate_returns"/>
    <testcase time="0.000999999999999446" classname="tm_g_decorate" name="srv_g_decorate_creation_srv_g_decorate_returns"/>
  </testsuite>
  <testsuite name="tm_g_events_term_id" timestamp="2026-07-27T09:14:06Z" hostname="3162360f767f" tests="10" skipped="0" failures="0" errors="0" time="1.452">
    <testcase time="0.0250000000000004" classname="tm_g_events_term_id" name="tm_g_events_term_id_module_creation_using_choices_selected"/>
    <testcase time="0.00200000000000067" classname="tm_g_events_term_id" name="tm_g_events_term_id_module_creation_using_choices_selected"/>
    <testcase time="0.000999999999999446" classname="tm_g_events_term_id" name="tm_g_events_term_id_module_creation_using_choices_selected"/>
    <testcase time="0.00500000000000078" classname="tm_g_events_term_id" name="tm_g_events_term_id_module_creation_using_picks"/>
    <testcase time="0.000999999999999446" classname="tm_g_events_term_id" name="tm_g_events_term_id_module_creation_using_picks"/>
    <testcase time="0.000999999999999446" classname="tm_g_events_term_id" name="tm_g_events_term_id_module_creation_using_picks"/>
    <testcase time="0.674000000000001" classname="tm_g_events_term_id" name="tm_g_events_term_id_module_creation_using_choices_selected_works"/>
    <testcase time="0.712" classname="tm_g_events_term_id" name="tm_g_events_term_id_module_creation_using_picks_works"/>
    <testcase time="0.0289999999999999" classname="tm_g_events_term_id" name="tm_g_events_term_id_coerces_multiple_variable_selection"/>
    <testcase time="0.00199999999999889" classname="tm_g_events_term_id" name="tm_g_events_term_id_coerces_multiple_variable_selection"/>
  </testsuite>
  <testsuite name="tm_g_heat_bygrade" timestamp="2026-07-27T09:14:07Z" hostname="3162360f767f" tests="17" skipped="0" failures="0" errors="0" time="4.109">
    <testcase time="0.165000000000001" classname="tm_g_heat_bygrade" name="tm_g_heat_bygrade_argument_verification_plot_arguments_input_validation"/>
    <testcase time="0.00999999999999979" classname="tm_g_heat_bygrade" name="tm_g_heat_bygrade_argument_verification_plot_arguments_input_validation"/>
    <testcase time="0.00999999999999979" classname="tm_g_heat_bygrade" name="tm_g_heat_bygrade_module_creation_creates_a_teal_module_using_choices_selected"/>
    <testcase time="0.0180000000000007" classname="tm_g_heat_bygrade" name="tm_g_heat_bygrade_module_creation_creates_a_teal_module_using_choices_selected_with_conmed"/>
    <testcase time="0.00499999999999901" classname="tm_g_heat_bygrade" name="tm_g_heat_bygrade_module_creation_creates_a_teal_module_using_picks"/>
    <testcase time="0.00699999999999967" classname="tm_g_heat_bygrade" name="tm_g_heat_bygrade_module_creation_creates_a_teal_module_using_picks_with_conmed"/>
    <testcase time="0.788" classname="tm_g_heat_bygrade" name="tm_g_heat_bygrade_module_creation_works_with_choices_selected"/>
    <testcase time="0.0200000000000014" classname="tm_g_heat_bygrade" name="tm_g_heat_bygrade_module_creation_works_with_choices_selected"/>
    <testcase time="1.024" classname="tm_g_heat_bygrade" name="tm_g_heat_bygrade_module_creation_works_with_choices_selected_with_conmed"/>
    <testcase time="0.0250000000000004" classname="tm_g_heat_bygrade" name="tm_g_heat_bygrade_module_creation_works_with_choices_selected_with_conmed"/>
    <testcase time="0.818999999999999" classname="tm_g_heat_bygrade" name="tm_g_heat_bygrade_module_creation_works_with_picks"/>
    <testcase time="0.0230000000000015" classname="tm_g_heat_bygrade" name="tm_g_heat_bygrade_module_creation_works_with_picks"/>
    <testcase time="1.145" classname="tm_g_heat_bygrade" name="tm_g_heat_bygrade_module_creation_works_with_picks_with_conmed"/>
    <testcase time="0.0350000000000001" classname="tm_g_heat_bygrade" name="tm_g_heat_bygrade_module_creation_works_with_picks_with_conmed"/>
    <testcase time="0.0109999999999992" classname="tm_g_heat_bygrade" name="tm_g_heat_bygrade_module_creation_Throws_warning_when_converting_anno_var_to_multiple"/>
    <testcase time="0.00100000000000122" classname="tm_g_heat_bygrade" name="tm_g_heat_bygrade_module_creation_Throws_warning_when_converting_anno_var_to_multiple"/>
    <testcase time="0.00299999999999834" classname="tm_g_heat_bygrade" name="tm_g_heat_bygrade_module_creation_Throws_warning_when_converting_anno_var_to_multiple"/>
  </testsuite>
  <testsuite name="tm_g_spiderplot" timestamp="2026-07-27T09:14:11Z" hostname="3162360f767f" tests="10" skipped="0" failures="0" errors="0" time="4.005">
    <testcase time="0.0900000000000016" classname="tm_g_spiderplot" name="tm_g_spiderplot_argument_verification_plot_arguments_input_validation"/>
    <testcase time="0.0119999999999987" classname="tm_g_spiderplot" name="tm_g_spiderplot_argument_verification_plot_arguments_input_validation"/>
    <testcase time="0.0120000000000005" classname="tm_g_spiderplot" name="tm_g_spiderplot_argument_verification_Forcing_Conversion_from_multiple_picks_to_single"/>
    <testcase time="0.00500000000000078" classname="tm_g_spiderplot" name="tm_g_spiderplot_argument_verification_Forcing_Conversion_from_multiple_picks_to_single"/>
    <testcase time="0.0239999999999991" classname="tm_g_spiderplot" name="tm_g_spiderplot_module_creation_creates_a_teal_module_using_choices_selected_default_method_"/>
    <testcase time="0.00999999999999979" classname="tm_g_spiderplot" name="tm_g_spiderplot_module_creation_creates_a_teal_module_using_picks_.pick_method_"/>
    <testcase time="2.199" classname="tm_g_spiderplot" name="tm_g_spiderplot_module_creation_module_using_choices_selected_works"/>
    <testcase time="0.0530000000000008" classname="tm_g_spiderplot" name="tm_g_spiderplot_module_creation_module_using_choices_selected_works"/>
    <testcase time="1.54" classname="tm_g_spiderplot" name="tm_g_spiderplot_module_creation_module_using_picks_works"/>
    <testcase time="0.0600000000000023" classname="tm_g_spiderplot" name="tm_g_spiderplot_module_creation_module_using_picks_works"/>
  </testsuite>
  <testsuite name="tm_g_swimlane" timestamp="2026-07-27T09:14:15Z" hostname="3162360f767f" tests="12" skipped="0" failures="0" errors="0" time="4.346">
    <testcase time="0.0169999999999995" classname="tm_g_swimlane" name="tm_swimlane_input_validation_plot_arguments_input_validation"/>
    <testcase time="0.00799999999999912" classname="tm_g_swimlane" name="tm_swimlane_input_validation_plot_arguments_input_validation"/>
    <testcase time="0.00600000000000023" classname="tm_g_swimlane" name="tm_swimlane_input_validation_fails_bar_var_is_not_the_expected_class"/>
    <testcase time="0.00799999999999912" classname="tm_g_swimlane" name="tm_g_swimlane_module_creation_is_correctly_created_using_teal.picks"/>
    <testcase time="0.00199999999999889" classname="tm_g_swimlane" name="tm_g_swimlane_module_creation_is_correctly_created_using_teal.picks"/>
    <testcase time="0.00500000000000256" classname="tm_g_swimlane" name="tm_g_swimlane_module_creation_accepts_optionally_NULL_argument_as_module_argument"/>
    <testcase time="0.00199999999999889" classname="tm_g_swimlane" name="tm_g_swimlane_module_creation_accepts_optionally_NULL_argument_as_module_argument"/>
    <testcase time="0.0590000000000011" classname="tm_g_swimlane" name="tm_g_swimlane_module_creation_is_correctly_created_using_choices_selected"/>
    <testcase time="0.000999999999997669" classname="tm_g_swimlane" name="tm_g_swimlane_module_creation_is_correctly_created_using_choices_selected"/>
    <testcase time="1.366" classname="tm_g_swimlane" name="tm_g_swimlane_module_creation_works_using_teal.picks"/>
    <testcase time="1.349" classname="tm_g_swimlane" name="tm_g_swimlane_module_creation_works_with_optionally_NULL_argument_as_module_argument"/>
    <testcase time="1.523" classname="tm_g_swimlane" name="tm_g_swimlane_module_creation_works_using_choices_selected"/>
  </testsuite>
  <testsuite name="tm_g_waterfall" timestamp="2026-07-27T09:14:20Z" hostname="3162360f767f" tests="8" skipped="0" failures="0" errors="0" time="7.326">
    <testcase time="0.0649999999999977" classname="tm_g_waterfall" name="tm_g_waterfall_argument_verification_plot_arguments_input_validation"/>
    <testcase time="0.00400000000000134" classname="tm_g_waterfall" name="tm_g_waterfall_argument_verification_plot_arguments_input_validation"/>
    <testcase time="0.134999999999998" classname="tm_g_waterfall" name="tm_g_waterfall_argument_verification_Forcing_Conversion_from_multiple_picks_to_single"/>
    <testcase time="0.0100000000000016" classname="tm_g_waterfall" name="tm_g_waterfall_argument_verification_Forcing_Conversion_from_multiple_picks_to_single"/>
    <testcase time="0.0159999999999982" classname="tm_g_waterfall" name="tm_g_waterfall_module_creation_creates_a_teal_module_using_choices_selected_deprecated_option_"/>
    <testcase time="0.0100000000000016" classname="tm_g_waterfall" name="tm_g_waterfall_module_creation_creates_a_teal_module_using_picks"/>
    <testcase time="5.691" classname="tm_g_waterfall" name="tm_g_waterfall_module_creation_works_using_choices_selected_deprecated_option_"/>
    <testcase time="1.395" classname="tm_g_waterfall" name="tm_g_waterfall_module_creation_works_using_picks"/>
  </testsuite>
  <testsuite name="utils" timestamp="2026-07-27T09:14:27Z" hostname="3162360f767f" tests="13" skipped="0" failures="0" errors="0" time="0.108">
    <testcase time="0.0870000000000033" classname="utils" name="as_numeric_from_comma_sep_str_converts_comma_sep_string_into_numeric_vector"/>
    <testcase time="0.000999999999997669" classname="utils" name="as_numeric_from_comma_sep_str_converts_comma_sep_string_into_numeric_vector"/>
    <testcase time="0.00300000000000011" classname="utils" name="as_numeric_from_comma_sep_str_throws_warning_if_any_entries_are_not_numeric_and_converts_those_to_NAs"/>
    <testcase time="0.00100000000000122" classname="utils" name="as_numeric_from_comma_sep_str_throws_warning_if_any_entries_are_not_numeric_and_converts_those_to_NAs"/>
    <testcase time="0.000999999999997669" classname="utils" name="as_numeric_from_comma_sep_str_throws_warning_if_any_entries_are_not_numeric_and_converts_those_to_NAs"/>
    <testcase time="0.00100000000000122" classname="utils" name="as_numeric_from_comma_sep_str_throws_warning_if_any_entries_are_not_numeric_and_converts_those_to_NAs"/>
    <testcase time="0.00199999999999889" classname="utils" name="as_numeric_from_comma_sep_str_throws_warning_if_any_entries_are_not_numeric_and_converts_those_to_NAs"/>
    <testcase time="0.00100000000000122" classname="utils" name="as_numeric_from_comma_sep_str_throws_warning_if_any_entries_are_not_numeric_and_converts_those_to_NAs"/>
    <testcase time="0.00300000000000011" classname="utils" name="as_numeric_from_comma_sep_str_returns_NULL_if_input_is_NULL_or_whitespace"/>
    <testcase time="0.00199999999999889" classname="utils" name="as_numeric_from_comma_sep_str_returns_NULL_if_input_is_NULL_or_whitespace"/>
    <testcase time="0.00200000000000244" classname="utils" name="as_numeric_from_comma_sep_str_returns_NULL_if_input_is_NULL_or_whitespace"/>
    <testcase time="0.00300000000000011" classname="utils" name="as_numeric_from_comma_sep_str_ignores_empty_values_at_end_of_string"/>
    <testcase time="0.000999999999997669" classname="utils" name="as_numeric_from_comma_sep_str_ignores_empty_values_at_end_of_string"/>
  </testsuite>
</testsuites>
