<?xml version="1.0" encoding="UTF-8"?>
<testsuites>
  <testsuite name="shinytest2-tm_g_events_term_id" timestamp="2026-07-22T10:33:18Z" hostname="ca20ead96b49" tests="5" skipped="5" failures="0" errors="0" time="0.18">
    <testcase time="0.03" classname="shinytest2_tm_g_events_term_id" name="e2e_tm_g_events_term_id_initializes_and_renders_a_plot">
      <skipped message="Reason: testing depth 3 is below current testing specification 5 ('test-shinytest2-tm_g_events_term_id.R:34:3')"/>
    </testcase>
    <testcase time="0.0549999999999999" classname="shinytest2_tm_g_events_term_id" name="e2e_tm_g_events_term_id_starts_with_expected_label_and_encoding_selections.">
      <skipped message="Reason: testing depth 3 is below current testing specification 5 ('test-shinytest2-tm_g_events_term_id.R:54:5')"/>
    </testcase>
    <testcase time="0.069" classname="shinytest2_tm_g_events_term_id" name="e2e_tm_g_events_term_id_changing_term_var_changes_the_plot_and_does_not_throw_validation_errors.">
      <skipped message="Reason: testing depth 3 is below current testing specification 5 ('test-shinytest2-tm_g_events_term_id.R:80:5')"/>
    </testcase>
    <testcase time="0.0130000000000001" classname="shinytest2_tm_g_events_term_id" name="e2e_tm_g_events_term_id_deselection_of_term_var_throws_validation_error.">
      <skipped message="Reason: testing depth 3 is below current testing specification 5 ('test-shinytest2-tm_g_events_term_id.R:97:3')"/>
    </testcase>
    <testcase time="0.0129999999999999" classname="shinytest2_tm_g_events_term_id" name="e2e_tm_g_events_term_id_sort_updates_title">
      <skipped message="Reason: testing depth 3 is below current testing specification 5 ('test-shinytest2-tm_g_events_term_id.R:107:3')"/>
    </testcase>
  </testsuite>
  <testsuite name="tm_g_ae_oview" timestamp="2026-07-22T10:33:18Z" hostname="ca20ead96b49" tests="13" skipped="0" failures="0" errors="0" time="4.401">
    <testcase time="0.038" classname="tm_g_ae_oview" name="tm_g_ae_oview_argument_verification_fails_when_arm_var_is_neither_picks_or_choices_selected"/>
    <testcase time="0.034" classname="tm_g_ae_oview" name="tm_g_ae_oview_argument_verification_fails_when_flag_var_anl_is_neiter_picks_or_choices_selected">
      <system-out>`arm_var` was deprecated in teal.osprey 0.5.0.
ℹ Pass `teal.picks::variables()` (or a full `teal.picks::picks()` chain).
  Support for legacy `teal.transform::choices_selected()`, `filter_spec`, and
  `select_spec` is deprecated.
Backtrace:
    ▆
 1. ├─testthat::expect_error(...) at test-tm_g_ae_oview.R:36:5
 2. │ └─testthat:::quasi_capture(...)
 3. │   ├─testthat (local) .capture(...)
 4. │   │ └─base::withCallingHandlers(...)
 5. │   └─rlang::eval_bare(quo_get_expr(.quo), quo_get_env(.quo))
 6. └─teal.osprey::tm_g_ae_oview(...)
 7.   └─teal.osprey:::migrate_choices_selected_to_variables(arm_var)</system-out>
    </testcase>
    <testcase time="0.0149999999999999" classname="tm_g_ae_oview" name="tm_g_ae_oview_argument_verification_fails_when_flag_var_anl_is_neiter_picks_or_choices_selected"/>
    <testcase time="0.237" classname="tm_g_ae_oview" name="tm_g_ae_oview_module_creation_creates_a_teal_module_using_choices_selected">
      <system-out>`flag_var_anl` was deprecated in teal.osprey 0.5.0.
ℹ Pass `teal.picks::variables()` (or a full `teal.picks::picks()` chain).
  Support for legacy `teal.transform::choices_selected()`, `filter_spec`, and
  `select_spec` is deprecated.
Backtrace:
    ▆
 1. └─teal.osprey::tm_g_ae_oview(...) at test-tm_g_ae_oview.R:79:5
 2.   └─teal.osprey:::migrate_choices_selected_to_variables(flag_var_anl)</system-out>
    </testcase>
    <testcase time="0.012" classname="tm_g_ae_oview" name="tm_g_ae_oview_module_creation_creates_a_teal_module_using_choices_selected">
      <system-out>variables has eager choices (character) while datasets has dynamic choices. It is not guaranteed that explicitly defined choices will be a subset of data selected in a previous element.
Backtrace:
    ▆
 1. └─teal.osprey::tm_g_ae_oview(...) at test-tm_g_ae_oview.R:79:5
 2.   └─teal.osprey:::create_picks_helper(...)
 3.     └─teal.picks::picks(datasets, x)
 4.       └─teal.picks:::.check_picks(new_picks, check_dataset)</system-out>
    </testcase>
    <testcase time="0.01" classname="tm_g_ae_oview" name="tm_g_ae_oview_module_creation_creates_a_teal_module_using_choices_selected">
      <system-out>variables has eager choices (character) while datasets has dynamic choices. It is not guaranteed that explicitly defined choices will be a subset of data selected in a previous element.
Backtrace:
    ▆
 1. └─teal.osprey::tm_g_ae_oview(...) at test-tm_g_ae_oview.R:79:5
 2.   └─teal.osprey:::create_picks_helper(...)
 3.     └─teal.picks::picks(datasets, x)
 4.       └─teal.picks:::.check_picks(new_picks, check_dataset)</system-out>
    </testcase>
    <testcase time="0.0089999999999999" classname="tm_g_ae_oview" name="tm_g_ae_oview_module_creation_creates_a_teal_module_using_choices_selected"/>
    <testcase time="0.00800000000000001" classname="tm_g_ae_oview" name="tm_g_ae_oview_module_creation_creates_a_teal_module_using_picks">
      <system-out>variables has eager choices (character) while datasets has dynamic choices. It is not guaranteed that explicitly defined choices will be a subset of data selected in a previous element.
Backtrace:
    ▆
 1. └─teal.osprey::tm_g_ae_oview(...) at test-tm_g_ae_oview.R:90:5
 2.   └─teal.osprey:::create_picks_helper(...)
 3.     └─teal.picks::picks(datasets, x)
 4.       └─teal.picks:::.check_picks(new_picks, check_dataset)</system-out>
    </testcase>
    <testcase time="0.0110000000000001" classname="tm_g_ae_oview" name="tm_g_ae_oview_module_creation_creates_a_teal_module_using_picks"/>
    <testcase time="0.0089999999999999" classname="tm_g_ae_oview" name="tm_g_ae_oview_module_creation_creates_a_teal_module_using_choices_selected">
      <system-out>variables has eager choices (character) while datasets has dynamic choices. It is not guaranteed that explicitly defined choices will be a subset of data selected in a previous element.
Backtrace:
    ▆
 1. └─teal.osprey::tm_g_ae_oview(...) at test-tm_g_ae_oview.R:101:5
 2.   └─teal.osprey:::create_picks_helper(...)
 3.     └─teal.picks::picks(datasets, x)
 4.       └─teal.picks:::.check_picks(new_picks, check_dataset)</system-out>
    </testcase>
    <testcase time="0.0110000000000001" classname="tm_g_ae_oview" name="tm_g_ae_oview_module_creation_creates_a_teal_module_using_choices_selected">
      <system-out>variables has eager choices (character) while datasets has dynamic choices. It is not guaranteed that explicitly defined choices will be a subset of data selected in a previous element.
Backtrace:
    ▆
 1. └─teal.osprey::tm_g_ae_oview(...) at test-tm_g_ae_oview.R:101:5
 2.   └─teal.osprey:::create_picks_helper(...)
 3.     └─teal.picks::picks(datasets, x)
 4.       └─teal.picks:::.check_picks(new_picks, check_dataset)</system-out>
    </testcase>
    <testcase time="2.546" classname="tm_g_ae_oview" name="tm_g_ae_oview_module_creation_creates_a_teal_module_using_choices_selected"/>
    <testcase time="1.461" classname="tm_g_ae_oview" name="tm_g_ae_oview_module_creation_creates_a_teal_module_using_picks"/>
  </testsuite>
  <testsuite name="tm_g_ae_sub" timestamp="2026-07-22T10:33:23Z" hostname="ca20ead96b49" tests="7" skipped="0" failures="0" errors="0" time="2.048">
    <testcase time="0.0679999999999996" classname="tm_g_ae_sub" name="tm_g_ae_sub_input_validation_plot_arguments_input_validation">
      <system-out>`group_var` was deprecated in teal.osprey 0.5.0.
ℹ Pass `teal.picks::variables()` (or a full `teal.picks::picks()` chain).
  Support for legacy `teal.transform::choices_selected()`, `filter_spec`, and
  `select_spec` is deprecated.
Backtrace:
    ▆
 1. ├─testthat::expect_error(...) at test-tm_g_ae_sub.R:13:5
 2. │ └─testthat:::quasi_capture(...)
 3. │   ├─testthat (local) .capture(...)
 4. │   │ └─base::withCallingHandlers(...)
 5. │   └─rlang::eval_bare(quo_get_expr(.quo), quo_get_env(.quo))
 6. ├─base::suppressWarnings(...) at test-tm_g_ae_sub.R:15:9
 7. │ └─base::withCallingHandlers(...)
 8. └─teal.osprey::tm_g_ae_sub(...)
 9.   └─teal.osprey:::migrate_choices_selected_to_variables(group_var)</system-out>
    </testcase>
    <testcase time="0.0150000000000006" classname="tm_g_ae_sub" name="tm_g_ae_sub_input_validation_plot_arguments_input_validation"/>
    <testcase time="0.00800000000000001" classname="tm_g_ae_sub" name="tm_g_ae_sub_input_validation_plot_arguments_input_validation"/>
    <testcase time="0.0100000000000007" classname="tm_g_ae_sub" name="tm_g_ae_sub_module_creation_creates_a_teal_module_using_choices_selected"/>
    <testcase time="0.00599999999999934" classname="tm_g_ae_sub" name="tm_g_ae_sub_module_creation_creates_a_teal_module_using_picks"/>
    <testcase time="0.956" classname="tm_g_ae_sub" name="tm_g_ae_sub_module_creation_using_choices_selected_works"/>
    <testcase time="0.985" classname="tm_g_ae_sub" name="tm_g_ae_sub_module_creation_using_picks_works"/>
  </testsuite>
  <testsuite name="tm_g_butterfly" timestamp="2026-07-22T10:33:25Z" hostname="ca20ead96b49" tests="13" skipped="0" failures="0" errors="0" time="3.619">
    <testcase time="0.0619999999999994" classname="tm_g_butterfly" name="tm_g_butterfly_input_validation_plot_arguments_input_validation">
      <system-out>`right_var` was deprecated in teal.osprey 0.5.0.
ℹ Pass `teal.picks::variables()` (or a full `teal.picks::picks()` chain).
  Support for legacy `teal.transform::choices_selected()`, `filter_spec`, and
  `select_spec` is deprecated.
Backtrace:
    ▆
 1. ├─testthat::expect_error(...) at test-tm_g_butterfly.R:40:5
 2. │ └─testthat:::quasi_capture(...)
 3. │   ├─testthat (local) .capture(...)
 4. │   │ └─base::withCallingHandlers(...)
 5. │   └─rlang::eval_bare(quo_get_expr(.quo), quo_get_env(.quo))
 6. ├─base::suppressWarnings(...) at test-tm_g_butterfly.R:42:9
 7. │ └─base::withCallingHandlers(...)
 8. └─teal.osprey::tm_g_butterfly(...)
 9.   └─teal.osprey:::migrate_choices_selected_to_variables(...)</system-out>
    </testcase>
    <testcase time="0.027000000000001" classname="tm_g_butterfly" name="tm_g_butterfly_input_validation_plot_arguments_input_validation">
      <system-out>`left_var` was deprecated in teal.osprey 0.5.0.
ℹ Pass `teal.picks::variables()` (or a full `teal.picks::picks()` chain).
  Support for legacy `teal.transform::choices_selected()`, `filter_spec`, and
  `select_spec` is deprecated.
Backtrace:
    ▆
 1. ├─testthat::expect_error(...) at test-tm_g_butterfly.R:40:5
 2. │ └─testthat:::quasi_capture(...)
 3. │   ├─testthat (local) .capture(...)
 4. │   │ └─base::withCallingHandlers(...)
 5. │   └─rlang::eval_bare(quo_get_expr(.quo), quo_get_env(.quo))
 6. ├─base::suppressWarnings(...) at test-tm_g_butterfly.R:42:9
 7. │ └─base::withCallingHandlers(...)
 8. └─teal.osprey::tm_g_butterfly(...)
 9.   └─teal.osprey:::migrate_choices_selected_to_variables(...)</system-out>
    </testcase>
    <testcase time="0.0269999999999992" classname="tm_g_butterfly" name="tm_g_butterfly_input_validation_plot_arguments_input_validation">
      <system-out>`category_var` was deprecated in teal.osprey 0.5.0.
ℹ Pass `teal.picks::variables()` (or a full `teal.picks::picks()` chain).
  Support for legacy `teal.transform::choices_selected()`, `filter_spec`, and
  `select_spec` is deprecated.
Backtrace:
    ▆
 1. ├─testthat::expect_error(...) at test-tm_g_butterfly.R:40:5
 2. │ └─testthat:::quasi_capture(...)
 3. │   ├─testthat (local) .capture(...)
 4. │   │ └─base::withCallingHandlers(...)
 5. │   └─rlang::eval_bare(quo_get_expr(.quo), quo_get_env(.quo))
 6. ├─base::suppressWarnings(...) at test-tm_g_butterfly.R:42:9
 7. │ └─base::withCallingHandlers(...)
 8. └─teal.osprey::tm_g_butterfly(...)
 9.   └─teal.osprey:::migrate_choices_selected_to_variables(...)</system-out>
    </testcase>
    <testcase time="0.0269999999999992" classname="tm_g_butterfly" name="tm_g_butterfly_input_validation_plot_arguments_input_validation">
      <system-out>`color_by_var` was deprecated in teal.osprey 0.5.0.
ℹ Pass `teal.picks::variables()` (or a full `teal.picks::picks()` chain).
  Support for legacy `teal.transform::choices_selected()`, `filter_spec`, and
  `select_spec` is deprecated.
Backtrace:
    ▆
 1. ├─testthat::expect_error(...) at test-tm_g_butterfly.R:40:5
 2. │ └─testthat:::quasi_capture(...)
 3. │   ├─testthat (local) .capture(...)
 4. │   │ └─base::withCallingHandlers(...)
 5. │   └─rlang::eval_bare(quo_get_expr(.quo), quo_get_env(.quo))
 6. ├─base::suppressWarnings(...) at test-tm_g_butterfly.R:42:9
 7. │ └─base::withCallingHandlers(...)
 8. └─teal.osprey::tm_g_butterfly(...)
 9.   └─teal.osprey:::migrate_choices_selected_to_variables(...)</system-out>
    </testcase>
    <testcase time="0.0280000000000005" classname="tm_g_butterfly" name="tm_g_butterfly_input_validation_plot_arguments_input_validation">
      <system-out>`count_by_var` was deprecated in teal.osprey 0.5.0.
ℹ Pass `teal.picks::values()`. Support for legacy
  `teal.transform::choices_selected()` is deprecated.
Backtrace:
    ▆
 1. ├─testthat::expect_error(...) at test-tm_g_butterfly.R:40:5
 2. │ └─testthat:::quasi_capture(...)
 3. │   ├─testthat (local) .capture(...)
 4. │   │ └─base::withCallingHandlers(...)
 5. │   └─rlang::eval_bare(quo_get_expr(.quo), quo_get_env(.quo))
 6. ├─base::suppressWarnings(...) at test-tm_g_butterfly.R:42:9
 7. │ └─base::withCallingHandlers(...)
 8. └─teal.osprey::tm_g_butterfly(...)
 9.   └─teal.osprey:::migrate_choices_selected_to_values(count_by_var)</system-out>
    </testcase>
    <testcase time="0.0169999999999995" classname="tm_g_butterfly" name="tm_g_butterfly_input_validation_plot_arguments_input_validation"/>
    <testcase time="0.0200000000000014" classname="tm_g_butterfly" name="tm_g_butterfly_input_validation_plot_arguments_input_validation"/>
    <testcase time="0.0109999999999992" classname="tm_g_butterfly" name="tm_g_butterfly_input_validation_Forcing_Conversion_from_multiple_picks_to_single"/>
    <testcase time="0.00600000000000023" classname="tm_g_butterfly" name="tm_g_butterfly_input_validation_Forcing_Conversion_from_multiple_picks_to_single"/>
    <testcase time="0.0129999999999999" classname="tm_g_butterfly" name="tm_g_butterfly_module_creation_creates_a_teal_module_using_choices_selected"/>
    <testcase time="0.00900000000000034" classname="tm_g_butterfly" name="tm_g_butterfly_module_creation_creates_a_teal_module_using_picks"/>
    <testcase time="1.563" classname="tm_g_butterfly" name="tm_g_butterfly_module_creation_works_with_choices_selected"/>
    <testcase time="1.809" classname="tm_g_butterfly" name="tm_g_butterfly_module_creation_works_with_picks"/>
  </testsuite>
  <testsuite name="tm_g_decorate" timestamp="2026-07-22T10:33:29Z" hostname="ca20ead96b49" tests="5" skipped="0" failures="0" errors="0" time="0.165">
    <testcase time="0.157" classname="tm_g_decorate" name="srv_g_decorate_creation_srv_g_decorate_returns"/>
    <testcase time="0.00200000000000067" classname="tm_g_decorate" name="srv_g_decorate_creation_srv_g_decorate_returns"/>
    <testcase time="0.000999999999999446" classname="tm_g_decorate" name="srv_g_decorate_creation_srv_g_decorate_returns"/>
    <testcase time="0.00300000000000011" classname="tm_g_decorate" name="srv_g_decorate_creation_srv_g_decorate_returns"/>
    <testcase time="0.00199999999999889" classname="tm_g_decorate" name="srv_g_decorate_creation_srv_g_decorate_returns"/>
  </testsuite>
  <testsuite name="tm_g_events_term_id" timestamp="2026-07-22T10:33:29Z" hostname="ca20ead96b49" tests="17" skipped="0" failures="0" errors="0" time="1.993">
    <testcase time="0.0449999999999999" classname="tm_g_events_term_id" name="tm_g_events_term_id_module_creation_using_choices_selected">
      <system-out>`term_var` was deprecated in teal.osprey 0.5.0.
ℹ Pass `teal.picks::variables()` (or a full `teal.picks::picks()` chain).
  Support for legacy `teal.transform::choices_selected()`, `filter_spec`, and
  `select_spec` is deprecated.
Backtrace:
    ▆
 1. └─teal.osprey::tm_g_events_term_id(...) at test-tm_g_events_term_id.R:3:5
 2.   └─teal.osprey:::migrate_choices_selected_to_variables(term_var)</system-out>
    </testcase>
    <testcase time="0.0100000000000016" classname="tm_g_events_term_id" name="tm_g_events_term_id_module_creation_using_choices_selected"/>
    <testcase time="0.00199999999999889" classname="tm_g_events_term_id" name="tm_g_events_term_id_module_creation_using_choices_selected"/>
    <testcase time="0.00200000000000067" classname="tm_g_events_term_id" name="tm_g_events_term_id_module_creation_using_choices_selected"/>
    <testcase time="0.00799999999999912" classname="tm_g_events_term_id" name="tm_g_events_term_id_module_creation_using_picks">
      <system-out>variables has eager choices (character) while datasets has dynamic choices. It is not guaranteed that explicitly defined choices will be a subset of data selected in a previous element.
Backtrace:
    ▆
 1. ├─teal.osprey::tm_g_events_term_id(...) at test-tm_g_events_term_id.R:26:5
 2. │ └─teal.osprey:::migrate_choices_selected_to_variables(term_var)
 3. └─teal.picks::picks(...)
 4.   └─teal.picks:::.check_picks(new_picks, check_dataset)</system-out>
    </testcase>
    <testcase time="0.0120000000000005" classname="tm_g_events_term_id" name="tm_g_events_term_id_module_creation_using_picks">
      <system-out>variables has eager choices (character) while datasets has dynamic choices. It is not guaranteed that explicitly defined choices will be a subset of data selected in a previous element.
Backtrace:
    ▆
 1. ├─teal.osprey::tm_g_events_term_id(...) at test-tm_g_events_term_id.R:26:5
 2. │ └─teal.osprey:::migrate_choices_selected_to_variables(arm_var)
 3. └─teal.picks::picks(...)
 4.   └─teal.picks:::.check_picks(new_picks, check_dataset)</system-out>
    </testcase>
    <testcase time="0.0080000000000009" classname="tm_g_events_term_id" name="tm_g_events_term_id_module_creation_using_picks"/>
    <testcase time="0.000999999999999446" classname="tm_g_events_term_id" name="tm_g_events_term_id_module_creation_using_picks"/>
    <testcase time="0.000999999999999446" classname="tm_g_events_term_id" name="tm_g_events_term_id_module_creation_using_picks"/>
    <testcase time="0.891" classname="tm_g_events_term_id" name="tm_g_events_term_id_module_creation_using_choices_selected_works"/>
    <testcase time="0.0389999999999997" classname="tm_g_events_term_id" name="tm_g_events_term_id_module_creation_using_picks_works">
      <system-out>variables has eager choices (character) while datasets has dynamic choices. It is not guaranteed that explicitly defined choices will be a subset of data selected in a previous element.
Backtrace:
    ▆
 1. ├─teal.osprey::tm_g_events_term_id(...) at test-tm_g_events_term_id.R:93:5
 2. │ └─teal.osprey:::migrate_choices_selected_to_variables(term_var)
 3. └─teal.picks::picks(...)
 4.   └─teal.picks:::.check_picks(new_picks, check_dataset)</system-out>
    </testcase>
    <testcase time="0.0120000000000005" classname="tm_g_events_term_id" name="tm_g_events_term_id_module_creation_using_picks_works">
      <system-out>variables has eager choices (character) while datasets has dynamic choices. It is not guaranteed that explicitly defined choices will be a subset of data selected in a previous element.
Backtrace:
    ▆
 1. ├─teal.osprey::tm_g_events_term_id(...) at test-tm_g_events_term_id.R:93:5
 2. │ └─teal.osprey:::migrate_choices_selected_to_variables(arm_var)
 3. └─teal.picks::picks(...)
 4.   └─teal.picks:::.check_picks(new_picks, check_dataset)</system-out>
    </testcase>
    <testcase time="0.890000000000001" classname="tm_g_events_term_id" name="tm_g_events_term_id_module_creation_using_picks_works"/>
    <testcase time="0.0469999999999988" classname="tm_g_events_term_id" name="tm_g_events_term_id_coerces_multiple_variable_selection">
      <system-out>variables has eager choices (character) while datasets has dynamic choices. It is not guaranteed that explicitly defined choices will be a subset of data selected in a previous element.
Backtrace:
    ▆
 1. └─teal.picks::picks(...) at test-tm_g_events_term_id.R:133:3
 2.   └─teal.picks:::.check_picks(new_picks, check_dataset)</system-out>
    </testcase>
    <testcase time="0.0120000000000005" classname="tm_g_events_term_id" name="tm_g_events_term_id_coerces_multiple_variable_selection">
      <system-out>variables has eager choices (character) while datasets has dynamic choices. It is not guaranteed that explicitly defined choices will be a subset of data selected in a previous element.
Backtrace:
    ▆
 1. └─teal.picks::picks(...) at test-tm_g_events_term_id.R:141:3
 2.   └─teal.picks:::.check_picks(new_picks, check_dataset)</system-out>
    </testcase>
    <testcase time="0.00900000000000034" classname="tm_g_events_term_id" name="tm_g_events_term_id_coerces_multiple_variable_selection"/>
    <testcase time="0.00399999999999956" classname="tm_g_events_term_id" name="tm_g_events_term_id_coerces_multiple_variable_selection"/>
  </testsuite>
  <testsuite name="tm_g_heat_bygrade" timestamp="2026-07-22T10:33:31Z" hostname="ca20ead96b49" tests="15" skipped="0" failures="0" errors="0" time="0.371">
    <testcase time="0.134" classname="tm_g_heat_bygrade" name="tm_g_heat_bygrade_argument_verification_plot_arguments_input_validation">
      <system-out>`id_var` was deprecated in teal.osprey 0.5.0.
ℹ Pass `teal.picks::variables()` (or a full `teal.picks::picks()` chain).
  Support for legacy `teal.transform::choices_selected()`, `filter_spec`, and
  `select_spec` is deprecated.
Backtrace:
    ▆
 1. ├─testthat::expect_error(...) at test-tm_g_heat_bygrade.R:80:5
 2. │ └─testthat:::quasi_capture(...)
 3. │   ├─testthat (local) .capture(...)
 4. │   │ └─base::withCallingHandlers(...)
 5. │   └─rlang::eval_bare(quo_get_expr(.quo), quo_get_env(.quo))
 6. ├─base::suppressWarnings(...) at test-tm_g_heat_bygrade.R:82:9
 7. │ └─base::withCallingHandlers(...)
 8. └─teal.osprey::tm_g_heat_bygrade(...)
 9.   └─teal.osprey:::migrate_choices_selected_to_variables(id_var)</system-out>
    </testcase>
    <testcase time="0.0289999999999999" classname="tm_g_heat_bygrade" name="tm_g_heat_bygrade_argument_verification_plot_arguments_input_validation">
      <system-out>`visit_var` was deprecated in teal.osprey 0.5.0.
ℹ Pass `teal.picks::variables()` (or a full `teal.picks::picks()` chain).
  Support for legacy `teal.transform::choices_selected()`, `filter_spec`, and
  `select_spec` is deprecated.
Backtrace:
    ▆
 1. ├─testthat::expect_error(...) at test-tm_g_heat_bygrade.R:80:5
 2. │ └─testthat:::quasi_capture(...)
 3. │   ├─testthat (local) .capture(...)
 4. │   │ └─base::withCallingHandlers(...)
 5. │   └─rlang::eval_bare(quo_get_expr(.quo), quo_get_env(.quo))
 6. ├─base::suppressWarnings(...) at test-tm_g_heat_bygrade.R:82:9
 7. │ └─base::withCallingHandlers(...)
 8. └─teal.osprey::tm_g_heat_bygrade(...)
 9.   └─teal.osprey:::migrate_choices_selected_to_variables(visit_var)</system-out>
    </testcase>
    <testcase time="0.027000000000001" classname="tm_g_heat_bygrade" name="tm_g_heat_bygrade_argument_verification_plot_arguments_input_validation">
      <system-out>`ongo_var` was deprecated in teal.osprey 0.5.0.
ℹ Pass `teal.picks::variables()` (or a full `teal.picks::picks()` chain).
  Support for legacy `teal.transform::choices_selected()`, `filter_spec`, and
  `select_spec` is deprecated.
Backtrace:
    ▆
 1. ├─testthat::expect_error(...) at test-tm_g_heat_bygrade.R:80:5
 2. │ └─testthat:::quasi_capture(...)
 3. │   ├─testthat (local) .capture(...)
 4. │   │ └─base::withCallingHandlers(...)
 5. │   └─rlang::eval_bare(quo_get_expr(.quo), quo_get_env(.quo))
 6. ├─base::suppressWarnings(...) at test-tm_g_heat_bygrade.R:82:9
 7. │ └─base::withCallingHandlers(...)
 8. └─teal.osprey::tm_g_heat_bygrade(...)
 9.   └─teal.osprey:::migrate_choices_selected_to_variables(ongo_var)</system-out>
    </testcase>
    <testcase time="0.0389999999999997" classname="tm_g_heat_bygrade" name="tm_g_heat_bygrade_argument_verification_plot_arguments_input_validation">
      <system-out>`anno_var` was deprecated in teal.osprey 0.5.0.
ℹ Pass `teal.picks::variables()` (or a full `teal.picks::picks()` chain).
  Support for legacy `teal.transform::choices_selected()`, `filter_spec`, and
  `select_spec` is deprecated.
Backtrace:
    ▆
 1. ├─testthat::expect_error(...) at test-tm_g_heat_bygrade.R:80:5
 2. │ └─testthat:::quasi_capture(...)
 3. │   ├─testthat (local) .capture(...)
 4. │   │ └─base::withCallingHandlers(...)
 5. │   └─rlang::eval_bare(quo_get_expr(.quo), quo_get_env(.quo))
 6. ├─base::suppressWarnings(...) at test-tm_g_heat_bygrade.R:82:9
 7. │ └─base::withCallingHandlers(...)
 8. └─teal.osprey::tm_g_heat_bygrade(...)
 9.   └─teal.osprey:::migrate_choices_selected_to_variables(anno_var)</system-out>
    </testcase>
    <testcase time="0.0309999999999988" classname="tm_g_heat_bygrade" name="tm_g_heat_bygrade_argument_verification_plot_arguments_input_validation">
      <system-out>`heat_var` was deprecated in teal.osprey 0.5.0.
ℹ Pass `teal.picks::variables()` (or a full `teal.picks::picks()` chain).
  Support for legacy `teal.transform::choices_selected()`, `filter_spec`, and
  `select_spec` is deprecated.
Backtrace:
    ▆
 1. ├─testthat::expect_error(...) at test-tm_g_heat_bygrade.R:80:5
 2. │ └─testthat:::quasi_capture(...)
 3. │   ├─testthat (local) .capture(...)
 4. │   │ └─base::withCallingHandlers(...)
 5. │   └─rlang::eval_bare(quo_get_expr(.quo), quo_get_env(.quo))
 6. ├─base::suppressWarnings(...) at test-tm_g_heat_bygrade.R:82:9
 7. │ └─base::withCallingHandlers(...)
 8. └─teal.osprey::tm_g_heat_bygrade(...)
 9.   └─teal.osprey:::migrate_choices_selected_to_variables(heat_var)</system-out>
    </testcase>
    <testcase time="0.0180000000000007" classname="tm_g_heat_bygrade" name="tm_g_heat_bygrade_argument_verification_plot_arguments_input_validation"/>
    <testcase time="0.0120000000000005" classname="tm_g_heat_bygrade" name="tm_g_heat_bygrade_argument_verification_plot_arguments_input_validation"/>
    <testcase time="0.0139999999999993" classname="tm_g_heat_bygrade" name="tm_g_heat_bygrade_module_creation_creates_a_teal_module_using_choices_selected"/>
    <testcase time="0.0250000000000004" classname="tm_g_heat_bygrade" name="tm_g_heat_bygrade_module_creation_creates_a_teal_module_using_choices_selected_with_conmed">
      <system-out>`conmed_var` was deprecated in teal.osprey 0.5.0.
ℹ Pass `teal.picks::variables()` (or a full `teal.picks::picks()` chain).
  Support for legacy `teal.transform::choices_selected()`, `filter_spec`, and
  `select_spec` is deprecated.
Backtrace:
    ▆
 1. ├─base::suppressWarnings(...) at test-tm_g_heat_bygrade.R:145:5
 2. │ └─base::withCallingHandlers(...)
 3. └─teal.osprey::tm_g_heat_bygrade(...)
 4.   └─teal.osprey:::migrate_choices_selected_to_variables(...)</system-out>
    </testcase>
    <testcase time="0.0129999999999999" classname="tm_g_heat_bygrade" name="tm_g_heat_bygrade_module_creation_creates_a_teal_module_using_choices_selected_with_conmed"/>
    <testcase time="0.00699999999999967" classname="tm_g_heat_bygrade" name="tm_g_heat_bygrade_module_creation_creates_a_teal_module_using_picks"/>
    <testcase time="0.0080000000000009" classname="tm_g_heat_bygrade" name="tm_g_heat_bygrade_module_creation_creates_a_teal_module_using_picks_with_conmed"/>
    <testcase time="0.00899999999999856" classname="tm_g_heat_bygrade" name="tm_g_heat_bygrade_module_creation_Throws_warning_when_converting_anno_var_to_multiple"/>
    <testcase time="0.00200000000000067" classname="tm_g_heat_bygrade" name="tm_g_heat_bygrade_module_creation_Throws_warning_when_converting_anno_var_to_multiple"/>
    <testcase time="0.00300000000000011" classname="tm_g_heat_bygrade" name="tm_g_heat_bygrade_module_creation_Throws_warning_when_converting_anno_var_to_multiple"/>
  </testsuite>
  <testsuite name="tm_g_spiderplot" timestamp="2026-07-22T10:33:31Z" hostname="ca20ead96b49" tests="19" skipped="0" failures="0" errors="0" time="5.638">
    <testcase time="0.0329999999999995" classname="tm_g_spiderplot" name="tm_g_spiderplot_argument_verification_plot_arguments_input_validation">
      <system-out>`paramcd` was deprecated in teal.osprey 0.5.0.
ℹ Pass `teal.picks::variables()` (or a full `teal.picks::picks()` chain).
  Support for legacy `teal.transform::choices_selected()`, `filter_spec`, and
  `select_spec` is deprecated.
Backtrace:
    ▆
 1. ├─testthat::expect_error(...) at test-tm_g_spiderplot.R:73:5
 2. │ └─testthat:::quasi_capture(...)
 3. │   ├─testthat (local) .capture(...)
 4. │   │ └─base::withCallingHandlers(...)
 5. │   └─rlang::eval_bare(quo_get_expr(.quo), quo_get_env(.quo))
 6. ├─base::suppressWarnings(...) at test-tm_g_spiderplot.R:75:9
 7. │ └─base::withCallingHandlers(...)
 8. └─teal.osprey::tm_g_spiderplot(...)
 9.   └─teal.osprey:::migrate_choices_selected_to_variables(paramcd)</system-out>
    </testcase>
    <testcase time="0.0360000000000014" classname="tm_g_spiderplot" name="tm_g_spiderplot_argument_verification_plot_arguments_input_validation">
      <system-out>`x_var` was deprecated in teal.osprey 0.5.0.
ℹ Pass `teal.picks::variables()` (or a full `teal.picks::picks()` chain).
  Support for legacy `teal.transform::choices_selected()`, `filter_spec`, and
  `select_spec` is deprecated.
Backtrace:
    ▆
 1. ├─testthat::expect_error(...) at test-tm_g_spiderplot.R:73:5
 2. │ └─testthat:::quasi_capture(...)
 3. │   ├─testthat (local) .capture(...)
 4. │   │ └─base::withCallingHandlers(...)
 5. │   └─rlang::eval_bare(quo_get_expr(.quo), quo_get_env(.quo))
 6. ├─base::suppressWarnings(...) at test-tm_g_spiderplot.R:75:9
 7. │ └─base::withCallingHandlers(...)
 8. └─teal.osprey::tm_g_spiderplot(...)
 9.   └─teal.osprey:::migrate_choices_selected_to_variables(x_var)</system-out>
    </testcase>
    <testcase time="0.032" classname="tm_g_spiderplot" name="tm_g_spiderplot_argument_verification_plot_arguments_input_validation">
      <system-out>`y_var` was deprecated in teal.osprey 0.5.0.
ℹ Pass `teal.picks::variables()` (or a full `teal.picks::picks()` chain).
  Support for legacy `teal.transform::choices_selected()`, `filter_spec`, and
  `select_spec` is deprecated.
Backtrace:
    ▆
 1. ├─testthat::expect_error(...) at test-tm_g_spiderplot.R:73:5
 2. │ └─testthat:::quasi_capture(...)
 3. │   ├─testthat (local) .capture(...)
 4. │   │ └─base::withCallingHandlers(...)
 5. │   └─rlang::eval_bare(quo_get_expr(.quo), quo_get_env(.quo))
 6. ├─base::suppressWarnings(...) at test-tm_g_spiderplot.R:75:9
 7. │ └─base::withCallingHandlers(...)
 8. └─teal.osprey::tm_g_spiderplot(...)
 9.   └─teal.osprey:::migrate_choices_selected_to_variables(y_var)</system-out>
    </testcase>
    <testcase time="0.0289999999999999" classname="tm_g_spiderplot" name="tm_g_spiderplot_argument_verification_plot_arguments_input_validation">
      <system-out>`marker_var` was deprecated in teal.osprey 0.5.0.
ℹ Pass `teal.picks::variables()` (or a full `teal.picks::picks()` chain).
  Support for legacy `teal.transform::choices_selected()`, `filter_spec`, and
  `select_spec` is deprecated.
Backtrace:
    ▆
 1. ├─testthat::expect_error(...) at test-tm_g_spiderplot.R:73:5
 2. │ └─testthat:::quasi_capture(...)
 3. │   ├─testthat (local) .capture(...)
 4. │   │ └─base::withCallingHandlers(...)
 5. │   └─rlang::eval_bare(quo_get_expr(.quo), quo_get_env(.quo))
 6. ├─base::suppressWarnings(...) at test-tm_g_spiderplot.R:75:9
 7. │ └─base::withCallingHandlers(...)
 8. └─teal.osprey::tm_g_spiderplot(...)
 9.   └─teal.osprey:::migrate_choices_selected_to_variables(marker_var)</system-out>
    </testcase>
    <testcase time="0.0279999999999987" classname="tm_g_spiderplot" name="tm_g_spiderplot_argument_verification_plot_arguments_input_validation">
      <system-out>`line_colorby_var` was deprecated in teal.osprey 0.5.0.
ℹ Pass `teal.picks::variables()` (or a full `teal.picks::picks()` chain).
  Support for legacy `teal.transform::choices_selected()`, `filter_spec`, and
  `select_spec` is deprecated.
Backtrace:
    ▆
 1. ├─testthat::expect_error(...) at test-tm_g_spiderplot.R:73:5
 2. │ └─testthat:::quasi_capture(...)
 3. │   ├─testthat (local) .capture(...)
 4. │   │ └─base::withCallingHandlers(...)
 5. │   └─rlang::eval_bare(quo_get_expr(.quo), quo_get_env(.quo))
 6. ├─base::suppressWarnings(...) at test-tm_g_spiderplot.R:75:9
 7. │ └─base::withCallingHandlers(...)
 8. └─teal.osprey::tm_g_spiderplot(...)
 9.   └─teal.osprey:::migrate_choices_selected_to_variables(line_colorby_var)</system-out>
    </testcase>
    <testcase time="0.027000000000001" classname="tm_g_spiderplot" name="tm_g_spiderplot_argument_verification_plot_arguments_input_validation">
      <system-out>`xfacet_var` was deprecated in teal.osprey 0.5.0.
ℹ Pass `teal.picks::variables()` (or a full `teal.picks::picks()` chain).
  Support for legacy `teal.transform::choices_selected()`, `filter_spec`, and
  `select_spec` is deprecated.
Backtrace:
    ▆
 1. ├─testthat::expect_error(...) at test-tm_g_spiderplot.R:73:5
 2. │ └─testthat:::quasi_capture(...)
 3. │   ├─testthat (local) .capture(...)
 4. │   │ └─base::withCallingHandlers(...)
 5. │   └─rlang::eval_bare(quo_get_expr(.quo), quo_get_env(.quo))
 6. ├─base::suppressWarnings(...) at test-tm_g_spiderplot.R:75:9
 7. │ └─base::withCallingHandlers(...)
 8. └─teal.osprey::tm_g_spiderplot(...)
 9.   └─teal.osprey:::migrate_choices_selected_to_variables(...)</system-out>
    </testcase>
    <testcase time="0.0279999999999987" classname="tm_g_spiderplot" name="tm_g_spiderplot_argument_verification_plot_arguments_input_validation">
      <system-out>`yfacet_var` was deprecated in teal.osprey 0.5.0.
ℹ Pass `teal.picks::variables()` (or a full `teal.picks::picks()` chain).
  Support for legacy `teal.transform::choices_selected()`, `filter_spec`, and
  `select_spec` is deprecated.
Backtrace:
    ▆
 1. ├─testthat::expect_error(...) at test-tm_g_spiderplot.R:73:5
 2. │ └─testthat:::quasi_capture(...)
 3. │   ├─testthat (local) .capture(...)
 4. │   │ └─base::withCallingHandlers(...)
 5. │   └─rlang::eval_bare(quo_get_expr(.quo), quo_get_env(.quo))
 6. ├─base::suppressWarnings(...) at test-tm_g_spiderplot.R:75:9
 7. │ └─base::withCallingHandlers(...)
 8. └─teal.osprey::tm_g_spiderplot(...)
 9.   └─teal.osprey:::migrate_choices_selected_to_variables(...)</system-out>
    </testcase>
    <testcase time="0.0190000000000001" classname="tm_g_spiderplot" name="tm_g_spiderplot_argument_verification_plot_arguments_input_validation"/>
    <testcase time="0.016" classname="tm_g_spiderplot" name="tm_g_spiderplot_argument_verification_plot_arguments_input_validation"/>
    <testcase time="0.0140000000000011" classname="tm_g_spiderplot" name="tm_g_spiderplot_argument_verification_Forcing_Conversion_from_multiple_picks_to_single"/>
    <testcase time="0.00799999999999912" classname="tm_g_spiderplot" name="tm_g_spiderplot_argument_verification_Forcing_Conversion_from_multiple_picks_to_single"/>
    <testcase time="0.0229999999999997" classname="tm_g_spiderplot" name="tm_g_spiderplot_module_creation_creates_a_teal_module_using_choices_selected_default_method_"/>
    <testcase time="0.011000000000001" classname="tm_g_spiderplot" name="tm_g_spiderplot_module_creation_creates_a_teal_module_using_picks_.pick_method_"/>
    <testcase time="1.841" classname="tm_g_spiderplot" name="tm_g_spiderplot_module_creation_module_using_choices_selected_works">
      <system-out>Removed 799 rows containing missing values or values outside the scale range
(`geom_line()`).
Backtrace:
      ▆
   1. ├─shiny::testServer(...) at test-tm_g_spiderplot.R:243:5
   2. │ ├─shiny:::withMockContext(...)
   3. │ │ ├─shiny::isolate(...)
   4. │ │ │ ├─shiny::..stacktraceoff..(...)
   5. │ │ │ └─ctx$run(...)
   6. │ │ │   ├─promises::with_promise_domain(...)
   7. │ │ │   │ └─domain$wrapSync(expr)
   8. │ │ │   ├─shiny::withReactiveDomain(...)
   9. │ │ │   │ └─promises::with_promise_domain(...)
  10. │ │ │   │   └─domain$wrapSync(expr)
  11. │ │ │   │     └─base::force(expr)
  12. │ │ │   ├─shiny:::with_otel_span_context(...)
  13. │ │ │   │ └─base::force(expr)
  14. │ │ │   ├─shiny::captureStackTraces(...)
  15. │ │ │   │ └─promises::with_promise_domain(...)
  16. │ │ │   │   └─domain$wrapSync(expr)
  17. │ │ │   │     └─base::withCallingHandlers(expr, error = doCaptureStack)
  18. │ │ │   └─env$runWith(self, func)
  19. │ │ │     └─shiny (local) contextFunc()
  20. │ │ │       └─shiny::..stacktraceon..(expr)
  21. │ │ ├─shiny::withReactiveDomain(...)
  22. │ │ │ └─promises::with_promise_domain(...)
  23. │ │ │   └─domain$wrapSync(expr)
  24. │ │ │     └─base::force(expr)
  25. │ │ └─withr::with_options(...)
  26. │ │   └─base::force(code)
  27. │ └─rlang::eval_tidy(quosure, mask, rlang::caller_env())
  28. └─session$setInputs(paramcd_val = "SLDINV", anno_txt_var = FALSE) at test-tm_g_spiderplot.R:247:9
  29.   └─self$setInputs(!!!mapNames(ns, rlang::dots_list(..., .homonyms = "error")))
  30.     └─private$flush()
  31.       └─shiny:::flushReact()
  32.         └─.getReactiveEnvironment()$flush()
  33.           └─ctx$executeFlushCallbacks()
  34.             └─base::lapply(...)
  35.               └─shiny (local) FUN(X[[i]], ...)
  36.                 └─shiny (local) flushCallback()
  37.                   ├─shiny:::hybrid_chain(...)
  38.                   │ └─shiny (local) do()
  39.                   │   ├─base::tryCatch(...)
  40.                   │   │ └─base (local) tryCatchList(expr, classes, parentenv, handlers)
  41.                   │   │   └─base (local) tryCatchOne(expr, names, parentenv, handlers[[1L]])
  42.                   │   │     └─base (local) doTryCatch(return(expr), name, parentenv, handler)
  43.                   │   ├─shiny::captureStackTraces(...)
  44.                   │   │ └─promises::with_promise_domain(...)
  45.                   │   │   └─domain$wrapSync(expr)
  46.                   │   │     └─base::withCallingHandlers(expr, error = doCaptureStack)
  47.                   │   ├─base::withVisible(force(expr))
  48.                   │   └─base::force(expr)
  49.                   ├─shiny:::shinyCallingHandlers(run())
  50.                   │ ├─base::withCallingHandlers(...)
  51.                   │ └─shiny::captureStackTraces(expr)
  52.                   │   └─promises::with_promise_domain(...)
  53.                   │     └─domain$wrapSync(expr)
  54.                   │       └─base::withCallingHandlers(expr, error = doCaptureStack)
  55.                   └─shiny (local) run()
  56.                     └─ctx$run(.func)
  57.                       ├─promises::with_promise_domain(...)
  58.                       │ └─domain$wrapSync(expr)
  59.                       ├─shiny::withReactiveDomain(...)
  60.                       │ └─promises::with_promise_domain(...)
  61.                       │   └─domain$wrapSync(expr)
  62.                       │     └─base::force(expr)
  63.                       ├─shiny:::with_otel_span_context(...)
  64.                       │ └─base::force(expr)
  65.                       ├─shiny::captureStackTraces(...)
  66.                       │ └─promises::with_promise_domain(...)
  67.                       │   └─domain$wrapSync(expr)
  68.                       │     └─base::withCallingHandlers(expr, error = doCaptureStack)
  69.                       └─env$runWith(self, func)
  70.                         └─shiny (local) contextFunc()
  71.                           ├─shiny::..stacktraceon..(`&lt;observer&gt;`(...))
  72.                           └─shiny (local) `&lt;observer&gt;`(...)
  73.                             └─shiny::observe()
  74.                               ├─base::tryCatch(...)
  75.                               │ └─base (local) tryCatchList(expr, classes, parentenv, handlers)
  76.                               │   └─base (local) tryCatchOne(expr, names, parentenv, handlers[[1L]])
  77.                               │     └─base (local) doTryCatch(return(expr), name, parentenv, handler)
  78.                               ├─private$withCurrentOutput(name, func(self, name))
  79.                               │ └─promises::with_promise_domain(...)
  80.                               │   └─domain$wrapSync(expr)
  81.                               │     └─base::force(expr)
  82.                               └─shiny (local) func(self, name)
  83.                                 ├─shiny::..stacktraceoff..(if (is.null(formals(renderFunc))) renderFunc() else renderFunc(...))
  84.                                 └─shiny (local) renderFunc(...)
  85.                                   ├─shiny:::hybrid_chain(...)
  86.                                   │ └─shiny (local) do()
  87.                                   │   ├─base::tryCatch(...)
  88.                                   │   │ └─base (local) tryCatchList(expr, classes, parentenv, handlers)
  89.                                   │   │   └─base (local) tryCatchOne(expr, names, parentenv, handlers[[1L]])
  90.                                   │   │     └─base (local) doTryCatch(return(expr), name, parentenv, handler)
  91.                                   │   ├─shiny::captureStackTraces(...)
  92.                                   │   │ └─promises::with_promise_domain(...)
  93.                                   │   │   └─domain$wrapSync(expr)
  94.                                   │   │     └─base::withCallingHandlers(expr, error = doCaptureStack)
  95.                                   │   ├─base::withVisible(force(expr))
  96.                                   │   └─base::force(expr)
  97.                                   └─shiny (local) drawReactive()
  98.                                     ├─shiny::..stacktraceoff..(self$.updateValue())
  99.                                     └─self$.updateValue()
 100.                                       └─ctx$run(...)
 101.                                         ├─promises::with_promise_domain(...)
 102.                                         │ └─domain$wrapSync(expr)
 103.                                         ├─shiny::withReactiveDomain(...)
 104.                                         │ └─promises::with_promise_domain(...)
 105.                                         │   └─domain$wrapSync(expr)
 106.                                         │     └─base::force(expr)
 107.                                         ├─shiny:::with_otel_span_context(...)
 108.                                         │ └─base::force(expr)
 109.                                         ├─shiny::captureStackTraces(...)
 110.                                         │ └─promises::with_promise_domain(...)
 111.                                         │   └─domain$wrapSync(expr)
 112.                                         │     └─base::withCallingHandlers(expr, error = doCaptureStack)
 113.                                         └─env$runWith(self, func)
 114.                                           └─shiny (local) contextFunc()
 115.                                             ├─base::withCallingHandlers(...)
 116.                                             ├─base::withVisible(.func())
 117.                                             └─shiny (local) .func()
 118.                                               ├─shiny::..stacktraceon..(`&lt;reactive:plotObj&gt;`(...))
 119.                                               └─shiny (local) `&lt;reactive:plotObj&gt;`(...)
 120.                                                 ├─shiny:::hybrid_chain(...)
 121.                                                 │ └─shiny (local) do()
 122.                                                 │   ├─base::tryCatch(...)
 123.                                                 │   │ └─base (local) tryCatchList(expr, classes, parentenv, handlers)
 124.                                                 │   │   └─base (local) tryCatchOne(expr, names, parentenv, handlers[[1L]])
 125.                                                 │   │     └─base (local) doTryCatch(return(expr), name, parentenv, handler)
 126.                                                 │   ├─shiny::captureStackTraces(...)
 127.                                                 │   │ └─promises::with_promise_domain(...)
 128.                                                 │   │   └─domain$wrapSync(expr)
 129.                                                 │   │     └─base::withCallingHandlers(expr, error = doCaptureStack)
 130.                                                 │   ├─base::withVisible(force(expr))
 131.                                                 │   └─base::force(expr)
 132.                                                 ├─base::do.call(...)
 133.                                                 └─shiny:::drawPlot(...)
 134.                                                   ├─shiny:::hybrid_chain(...)
 135.                                                   │ └─shiny (local) do()
 136.                                                   │   ├─base::tryCatch(...)
 137.                                                   │   │ └─base (local) tryCatchList(expr, classes, parentenv, handlers)
 138.                                                   │   │   └─base (local) tryCatchOne(expr, names, parentenv, handlers[[1L]])
 139.                                                   │   │     └─base (local) doTryCatch(return(expr), name, parentenv, handler)
 140.                                                   │   ├─shiny::captureStackTraces(...)
 141.                                                   │   │ └─promises::with_promise_domain(...)
 142.                                                   │   │   └─domain$wrapSync(expr)
 143.                                                   │   │     └─base::withCallingHandlers(expr, error = doCaptureStack)
 144.                                                   │   ├─base::withVisible(force(expr))
 145.                                                   │   └─base::force(expr)
 146.                                                   ├─shiny:::hybrid_chain(...)
 147.                                                   │ └─shiny (local) do()
 148.                                                   │   ├─base::tryCatch(...)
 149.                                                   │   │ └─base (local) tryCatchList(expr, classes, parentenv, handlers)
 150.                                                   │   │   └─base (local) tryCatchOne(expr, names, parentenv, handlers[[1L]])
 151.                                                   │   │     └─base (local) doTryCatch(return(expr), name, parentenv, handler)
 152.                                                   │   ├─shiny::captureStackTraces(...)
 153.                                                   │   │ └─promises::with_promise_domain(...)
 154.                                                   │   │   └─domain$wrapSync(expr)
 155.                                                   │   │     └─base::withCallingHandlers(expr, error = doCaptureStack)
 156.                                                   │   ├─base::withVisible(force(expr))
 157.                                                   │   └─base::force(expr)
 158.                                                   ├─promises::with_promise_domain(...)
 159.                                                   │ └─domain$wrapSync(expr)
 160.                                                   │   └─base::force(expr)
 161.                                                   └─shiny:::hybrid_chain(...)
 162.                                                     └─shiny (local) do()
 163.                                                       ├─base::tryCatch(...)
 164.                                                       │ └─base (local) tryCatchList(expr, classes, parentenv, handlers)
 165.                                                       │   └─base (local) tryCatchOne(expr, names, parentenv, handlers[[1L]])
 166.                                                       │     └─base (local) doTryCatch(return(expr), name, parentenv, handler)
 167.                                                       ├─shiny::captureStackTraces(...)
 168.                                                       │ └─promises::with_promise_domain(...)
 169.                                                       │   └─domain$wrapSync(expr)
 170.                                                       │     └─base::withCallingHandlers(expr, error = doCaptureStack)
 171.                                                       └─base::Reduce(...)
 172.                                                         └─shiny (local) f(init, x[[i]])
 173.                                                           ├─base::withVisible(func(v$value))
 174.                                                           └─shiny (local) func(v$value)
 175.                                                             ├─utils::capture.output(...)
 176.                                                             │ └─base::withVisible(...elt(i))
 177.                                                             ├─shiny::..stacktraceon..(print(res$value))
 178.                                                             ├─base::print(res$value)
 179.                                                             └─shiny (local) `print.ggplot2::ggplot`(res$value)
 180.                                                               ├─ggplot2::ggplot_gtable(build)
 181.                                                               └─ggplot2 (local) `ggplot_gtable.ggplot2::ggplot_built`(build)
 182.                                                                 └─ggplot2:::by_layer(...)
 183.                                                                   ├─rlang::try_fetch(...)
 184.                                                                   │ ├─base::tryCatch(...)
 185.                                                                   │ │ └─base (local) tryCatchList(expr, classes, parentenv, handlers)
 186.                                                                   │ │   └─base (local) tryCatchOne(expr, names, parentenv, handlers[[1L]])
 187.                                                                   │ │     └─base (local) doTryCatch(return(expr), name, parentenv, handler)
 188.                                                                   │ └─base::withCallingHandlers(...)
 189.                                                                   └─ggplot2 (local) f(l = layers[[i]], d = data[[i]])
 190.                                                                     └─l$draw_geom(d, layout)
 191.                                                                       └─ggplot2 (local) draw_geom(..., self = self)
 192.                                                                         └─self$geom$handle_na(data, self$computed_geom_params)
 193.                                                                           └─ggplot2 (local) handle_na(..., self = self)
 194.                                                                             └─cli::cli_warn(...)</system-out>
    </testcase>
    <testcase time="0.18" classname="tm_g_spiderplot" name="tm_g_spiderplot_module_creation_module_using_choices_selected_works">
      <system-out>Removed 800 rows containing missing values or values outside the scale range
(`geom_point()`).
Backtrace:
      ▆
   1. ├─shiny::testServer(...) at test-tm_g_spiderplot.R:243:5
   2. │ ├─shiny:::withMockContext(...)
   3. │ │ ├─shiny::isolate(...)
   4. │ │ │ ├─shiny::..stacktraceoff..(...)
   5. │ │ │ └─ctx$run(...)
   6. │ │ │   ├─promises::with_promise_domain(...)
   7. │ │ │   │ └─domain$wrapSync(expr)
   8. │ │ │   ├─shiny::withReactiveDomain(...)
   9. │ │ │   │ └─promises::with_promise_domain(...)
  10. │ │ │   │   └─domain$wrapSync(expr)
  11. │ │ │   │     └─base::force(expr)
  12. │ │ │   ├─shiny:::with_otel_span_context(...)
  13. │ │ │   │ └─base::force(expr)
  14. │ │ │   ├─shiny::captureStackTraces(...)
  15. │ │ │   │ └─promises::with_promise_domain(...)
  16. │ │ │   │   └─domain$wrapSync(expr)
  17. │ │ │   │     └─base::withCallingHandlers(expr, error = doCaptureStack)
  18. │ │ │   └─env$runWith(self, func)
  19. │ │ │     └─shiny (local) contextFunc()
  20. │ │ │       └─shiny::..stacktraceon..(expr)
  21. │ │ ├─shiny::withReactiveDomain(...)
  22. │ │ │ └─promises::with_promise_domain(...)
  23. │ │ │   └─domain$wrapSync(expr)
  24. │ │ │     └─base::force(expr)
  25. │ │ └─withr::with_options(...)
  26. │ │   └─base::force(code)
  27. │ └─rlang::eval_tidy(quosure, mask, rlang::caller_env())
  28. └─session$setInputs(paramcd_val = "SLDINV", anno_txt_var = FALSE) at test-tm_g_spiderplot.R:247:9
  29.   └─self$setInputs(!!!mapNames(ns, rlang::dots_list(..., .homonyms = "error")))
  30.     └─private$flush()
  31.       └─shiny:::flushReact()
  32.         └─.getReactiveEnvironment()$flush()
  33.           └─ctx$executeFlushCallbacks()
  34.             └─base::lapply(...)
  35.               └─shiny (local) FUN(X[[i]], ...)
  36.                 └─shiny (local) flushCallback()
  37.                   ├─shiny:::hybrid_chain(...)
  38.                   │ └─shiny (local) do()
  39.                   │   ├─base::tryCatch(...)
  40.                   │   │ └─base (local) tryCatchList(expr, classes, parentenv, handlers)
  41.                   │   │   └─base (local) tryCatchOne(expr, names, parentenv, handlers[[1L]])
  42.                   │   │     └─base (local) doTryCatch(return(expr), name, parentenv, handler)
  43.                   │   ├─shiny::captureStackTraces(...)
  44.                   │   │ └─promises::with_promise_domain(...)
  45.                   │   │   └─domain$wrapSync(expr)
  46.                   │   │     └─base::withCallingHandlers(expr, error = doCaptureStack)
  47.                   │   ├─base::withVisible(force(expr))
  48.                   │   └─base::force(expr)
  49.                   ├─shiny:::shinyCallingHandlers(run())
  50.                   │ ├─base::withCallingHandlers(...)
  51.                   │ └─shiny::captureStackTraces(expr)
  52.                   │   └─promises::with_promise_domain(...)
  53.                   │     └─domain$wrapSync(expr)
  54.                   │       └─base::withCallingHandlers(expr, error = doCaptureStack)
  55.                   └─shiny (local) run()
  56.                     └─ctx$run(.func)
  57.                       ├─promises::with_promise_domain(...)
  58.                       │ └─domain$wrapSync(expr)
  59.                       ├─shiny::withReactiveDomain(...)
  60.                       │ └─promises::with_promise_domain(...)
  61.                       │   └─domain$wrapSync(expr)
  62.                       │     └─base::force(expr)
  63.                       ├─shiny:::with_otel_span_context(...)
  64.                       │ └─base::force(expr)
  65.                       ├─shiny::captureStackTraces(...)
  66.                       │ └─promises::with_promise_domain(...)
  67.                       │   └─domain$wrapSync(expr)
  68.                       │     └─base::withCallingHandlers(expr, error = doCaptureStack)
  69.                       └─env$runWith(self, func)
  70.                         └─shiny (local) contextFunc()
  71.                           ├─shiny::..stacktraceon..(`&lt;observer&gt;`(...))
  72.                           └─shiny (local) `&lt;observer&gt;`(...)
  73.                             └─shiny::observe()
  74.                               ├─base::tryCatch(...)
  75.                               │ └─base (local) tryCatchList(expr, classes, parentenv, handlers)
  76.                               │   └─base (local) tryCatchOne(expr, names, parentenv, handlers[[1L]])
  77.                               │     └─base (local) doTryCatch(return(expr), name, parentenv, handler)
  78.                               ├─private$withCurrentOutput(name, func(self, name))
  79.                               │ └─promises::with_promise_domain(...)
  80.                               │   └─domain$wrapSync(expr)
  81.                               │     └─base::force(expr)
  82.                               └─shiny (local) func(self, name)
  83.                                 ├─shiny::..stacktraceoff..(if (is.null(formals(renderFunc))) renderFunc() else renderFunc(...))
  84.                                 └─shiny (local) renderFunc(...)
  85.                                   ├─shiny:::hybrid_chain(...)
  86.                                   │ └─shiny (local) do()
  87.                                   │   ├─base::tryCatch(...)
  88.                                   │   │ └─base (local) tryCatchList(expr, classes, parentenv, handlers)
  89.                                   │   │   └─base (local) tryCatchOne(expr, names, parentenv, handlers[[1L]])
  90.                                   │   │     └─base (local) doTryCatch(return(expr), name, parentenv, handler)
  91.                                   │   ├─shiny::captureStackTraces(...)
  92.                                   │   │ └─promises::with_promise_domain(...)
  93.                                   │   │   └─domain$wrapSync(expr)
  94.                                   │   │     └─base::withCallingHandlers(expr, error = doCaptureStack)
  95.                                   │   ├─base::withVisible(force(expr))
  96.                                   │   └─base::force(expr)
  97.                                   └─shiny (local) drawReactive()
  98.                                     ├─shiny::..stacktraceoff..(self$.updateValue())
  99.                                     └─self$.updateValue()
 100.                                       └─ctx$run(...)
 101.                                         ├─promises::with_promise_domain(...)
 102.                                         │ └─domain$wrapSync(expr)
 103.                                         ├─shiny::withReactiveDomain(...)
 104.                                         │ └─promises::with_promise_domain(...)
 105.                                         │   └─domain$wrapSync(expr)
 106.                                         │     └─base::force(expr)
 107.                                         ├─shiny:::with_otel_span_context(...)
 108.                                         │ └─base::force(expr)
 109.                                         ├─shiny::captureStackTraces(...)
 110.                                         │ └─promises::with_promise_domain(...)
 111.                                         │   └─domain$wrapSync(expr)
 112.                                         │     └─base::withCallingHandlers(expr, error = doCaptureStack)
 113.                                         └─env$runWith(self, func)
 114.                                           └─shiny (local) contextFunc()
 115.                                             ├─base::withCallingHandlers(...)
 116.                                             ├─base::withVisible(.func())
 117.                                             └─shiny (local) .func()
 118.                                               ├─shiny::..stacktraceon..(`&lt;reactive:plotObj&gt;`(...))
 119.                                               └─shiny (local) `&lt;reactive:plotObj&gt;`(...)
 120.                                                 ├─shiny:::hybrid_chain(...)
 121.                                                 │ └─shiny (local) do()
 122.                                                 │   ├─base::tryCatch(...)
 123.                                                 │   │ └─base (local) tryCatchList(expr, classes, parentenv, handlers)
 124.                                                 │   │   └─base (local) tryCatchOne(expr, names, parentenv, handlers[[1L]])
 125.                                                 │   │     └─base (local) doTryCatch(return(expr), name, parentenv, handler)
 126.                                                 │   ├─shiny::captureStackTraces(...)
 127.                                                 │   │ └─promises::with_promise_domain(...)
 128.                                                 │   │   └─domain$wrapSync(expr)
 129.                                                 │   │     └─base::withCallingHandlers(expr, error = doCaptureStack)
 130.                                                 │   ├─base::withVisible(force(expr))
 131.                                                 │   └─base::force(expr)
 132.                                                 ├─base::do.call(...)
 133.                                                 └─shiny:::drawPlot(...)
 134.                                                   ├─shiny:::hybrid_chain(...)
 135.                                                   │ └─shiny (local) do()
 136.                                                   │   ├─base::tryCatch(...)
 137.                                                   │   │ └─base (local) tryCatchList(expr, classes, parentenv, handlers)
 138.                                                   │   │   └─base (local) tryCatchOne(expr, names, parentenv, handlers[[1L]])
 139.                                                   │   │     └─base (local) doTryCatch(return(expr), name, parentenv, handler)
 140.                                                   │   ├─shiny::captureStackTraces(...)
 141.                                                   │   │ └─promises::with_promise_domain(...)
 142.                                                   │   │   └─domain$wrapSync(expr)
 143.                                                   │   │     └─base::withCallingHandlers(expr, error = doCaptureStack)
 144.                                                   │   ├─base::withVisible(force(expr))
 145.                                                   │   └─base::force(expr)
 146.                                                   ├─shiny:::hybrid_chain(...)
 147.                                                   │ └─shiny (local) do()
 148.                                                   │   ├─base::tryCatch(...)
 149.                                                   │   │ └─base (local) tryCatchList(expr, classes, parentenv, handlers)
 150.                                                   │   │   └─base (local) tryCatchOne(expr, names, parentenv, handlers[[1L]])
 151.                                                   │   │     └─base (local) doTryCatch(return(expr), name, parentenv, handler)
 152.                                                   │   ├─shiny::captureStackTraces(...)
 153.                                                   │   │ └─promises::with_promise_domain(...)
 154.                                                   │   │   └─domain$wrapSync(expr)
 155.                                                   │   │     └─base::withCallingHandlers(expr, error = doCaptureStack)
 156.                                                   │   ├─base::withVisible(force(expr))
 157.                                                   │   └─base::force(expr)
 158.                                                   ├─promises::with_promise_domain(...)
 159.                                                   │ └─domain$wrapSync(expr)
 160.                                                   │   └─base::force(expr)
 161.                                                   └─shiny:::hybrid_chain(...)
 162.                                                     └─shiny (local) do()
 163.                                                       ├─base::tryCatch(...)
 164.                                                       │ └─base (local) tryCatchList(expr, classes, parentenv, handlers)
 165.                                                       │   └─base (local) tryCatchOne(expr, names, parentenv, handlers[[1L]])
 166.                                                       │     └─base (local) doTryCatch(return(expr), name, parentenv, handler)
 167.                                                       ├─shiny::captureStackTraces(...)
 168.                                                       │ └─promises::with_promise_domain(...)
 169.                                                       │   └─domain$wrapSync(expr)
 170.                                                       │     └─base::withCallingHandlers(expr, error = doCaptureStack)
 171.                                                       └─base::Reduce(...)
 172.                                                         └─shiny (local) f(init, x[[i]])
 173.                                                           ├─base::withVisible(func(v$value))
 174.                                                           └─shiny (local) func(v$value)
 175.                                                             ├─utils::capture.output(...)
 176.                                                             │ └─base::withVisible(...elt(i))
 177.                                                             ├─shiny::..stacktraceon..(print(res$value))
 178.                                                             ├─base::print(res$value)
 179.                                                             └─shiny (local) `print.ggplot2::ggplot`(res$value)
 180.                                                               ├─ggplot2::ggplot_gtable(build)
 181.                                                               └─ggplot2 (local) `ggplot_gtable.ggplot2::ggplot_built`(build)
 182.                                                                 └─ggplot2:::by_layer(...)
 183.                                                                   ├─rlang::try_fetch(...)
 184.                                                                   │ ├─base::tryCatch(...)
 185.                                                                   │ │ └─base (local) tryCatchList(expr, classes, parentenv, handlers)
 186.                                                                   │ │   └─base (local) tryCatchOne(expr, names, parentenv, handlers[[1L]])
 187.                                                                   │ │     └─base (local) doTryCatch(return(expr), name, parentenv, handler)
 188.                                                                   │ └─base::withCallingHandlers(...)
 189.                                                                   └─ggplot2 (local) f(l = layers[[i]], d = data[[i]])
 190.                                                                     └─l$draw_geom(d, layout)
 191.                                                                       └─ggplot2 (local) draw_geom(..., self = self)
 192.                                                                         └─self$geom$handle_na(data, self$computed_geom_params)
 193.                                                                           └─ggplot2 (local) handle_na(..., self = self)
 194.                                                                             └─ggplot2::remove_missing(...)
 195.                                                                               └─cli::cli_warn(msg)</system-out>
    </testcase>
    <testcase time="0.395999999999997" classname="tm_g_spiderplot" name="tm_g_spiderplot_module_creation_module_using_choices_selected_works"/>
    <testcase time="2.386" classname="tm_g_spiderplot" name="tm_g_spiderplot_module_creation_module_using_picks_works">
      <system-out>Removed 799 rows containing missing values or values outside the scale range
(`geom_line()`).
Backtrace:
      ▆
   1. ├─shiny::testServer(...) at test-tm_g_spiderplot.R:279:5
   2. │ ├─shiny:::withMockContext(...)
   3. │ │ ├─shiny::isolate(...)
   4. │ │ │ ├─shiny::..stacktraceoff..(...)
   5. │ │ │ └─ctx$run(...)
   6. │ │ │   ├─promises::with_promise_domain(...)
   7. │ │ │   │ └─domain$wrapSync(expr)
   8. │ │ │   ├─shiny::withReactiveDomain(...)
   9. │ │ │   │ └─promises::with_promise_domain(...)
  10. │ │ │   │   └─domain$wrapSync(expr)
  11. │ │ │   │     └─base::force(expr)
  12. │ │ │   ├─shiny:::with_otel_span_context(...)
  13. │ │ │   │ └─base::force(expr)
  14. │ │ │   ├─shiny::captureStackTraces(...)
  15. │ │ │   │ └─promises::with_promise_domain(...)
  16. │ │ │   │   └─domain$wrapSync(expr)
  17. │ │ │   │     └─base::withCallingHandlers(expr, error = doCaptureStack)
  18. │ │ │   └─env$runWith(self, func)
  19. │ │ │     └─shiny (local) contextFunc()
  20. │ │ │       └─shiny::..stacktraceon..(expr)
  21. │ │ ├─shiny::withReactiveDomain(...)
  22. │ │ │ └─promises::with_promise_domain(...)
  23. │ │ │   └─domain$wrapSync(expr)
  24. │ │ │     └─base::force(expr)
  25. │ │ └─withr::with_options(...)
  26. │ │   └─base::force(code)
  27. │ └─rlang::eval_tidy(quosure, mask, rlang::caller_env())
  28. └─session$setInputs(paramcd_val = "SLDINV", anno_txt_var = FALSE) at test-tm_g_spiderplot.R:283:9
  29.   └─self$setInputs(!!!mapNames(ns, rlang::dots_list(..., .homonyms = "error")))
  30.     └─private$flush()
  31.       └─shiny:::flushReact()
  32.         └─.getReactiveEnvironment()$flush()
  33.           └─ctx$executeFlushCallbacks()
  34.             └─base::lapply(...)
  35.               └─shiny (local) FUN(X[[i]], ...)
  36.                 └─shiny (local) flushCallback()
  37.                   ├─shiny:::hybrid_chain(...)
  38.                   │ └─shiny (local) do()
  39.                   │   ├─base::tryCatch(...)
  40.                   │   │ └─base (local) tryCatchList(expr, classes, parentenv, handlers)
  41.                   │   │   └─base (local) tryCatchOne(expr, names, parentenv, handlers[[1L]])
  42.                   │   │     └─base (local) doTryCatch(return(expr), name, parentenv, handler)
  43.                   │   ├─shiny::captureStackTraces(...)
  44.                   │   │ └─promises::with_promise_domain(...)
  45.                   │   │   └─domain$wrapSync(expr)
  46.                   │   │     └─base::withCallingHandlers(expr, error = doCaptureStack)
  47.                   │   ├─base::withVisible(force(expr))
  48.                   │   └─base::force(expr)
  49.                   ├─shiny:::shinyCallingHandlers(run())
  50.                   │ ├─base::withCallingHandlers(...)
  51.                   │ └─shiny::captureStackTraces(expr)
  52.                   │   └─promises::with_promise_domain(...)
  53.                   │     └─domain$wrapSync(expr)
  54.                   │       └─base::withCallingHandlers(expr, error = doCaptureStack)
  55.                   └─shiny (local) run()
  56.                     └─ctx$run(.func)
  57.                       ├─promises::with_promise_domain(...)
  58.                       │ └─domain$wrapSync(expr)
  59.                       ├─shiny::withReactiveDomain(...)
  60.                       │ └─promises::with_promise_domain(...)
  61.                       │   └─domain$wrapSync(expr)
  62.                       │     └─base::force(expr)
  63.                       ├─shiny:::with_otel_span_context(...)
  64.                       │ └─base::force(expr)
  65.                       ├─shiny::captureStackTraces(...)
  66.                       │ └─promises::with_promise_domain(...)
  67.                       │   └─domain$wrapSync(expr)
  68.                       │     └─base::withCallingHandlers(expr, error = doCaptureStack)
  69.                       └─env$runWith(self, func)
  70.                         └─shiny (local) contextFunc()
  71.                           ├─shiny::..stacktraceon..(`&lt;observer&gt;`(...))
  72.                           └─shiny (local) `&lt;observer&gt;`(...)
  73.                             └─shiny::observe()
  74.                               ├─base::tryCatch(...)
  75.                               │ └─base (local) tryCatchList(expr, classes, parentenv, handlers)
  76.                               │   └─base (local) tryCatchOne(expr, names, parentenv, handlers[[1L]])
  77.                               │     └─base (local) doTryCatch(return(expr), name, parentenv, handler)
  78.                               ├─private$withCurrentOutput(name, func(self, name))
  79.                               │ └─promises::with_promise_domain(...)
  80.                               │   └─domain$wrapSync(expr)
  81.                               │     └─base::force(expr)
  82.                               └─shiny (local) func(self, name)
  83.                                 ├─shiny::..stacktraceoff..(if (is.null(formals(renderFunc))) renderFunc() else renderFunc(...))
  84.                                 └─shiny (local) renderFunc(...)
  85.                                   ├─shiny:::hybrid_chain(...)
  86.                                   │ └─shiny (local) do()
  87.                                   │   ├─base::tryCatch(...)
  88.                                   │   │ └─base (local) tryCatchList(expr, classes, parentenv, handlers)
  89.                                   │   │   └─base (local) tryCatchOne(expr, names, parentenv, handlers[[1L]])
  90.                                   │   │     └─base (local) doTryCatch(return(expr), name, parentenv, handler)
  91.                                   │   ├─shiny::captureStackTraces(...)
  92.                                   │   │ └─promises::with_promise_domain(...)
  93.                                   │   │   └─domain$wrapSync(expr)
  94.                                   │   │     └─base::withCallingHandlers(expr, error = doCaptureStack)
  95.                                   │   ├─base::withVisible(force(expr))
  96.                                   │   └─base::force(expr)
  97.                                   └─shiny (local) drawReactive()
  98.                                     ├─shiny::..stacktraceoff..(self$.updateValue())
  99.                                     └─self$.updateValue()
 100.                                       └─ctx$run(...)
 101.                                         ├─promises::with_promise_domain(...)
 102.                                         │ └─domain$wrapSync(expr)
 103.                                         ├─shiny::withReactiveDomain(...)
 104.                                         │ └─promises::with_promise_domain(...)
 105.                                         │   └─domain$wrapSync(expr)
 106.                                         │     └─base::force(expr)
 107.                                         ├─shiny:::with_otel_span_context(...)
 108.                                         │ └─base::force(expr)
 109.                                         ├─shiny::captureStackTraces(...)
 110.                                         │ └─promises::with_promise_domain(...)
 111.                                         │   └─domain$wrapSync(expr)
 112.                                         │     └─base::withCallingHandlers(expr, error = doCaptureStack)
 113.                                         └─env$runWith(self, func)
 114.                                           └─shiny (local) contextFunc()
 115.                                             ├─base::withCallingHandlers(...)
 116.                                             ├─base::withVisible(.func())
 117.                                             └─shiny (local) .func()
 118.                                               ├─shiny::..stacktraceon..(`&lt;reactive:plotObj&gt;`(...))
 119.                                               └─shiny (local) `&lt;reactive:plotObj&gt;`(...)
 120.                                                 ├─shiny:::hybrid_chain(...)
 121.                                                 │ └─shiny (local) do()
 122.                                                 │   ├─base::tryCatch(...)
 123.                                                 │   │ └─base (local) tryCatchList(expr, classes, parentenv, handlers)
 124.                                                 │   │   └─base (local) tryCatchOne(expr, names, parentenv, handlers[[1L]])
 125.                                                 │   │     └─base (local) doTryCatch(return(expr), name, parentenv, handler)
 126.                                                 │   ├─shiny::captureStackTraces(...)
 127.                                                 │   │ └─promises::with_promise_domain(...)
 128.                                                 │   │   └─domain$wrapSync(expr)
 129.                                                 │   │     └─base::withCallingHandlers(expr, error = doCaptureStack)
 130.                                                 │   ├─base::withVisible(force(expr))
 131.                                                 │   └─base::force(expr)
 132.                                                 ├─base::do.call(...)
 133.                                                 └─shiny:::drawPlot(...)
 134.                                                   ├─shiny:::hybrid_chain(...)
 135.                                                   │ └─shiny (local) do()
 136.                                                   │   ├─base::tryCatch(...)
 137.                                                   │   │ └─base (local) tryCatchList(expr, classes, parentenv, handlers)
 138.                                                   │   │   └─base (local) tryCatchOne(expr, names, parentenv, handlers[[1L]])
 139.                                                   │   │     └─base (local) doTryCatch(return(expr), name, parentenv, handler)
 140.                                                   │   ├─shiny::captureStackTraces(...)
 141.                                                   │   │ └─promises::with_promise_domain(...)
 142.                                                   │   │   └─domain$wrapSync(expr)
 143.                                                   │   │     └─base::withCallingHandlers(expr, error = doCaptureStack)
 144.                                                   │   ├─base::withVisible(force(expr))
 145.                                                   │   └─base::force(expr)
 146.                                                   ├─shiny:::hybrid_chain(...)
 147.                                                   │ └─shiny (local) do()
 148.                                                   │   ├─base::tryCatch(...)
 149.                                                   │   │ └─base (local) tryCatchList(expr, classes, parentenv, handlers)
 150.                                                   │   │   └─base (local) tryCatchOne(expr, names, parentenv, handlers[[1L]])
 151.                                                   │   │     └─base (local) doTryCatch(return(expr), name, parentenv, handler)
 152.                                                   │   ├─shiny::captureStackTraces(...)
 153.                                                   │   │ └─promises::with_promise_domain(...)
 154.                                                   │   │   └─domain$wrapSync(expr)
 155.                                                   │   │     └─base::withCallingHandlers(expr, error = doCaptureStack)
 156.                                                   │   ├─base::withVisible(force(expr))
 157.                                                   │   └─base::force(expr)
 158.                                                   ├─promises::with_promise_domain(...)
 159.                                                   │ └─domain$wrapSync(expr)
 160.                                                   │   └─base::force(expr)
 161.                                                   └─shiny:::hybrid_chain(...)
 162.                                                     └─shiny (local) do()
 163.                                                       ├─base::tryCatch(...)
[...]
  82.                               └─shiny (local) func(self, name)
  83.                                 ├─shiny::..stacktraceoff..(if (is.null(formals(renderFunc))) renderFunc() else renderFunc(...))
  84.                                 └─shiny (local) renderFunc(...)
  85.                                   ├─shiny:::hybrid_chain(...)
  86.                                   │ └─shiny (local) do()
  87.                                   │   ├─base::tryCatch(...)
  88.                                   │   │ └─base (local) tryCatchList(expr, classes, parentenv, handlers)
  89.                                   │   │   └─base (local) tryCatchOne(expr, names, parentenv, handlers[[1L]])
  90.                                   │   │     └─base (local) doTryCatch(return(expr), name, parentenv, handler)
  91.                                   │   ├─shiny::captureStackTraces(...)
  92.                                   │   │ └─promises::with_promise_domain(...)
  93.                                   │   │   └─domain$wrapSync(expr)
  94.                                   │   │     └─base::withCallingHandlers(expr, error = doCaptureStack)
  95.                                   │   ├─base::withVisible(force(expr))
  96.                                   │   └─base::force(expr)
  97.                                   └─shiny (local) drawReactive()
  98.                                     ├─shiny::..stacktraceoff..(self$.updateValue())
  99.                                     └─self$.updateValue()
 100.                                       └─ctx$run(...)
 101.                                         ├─promises::with_promise_domain(...)
 102.                                         │ └─domain$wrapSync(expr)
 103.                                         ├─shiny::withReactiveDomain(...)
 104.                                         │ └─promises::with_promise_domain(...)
 105.                                         │   └─domain$wrapSync(expr)
 106.                                         │     └─base::force(expr)
 107.                                         ├─shiny:::with_otel_span_context(...)
 108.                                         │ └─base::force(expr)
 109.                                         ├─shiny::captureStackTraces(...)
 110.                                         │ └─promises::with_promise_domain(...)
 111.                                         │   └─domain$wrapSync(expr)
 112.                                         │     └─base::withCallingHandlers(expr, error = doCaptureStack)
 113.                                         └─env$runWith(self, func)
 114.                                           └─shiny (local) contextFunc()
 115.                                             ├─base::withCallingHandlers(...)
 116.                                             ├─base::withVisible(.func())
 117.                                             └─shiny (local) .func()
 118.                                               ├─shiny::..stacktraceon..(`&lt;reactive:plotObj&gt;`(...))
 119.                                               └─shiny (local) `&lt;reactive:plotObj&gt;`(...)
 120.                                                 ├─shiny:::hybrid_chain(...)
 121.                                                 │ └─shiny (local) do()
 122.                                                 │   ├─base::tryCatch(...)
 123.                                                 │   │ └─base (local) tryCatchList(expr, classes, parentenv, handlers)
 124.                                                 │   │   └─base (local) tryCatchOne(expr, names, parentenv, handlers[[1L]])
 125.                                                 │   │     └─base (local) doTryCatch(return(expr), name, parentenv, handler)
 126.                                                 │   ├─shiny::captureStackTraces(...)
 127.                                                 │   │ └─promises::with_promise_domain(...)
 128.                                                 │   │   └─domain$wrapSync(expr)
 129.                                                 │   │     └─base::withCallingHandlers(expr, error = doCaptureStack)
 130.                                                 │   ├─base::withVisible(force(expr))
 131.                                                 │   └─base::force(expr)
 132.                                                 ├─base::do.call(...)
 133.                                                 └─shiny:::drawPlot(...)
 134.                                                   ├─shiny:::hybrid_chain(...)
 135.                                                   │ └─shiny (local) do()
 136.                                                   │   ├─base::tryCatch(...)
 137.                                                   │   │ └─base (local) tryCatchList(expr, classes, parentenv, handlers)
 138.                                                   │   │   └─base (local) tryCatchOne(expr, names, parentenv, handlers[[1L]])
 139.                                                   │   │     └─base (local) doTryCatch(return(expr), name, parentenv, handler)
 140.                                                   │   ├─shiny::captureStackTraces(...)
 141.                                                   │   │ └─promises::with_promise_domain(...)
 142.                                                   │   │   └─domain$wrapSync(expr)
 143.                                                   │   │     └─base::withCallingHandlers(expr, error = doCaptureStack)
 144.                                                   │   ├─base::withVisible(force(expr))
 145.                                                   │   └─base::force(expr)
 146.                                                   ├─shiny:::hybrid_chain(...)
 147.                                                   │ └─shiny (local) do()
 148.                                                   │   ├─base::tryCatch(...)
 149.                                                   │   │ └─base (local) tryCatchList(expr, classes, parentenv, handlers)
 150.                                                   │   │   └─base (local) tryCatchOne(expr, names, parentenv, handlers[[1L]])
 151.                                                   │   │     └─base (local) doTryCatch(return(expr), name, parentenv, handler)
 152.                                                   │   ├─shiny::captureStackTraces(...)
 153.                                                   │   │ └─promises::with_promise_domain(...)
 154.                                                   │   │   └─domain$wrapSync(expr)
 155.                                                   │   │     └─base::withCallingHandlers(expr, error = doCaptureStack)
 156.                                                   │   ├─base::withVisible(force(expr))
 157.                                                   │   └─base::force(expr)
 158.                                                   ├─promises::with_promise_domain(...)
 159.                                                   │ └─domain$wrapSync(expr)
 160.                                                   │   └─base::force(expr)
 161.                                                   └─shiny:::hybrid_chain(...)
 162.                                                     └─shiny (local) do()
 163.                                                       ├─base::tryCatch(...)
 164.                                                       │ └─base (local) tryCatchList(expr, classes, parentenv, handlers)
 165.                                                       │   └─base (local) tryCatchOne(expr, names, parentenv, handlers[[1L]])
 166.                                                       │     └─base (local) doTryCatch(return(expr), name, parentenv, handler)
 167.                                                       ├─shiny::captureStackTraces(...)
 168.                                                       │ └─promises::with_promise_domain(...)
 169.                                                       │   └─domain$wrapSync(expr)
 170.                                                       │     └─base::withCallingHandlers(expr, error = doCaptureStack)
 171.                                                       └─base::Reduce(...)
 172.                                                         └─shiny (local) f(init, x[[i]])
 173.                                                           ├─base::withVisible(func(v$value))
 174.                                                           └─shiny (local) func(v$value)
 175.                                                             ├─utils::capture.output(...)
 176.                                                             │ └─base::withVisible(...elt(i))
 177.                                                             ├─shiny::..stacktraceon..(print(res$value))
 178.                                                             ├─base::print(res$value)
 179.                                                             └─shiny (local) `print.ggplot2::ggplot`(res$value)
 180.                                                               ├─ggplot2::ggplot_gtable(build)
 181.                                                               └─ggplot2 (local) `ggplot_gtable.ggplot2::ggplot_built`(build)
 182.                                                                 └─ggplot2:::by_layer(...)
 183.                                                                   ├─rlang::try_fetch(...)
 184.                                                                   │ ├─base::tryCatch(...)
 185.                                                                   │ │ └─base (local) tryCatchList(expr, classes, parentenv, handlers)
 186.                                                                   │ │   └─base (local) tryCatchOne(expr, names, parentenv, handlers[[1L]])
 187.                                                                   │ │     └─base (local) doTryCatch(return(expr), name, parentenv, handler)
 188.                                                                   │ └─base::withCallingHandlers(...)
 189.                                                                   └─ggplot2 (local) f(l = layers[[i]], d = data[[i]])
 190.                                                                     └─l$draw_geom(d, layout)
 191.                                                                       └─ggplot2 (local) draw_geom(..., self = self)
 192.                                                                         └─self$geom$handle_na(data, self$computed_geom_params)
 193.                                                                           └─ggplot2 (local) handle_na(..., self = self)
 194.                                                                             └─ggplot2::remove_missing(...)
 195.                                                                               └─cli::cli_warn(msg)</system-out>
    </testcase>
    <testcase time="0.369" classname="tm_g_spiderplot" name="tm_g_spiderplot_module_creation_module_using_picks_works"/>
  </testsuite>
  <testsuite name="tm_g_swimlane_waterfall_picks" timestamp="2026-07-22T10:33:37Z" hostname="ca20ead96b49" tests="14" skipped="0" failures="0" errors="0" time="0.196">
    <testcase time="0.088000000000001" classname="tm_g_swimlane_waterfall_picks" name="tm_g_swimlane_builds_a_teal_module_with_picks_encodings">
      <system-out>variables has eager choices (character) while datasets has dynamic choices. It is not guaranteed that explicitly defined choices will be a subset of data selected in a previous element.
Backtrace:
    ▆
 1. ├─teal.osprey::tm_g_swimlane(...) at test-tm_g_swimlane_waterfall_picks.R:2:3
 2. │ └─teal.osprey:::.assert_picks_single_var(bar_var, "bar_var")
 3. │   └─checkmate::assert_class(pick, "picks", .var.name = arg_name)
 4. │     └─checkmate::checkClass(x, classes, ordered, null.ok)
 5. └─teal.picks::picks(...)
 6.   └─teal.picks:::.check_picks(new_picks, check_dataset)</system-out>
    </testcase>
    <testcase time="0.0120000000000005" classname="tm_g_swimlane_waterfall_picks" name="tm_g_swimlane_builds_a_teal_module_with_picks_encodings">
      <system-out>variables has eager choices (character) while datasets has dynamic choices. It is not guaranteed that explicitly defined choices will be a subset of data selected in a previous element.
Backtrace:
    ▆
 1. ├─teal.osprey::tm_g_swimlane(...) at test-tm_g_swimlane_waterfall_picks.R:2:3
 2. └─teal.picks::picks(...)
 3.   └─teal.picks:::.check_picks(new_picks, check_dataset)</system-out>
    </testcase>
    <testcase time="0.00999999999999801" classname="tm_g_swimlane_waterfall_picks" name="tm_g_swimlane_builds_a_teal_module_with_picks_encodings">
      <system-out>variables has eager choices (character) while datasets has dynamic choices. It is not guaranteed that explicitly defined choices will be a subset of data selected in a previous element.
Backtrace:
    ▆
 1. ├─teal.osprey::tm_g_swimlane(...) at test-tm_g_swimlane_waterfall_picks.R:2:3
 2. └─teal.picks::picks(...)
 3.   └─teal.picks:::.check_picks(new_picks, check_dataset)</system-out>
    </testcase>
    <testcase time="0.0109999999999992" classname="tm_g_swimlane_waterfall_picks" name="tm_g_swimlane_builds_a_teal_module_with_picks_encodings">
      <system-out>variables has eager choices (character) while datasets has dynamic choices. It is not guaranteed that explicitly defined choices will be a subset of data selected in a previous element.
Backtrace:
    ▆
 1. ├─teal.osprey::tm_g_swimlane(...) at test-tm_g_swimlane_waterfall_picks.R:2:3
 2. └─teal.picks::picks(...)
 3.   └─teal.picks:::.check_picks(new_picks, check_dataset)</system-out>
    </testcase>
    <testcase time="0.0110000000000028" classname="tm_g_swimlane_waterfall_picks" name="tm_g_swimlane_builds_a_teal_module_with_picks_encodings">
      <system-out>variables has eager choices (character) while datasets has dynamic choices. It is not guaranteed that explicitly defined choices will be a subset of data selected in a previous element.
Backtrace:
    ▆
 1. ├─teal.osprey::tm_g_swimlane(...) at test-tm_g_swimlane_waterfall_picks.R:2:3
 2. └─teal.picks::picks(...)
 3.   └─teal.picks:::.check_picks(new_picks, check_dataset)</system-out>
    </testcase>
    <testcase time="0.0109999999999992" classname="tm_g_swimlane_waterfall_picks" name="tm_g_swimlane_builds_a_teal_module_with_picks_encodings">
      <system-out>variables has eager choices (character) while datasets has dynamic choices. It is not guaranteed that explicitly defined choices will be a subset of data selected in a previous element.
Backtrace:
    ▆
 1. ├─teal.osprey::tm_g_swimlane(...) at test-tm_g_swimlane_waterfall_picks.R:2:3
 2. │ └─base::Filter(...)
 3. │   ├─base::unlist(lapply(x, f))
 4. │   └─base::lapply(x, f)
 5. └─teal.picks::picks(...)
 6.   └─teal.picks:::.check_picks(new_picks, check_dataset)</system-out>
    </testcase>
    <testcase time="0.00799999999999912" classname="tm_g_swimlane_waterfall_picks" name="tm_g_swimlane_builds_a_teal_module_with_picks_encodings"/>
    <testcase time="0.00199999999999889" classname="tm_g_swimlane_waterfall_picks" name="tm_g_swimlane_builds_a_teal_module_with_picks_encodings"/>
    <testcase time="0.00900000000000034" classname="tm_g_swimlane_waterfall_picks" name="tm_g_waterfall_builds_a_teal_module_with_picks_encodings">
      <system-out>variables has eager choices (character) while datasets has dynamic choices. It is not guaranteed that explicitly defined choices will be a subset of data selected in a previous element.
Backtrace:
    ▆
 1. ├─teal.osprey::tm_g_waterfall(...) at test-tm_g_swimlane_waterfall_picks.R:41:3
 2. │ └─checkmate::assert_class(bar_paramcd, "picks", .var.name = "bar_paramcd")
 3. │   └─checkmate::checkClass(x, classes, ordered, null.ok)
 4. └─teal.picks::picks(...)
 5.   └─teal.picks:::.check_picks(new_picks, check_dataset)</system-out>
    </testcase>
    <testcase time="0.0110000000000028" classname="tm_g_swimlane_waterfall_picks" name="tm_g_waterfall_builds_a_teal_module_with_picks_encodings">
      <system-out>variables has eager choices (character) while datasets has dynamic choices. It is not guaranteed that explicitly defined choices will be a subset of data selected in a previous element.
Backtrace:
    ▆
 1. ├─teal.osprey::tm_g_waterfall(...) at test-tm_g_swimlane_waterfall_picks.R:41:3
 2. │ └─teal.osprey:::.assert_picks_single_var(bar_var, "bar_var")
 3. │   └─checkmate::assert_class(pick, "picks", .var.name = arg_name)
 4. │     └─checkmate::checkClass(x, classes, ordered, null.ok)
 5. └─teal.picks::picks(...)
 6.   └─teal.picks:::.check_picks(new_picks, check_dataset)</system-out>
    </testcase>
    <testcase time="0.0109999999999992" classname="tm_g_swimlane_waterfall_picks" name="tm_g_waterfall_builds_a_teal_module_with_picks_encodings">
      <system-out>variables has eager choices (character) while datasets has dynamic choices. It is not guaranteed that explicitly defined choices will be a subset of data selected in a previous element.
Backtrace:
    ▆
 1. ├─teal.osprey::tm_g_waterfall(...) at test-tm_g_swimlane_waterfall_picks.R:41:3
 2. └─teal.picks::picks(...)
 3.   └─teal.picks:::.check_picks(new_picks, check_dataset)</system-out>
    </testcase>
    <testcase time="0.00799999999999912" classname="tm_g_swimlane_waterfall_picks" name="tm_g_waterfall_builds_a_teal_module_with_picks_encodings"/>
    <testcase time="0.00199999999999889" classname="tm_g_swimlane_waterfall_picks" name="tm_g_waterfall_builds_a_teal_module_with_picks_encodings"/>
    <testcase time="0.00200000000000244" classname="tm_g_swimlane_waterfall_picks" name="tm_g_waterfall_builds_a_teal_module_with_picks_encodings"/>
  </testsuite>
  <testsuite name="utils" timestamp="2026-07-22T10:33:37Z" hostname="ca20ead96b49" tests="13" skipped="0" failures="0" errors="0" time="0.035">
    <testcase time="0.00600000000000023" classname="utils" name="as_numeric_from_comma_sep_str_converts_comma_sep_string_into_numeric_vector"/>
    <testcase time="0.00199999999999889" classname="utils" name="as_numeric_from_comma_sep_str_converts_comma_sep_string_into_numeric_vector"/>
    <testcase time="0.00300000000000011" classname="utils" name="as_numeric_from_comma_sep_str_throws_warning_if_any_entries_are_not_numeric_and_converts_those_to_NAs"/>
    <testcase time="0.00199999999999889" classname="utils" name="as_numeric_from_comma_sep_str_throws_warning_if_any_entries_are_not_numeric_and_converts_those_to_NAs"/>
    <testcase time="0.00100000000000122" classname="utils" name="as_numeric_from_comma_sep_str_throws_warning_if_any_entries_are_not_numeric_and_converts_those_to_NAs"/>
    <testcase time="0.00199999999999889" classname="utils" name="as_numeric_from_comma_sep_str_throws_warning_if_any_entries_are_not_numeric_and_converts_those_to_NAs"/>
    <testcase time="0.00100000000000122" classname="utils" name="as_numeric_from_comma_sep_str_throws_warning_if_any_entries_are_not_numeric_and_converts_those_to_NAs"/>
    <testcase time="0.00199999999999889" classname="utils" name="as_numeric_from_comma_sep_str_throws_warning_if_any_entries_are_not_numeric_and_converts_those_to_NAs"/>
    <testcase time="0.00499999999999901" classname="utils" name="as_numeric_from_comma_sep_str_returns_NULL_if_input_is_NULL_or_whitespace"/>
    <testcase time="0.00200000000000244" classname="utils" name="as_numeric_from_comma_sep_str_returns_NULL_if_input_is_NULL_or_whitespace"/>
    <testcase time="0.00300000000000011" classname="utils" name="as_numeric_from_comma_sep_str_returns_NULL_if_input_is_NULL_or_whitespace"/>
    <testcase time="0.00399999999999778" classname="utils" name="as_numeric_from_comma_sep_str_ignores_empty_values_at_end_of_string"/>
    <testcase time="0.00200000000000244" classname="utils" name="as_numeric_from_comma_sep_str_ignores_empty_values_at_end_of_string"/>
  </testsuite>
</testsuites>
