<?xml version="1.0" encoding="UTF-8"?>
<testsuites>
  <testsuite name="tm_g_ae_oview" timestamp="2026-04-10T05:55:55Z" hostname="c837f174ab61" tests="7" skipped="0" failures="0" errors="0" time="0.12">
    <testcase time="0.022" classname="tm_g_ae_oview" name="tm_g_ae_oview_argument_verification_fails_when_arm_var_is_neither_picks_or_choices_selected"/>
    <testcase time="0.032" classname="tm_g_ae_oview" name="tm_g_ae_oview_argument_verification_fails_when_flag_var_anl_is_neiter_picks_or_choices_selected"/>
    <testcase time="0.0239999999999998" classname="tm_g_ae_oview" name="tm_g_ae_oview_module_creation_creates_a_teal_module_using_choices_selected">
      <system-out>variables has eager choices (character) while datasets has dynamic choices. It is not guaranteed that explicitly defined choices will be a subset of data selected in a previous element.
Backtrace:
    ▆
 1. └─teal.osprey::tm_g_ae_oview(...) at test-tm_g_ae_oview.R:49:5
 2.   └─teal.picks::picks(teal.picks::datasets(dataname), arm_var)</system-out>
    </testcase>
    <testcase time="0.0190000000000001" classname="tm_g_ae_oview" name="tm_g_ae_oview_module_creation_creates_a_teal_module_using_choices_selected">
      <system-out>variables has eager choices (character) while datasets has dynamic choices. It is not guaranteed that explicitly defined choices will be a subset of data selected in a previous element.
Backtrace:
    ▆
 1. └─teal.osprey::tm_g_ae_oview(...) at test-tm_g_ae_oview.R:49:5
 2.   └─teal.picks::picks(teal.picks::datasets(dataname), flag_var_anl)</system-out>
    </testcase>
    <testcase time="0.00800000000000001" classname="tm_g_ae_oview" name="tm_g_ae_oview_module_creation_creates_a_teal_module_using_choices_selected"/>
    <testcase time="0.00800000000000001" classname="tm_g_ae_oview" name="tm_g_ae_oview_module_creation_creates_a_teal_module_using_picks">
      <system-out>variables has eager choices (character) while datasets has dynamic choices. It is not guaranteed that explicitly defined choices will be a subset of data selected in a previous element.
Backtrace:
    ▆
 1. └─teal.osprey::tm_g_ae_oview(...) at test-tm_g_ae_oview.R:60:5
 2.   └─teal.picks::picks(teal.picks::datasets(dataname), flag_var_anl)</system-out>
    </testcase>
    <testcase time="0.0069999999999999" classname="tm_g_ae_oview" name="tm_g_ae_oview_module_creation_creates_a_teal_module_using_picks"/>
  </testsuite>
  <testsuite name="utils" timestamp="2026-04-10T05:55:55Z" hostname="c837f174ab61" tests="13" skipped="0" failures="0" errors="0" time="0.048">
    <testcase time="0.02" classname="utils" name="as_numeric_from_comma_sep_str_converts_comma_sep_string_into_numeric_vector"/>
    <testcase time="0.00100000000000011" classname="utils" name="as_numeric_from_comma_sep_str_converts_comma_sep_string_into_numeric_vector"/>
    <testcase time="0.004" classname="utils" name="as_numeric_from_comma_sep_str_throws_warning_if_any_entries_are_not_numeric_and_converts_those_to_NAs"/>
    <testcase time="0.002" classname="utils" name="as_numeric_from_comma_sep_str_throws_warning_if_any_entries_are_not_numeric_and_converts_those_to_NAs"/>
    <testcase time="0.00099999999999989" classname="utils" name="as_numeric_from_comma_sep_str_throws_warning_if_any_entries_are_not_numeric_and_converts_those_to_NAs"/>
    <testcase time="0.002" classname="utils" name="as_numeric_from_comma_sep_str_throws_warning_if_any_entries_are_not_numeric_and_converts_those_to_NAs"/>
    <testcase time="0.00100000000000011" classname="utils" name="as_numeric_from_comma_sep_str_throws_warning_if_any_entries_are_not_numeric_and_converts_those_to_NAs"/>
    <testcase time="0.00099999999999989" classname="utils" name="as_numeric_from_comma_sep_str_throws_warning_if_any_entries_are_not_numeric_and_converts_those_to_NAs"/>
    <testcase time="0.00500000000000012" classname="utils" name="as_numeric_from_comma_sep_str_returns_NULL_if_input_is_NULL_or_whitespace"/>
    <testcase time="0.00299999999999989" classname="utils" name="as_numeric_from_comma_sep_str_returns_NULL_if_input_is_NULL_or_whitespace"/>
    <testcase time="0.00300000000000011" classname="utils" name="as_numeric_from_comma_sep_str_returns_NULL_if_input_is_NULL_or_whitespace"/>
    <testcase time="0.00299999999999989" classname="utils" name="as_numeric_from_comma_sep_str_ignores_empty_values_at_end_of_string"/>
    <testcase time="0.002" classname="utils" name="as_numeric_from_comma_sep_str_ignores_empty_values_at_end_of_string"/>
  </testsuite>
</testsuites>
