<?xml version="1.0" encoding="UTF-8"?>
<testsuites>
  <testsuite name="shinytest2-tm_g_events_term_id" timestamp="2026-07-16T12:17:28Z" hostname="9709f67f1a7d" tests="5" skipped="5" failures="0" errors="0" time="0.118">
    <testcase time="0.018" classname="shinytest2_tm_g_events_term_id" name="e2e_tm_g_events_term_id_initializes_and_renders_a_plot">
      <skipped message="Reason: testing depth 3 is below current testing specification 5 ('test-shinytest2-tm_g_events_term_id.R:40:3')"/>
    </testcase>
    <testcase time="0.0309999999999999" classname="shinytest2_tm_g_events_term_id" name="e2e_tm_g_events_term_id_starts_with_expected_label_and_encoding_selections.">
      <skipped message="Reason: testing depth 3 is below current testing specification 5 ('test-shinytest2-tm_g_events_term_id.R:60:5')"/>
    </testcase>
    <testcase time="0.054" classname="shinytest2_tm_g_events_term_id" name="e2e_tm_g_events_term_id_changing_term_var_changes_the_plot_and_does_not_throw_validation_errors.">
      <skipped message="Reason: testing depth 3 is below current testing specification 5 ('test-shinytest2-tm_g_events_term_id.R:86:5')"/>
    </testcase>
    <testcase time="0.00800000000000001" classname="shinytest2_tm_g_events_term_id" name="e2e_tm_g_events_term_id_deselection_of_term_var_throws_validation_error.">
      <skipped message="Reason: testing depth 3 is below current testing specification 5 ('test-shinytest2-tm_g_events_term_id.R:103:3')"/>
    </testcase>
    <testcase time="0.0069999999999999" classname="shinytest2_tm_g_events_term_id" name="e2e_tm_g_events_term_id_sort_updates_title">
      <skipped message="Reason: testing depth 3 is below current testing specification 5 ('test-shinytest2-tm_g_events_term_id.R:113:3')"/>
    </testcase>
  </testsuite>
  <testsuite name="tm_g_ae_oview" timestamp="2026-07-16T12:17:28Z" hostname="9709f67f1a7d" tests="9" skipped="0" failures="0" errors="0" time="0.102">
    <testcase time="0.0210000000000001" classname="tm_g_ae_oview" name="tm_g_ae_oview_argument_verification_fails_when_arm_var_is_neither_picks_or_choices_selected"/>
    <testcase time="0.02" classname="tm_g_ae_oview" name="tm_g_ae_oview_argument_verification_fails_when_flag_var_anl_is_neiter_picks_or_choices_selected">
      <system-out>`arm_var` was deprecated in teal.osprey 0.5.0.
ℹ Pass `teal.picks::variables()` (or a full `teal.picks::picks()` chain).
  Support for legacy `teal.transform::choices_selected()`, `filter_spec`, and
  `select_spec` is deprecated.
Backtrace:
    ▆
 1. ├─testthat::expect_error(...) at test-tm_g_ae_oview.R:35:5
 2. │ └─testthat:::quasi_capture(...)
 3. │   ├─testthat (local) .capture(...)
 4. │   │ └─base::withCallingHandlers(...)
 5. │   └─rlang::eval_bare(quo_get_expr(.quo), quo_get_env(.quo))
 6. └─teal.osprey::tm_g_ae_oview(...)
 7.   └─teal.osprey:::migrate_choices_selected_to_variables(arm_var)</system-out>
    </testcase>
    <testcase time="0.01" classname="tm_g_ae_oview" name="tm_g_ae_oview_argument_verification_fails_when_flag_var_anl_is_neiter_picks_or_choices_selected"/>
    <testcase time="0.014" classname="tm_g_ae_oview" name="tm_g_ae_oview_module_creation_creates_a_teal_module_using_choices_selected">
      <system-out>`flag_var_anl` was deprecated in teal.osprey 0.5.0.
ℹ Pass `teal.picks::variables()` (or a full `teal.picks::picks()` chain).
  Support for legacy `teal.transform::choices_selected()`, `filter_spec`, and
  `select_spec` is deprecated.
Backtrace:
    ▆
 1. └─teal.osprey::tm_g_ae_oview(...) at test-tm_g_ae_oview.R:49:5
 2.   └─teal.osprey:::migrate_choices_selected_to_variables(flag_var_anl)</system-out>
    </testcase>
    <testcase time="0.0069999999999999" classname="tm_g_ae_oview" name="tm_g_ae_oview_module_creation_creates_a_teal_module_using_choices_selected">
      <system-out>variables has eager choices (character) while datasets has dynamic choices. It is not guaranteed that explicitly defined choices will be a subset of data selected in a previous element.
Backtrace:
    ▆
 1. └─teal.osprey::tm_g_ae_oview(...) at test-tm_g_ae_oview.R:49:5
 2.   └─teal.osprey:::create_picks_helper(...)
 3.     └─teal.picks::picks(datasets, x)
 4.       └─teal.picks:::.check_picks(picks, check_dataset)</system-out>
    </testcase>
    <testcase time="0.0150000000000001" classname="tm_g_ae_oview" name="tm_g_ae_oview_module_creation_creates_a_teal_module_using_choices_selected">
      <system-out>variables has eager choices (character) while datasets has dynamic choices. It is not guaranteed that explicitly defined choices will be a subset of data selected in a previous element.
Backtrace:
    ▆
 1. └─teal.osprey::tm_g_ae_oview(...) at test-tm_g_ae_oview.R:49:5
 2.   └─teal.osprey:::create_picks_helper(...)
 3.     └─teal.picks::picks(datasets, x)
 4.       └─teal.picks:::.check_picks(picks, check_dataset)</system-out>
    </testcase>
    <testcase time="0.00499999999999989" classname="tm_g_ae_oview" name="tm_g_ae_oview_module_creation_creates_a_teal_module_using_choices_selected"/>
    <testcase time="0.00600000000000001" classname="tm_g_ae_oview" name="tm_g_ae_oview_module_creation_creates_a_teal_module_using_picks">
      <system-out>variables has eager choices (character) while datasets has dynamic choices. It is not guaranteed that explicitly defined choices will be a subset of data selected in a previous element.
Backtrace:
    ▆
 1. └─teal.osprey::tm_g_ae_oview(...) at test-tm_g_ae_oview.R:60:5
 2.   └─teal.osprey:::create_picks_helper(...)
 3.     └─teal.picks::picks(datasets, x)
 4.       └─teal.picks:::.check_picks(picks, check_dataset)</system-out>
    </testcase>
    <testcase time="0.004" classname="tm_g_ae_oview" name="tm_g_ae_oview_module_creation_creates_a_teal_module_using_picks"/>
  </testsuite>
  <testsuite name="tm_g_ae_sub" timestamp="2026-07-16T12:17:28Z" hostname="9709f67f1a7d" tests="5" skipped="0" failures="0" errors="0" time="0.047">
    <testcase time="0.0209999999999999" classname="tm_g_ae_sub" name="tm_g_ae_sub_input_validation_plot_arguments_input_validation">
      <system-out>`group_var` was deprecated in teal.osprey 0.5.0.
ℹ Pass `teal.picks::variables()` (or a full `teal.picks::picks()` chain).
  Support for legacy `teal.transform::choices_selected()`, `filter_spec`, and
  `select_spec` is deprecated.
Backtrace:
    ▆
 1. ├─testthat::expect_error(...) at test-tm_g_ae_sub.R:13:5
 2. │ └─testthat:::quasi_capture(...)
 3. │   ├─testthat (local) .capture(...)
 4. │   │ └─base::withCallingHandlers(...)
 5. │   └─rlang::eval_bare(quo_get_expr(.quo), quo_get_env(.quo))
 6. ├─base::suppressWarnings(...) at test-tm_g_ae_sub.R:15:9
 7. │ └─base::withCallingHandlers(...)
 8. └─teal.osprey::tm_g_ae_sub(...)
 9.   └─teal.osprey:::migrate_choices_selected_to_variables(group_var)</system-out>
    </testcase>
    <testcase time="0.00900000000000012" classname="tm_g_ae_sub" name="tm_g_ae_sub_input_validation_plot_arguments_input_validation"/>
    <testcase time="0.00800000000000001" classname="tm_g_ae_sub" name="tm_g_ae_sub_input_validation_plot_arguments_input_validation"/>
    <testcase time="0.00600000000000001" classname="tm_g_ae_sub" name="tm_g_ae_sub_module_creation_creates_a_teal_module_using_choices_selected"/>
    <testcase time="0.00299999999999989" classname="tm_g_ae_sub" name="tm_g_ae_sub_module_creation_creates_a_teal_module_using_picks"/>
  </testsuite>
  <testsuite name="tm_g_butterfly" timestamp="2026-07-16T12:17:28Z" hostname="9709f67f1a7d" tests="11" skipped="0" failures="0" errors="0" time="0.122">
    <testcase time="0.018" classname="tm_g_butterfly" name="tm_g_butterfly_input_validation_plot_arguments_input_validation">
      <system-out>`right_var` was deprecated in teal.osprey 0.5.0.
ℹ Pass `teal.picks::variables()` (or a full `teal.picks::picks()` chain).
  Support for legacy `teal.transform::choices_selected()`, `filter_spec`, and
  `select_spec` is deprecated.
Backtrace:
    ▆
 1. ├─testthat::expect_error(...) at test-tm_g_butterfly.R:38:5
 2. │ └─testthat:::quasi_capture(...)
 3. │   ├─testthat (local) .capture(...)
 4. │   │ └─base::withCallingHandlers(...)
 5. │   └─rlang::eval_bare(quo_get_expr(.quo), quo_get_env(.quo))
 6. ├─base::suppressWarnings(...) at test-tm_g_butterfly.R:40:9
 7. │ └─base::withCallingHandlers(...)
 8. └─teal.osprey::tm_g_butterfly(...)
 9.   └─teal.osprey:::migrate_choices_selected_to_variables(...)</system-out>
    </testcase>
    <testcase time="0.016" classname="tm_g_butterfly" name="tm_g_butterfly_input_validation_plot_arguments_input_validation">
      <system-out>`left_var` was deprecated in teal.osprey 0.5.0.
ℹ Pass `teal.picks::variables()` (or a full `teal.picks::picks()` chain).
  Support for legacy `teal.transform::choices_selected()`, `filter_spec`, and
  `select_spec` is deprecated.
Backtrace:
    ▆
 1. ├─testthat::expect_error(...) at test-tm_g_butterfly.R:38:5
 2. │ └─testthat:::quasi_capture(...)
 3. │   ├─testthat (local) .capture(...)
 4. │   │ └─base::withCallingHandlers(...)
 5. │   └─rlang::eval_bare(quo_get_expr(.quo), quo_get_env(.quo))
 6. ├─base::suppressWarnings(...) at test-tm_g_butterfly.R:40:9
 7. │ └─base::withCallingHandlers(...)
 8. └─teal.osprey::tm_g_butterfly(...)
 9.   └─teal.osprey:::migrate_choices_selected_to_variables(...)</system-out>
    </testcase>
    <testcase time="0.0190000000000001" classname="tm_g_butterfly" name="tm_g_butterfly_input_validation_plot_arguments_input_validation">
      <system-out>`category_var` was deprecated in teal.osprey 0.5.0.
ℹ Pass `teal.picks::variables()` (or a full `teal.picks::picks()` chain).
  Support for legacy `teal.transform::choices_selected()`, `filter_spec`, and
  `select_spec` is deprecated.
Backtrace:
    ▆
 1. ├─testthat::expect_error(...) at test-tm_g_butterfly.R:38:5
 2. │ └─testthat:::quasi_capture(...)
 3. │   ├─testthat (local) .capture(...)
 4. │   │ └─base::withCallingHandlers(...)
 5. │   └─rlang::eval_bare(quo_get_expr(.quo), quo_get_env(.quo))
 6. ├─base::suppressWarnings(...) at test-tm_g_butterfly.R:40:9
 7. │ └─base::withCallingHandlers(...)
 8. └─teal.osprey::tm_g_butterfly(...)
 9.   └─teal.osprey:::migrate_choices_selected_to_variables(...)</system-out>
    </testcase>
    <testcase time="0.0149999999999999" classname="tm_g_butterfly" name="tm_g_butterfly_input_validation_plot_arguments_input_validation">
      <system-out>`color_by_var` was deprecated in teal.osprey 0.5.0.
ℹ Pass `teal.picks::variables()` (or a full `teal.picks::picks()` chain).
  Support for legacy `teal.transform::choices_selected()`, `filter_spec`, and
  `select_spec` is deprecated.
Backtrace:
    ▆
 1. ├─testthat::expect_error(...) at test-tm_g_butterfly.R:38:5
 2. │ └─testthat:::quasi_capture(...)
 3. │   ├─testthat (local) .capture(...)
 4. │   │ └─base::withCallingHandlers(...)
 5. │   └─rlang::eval_bare(quo_get_expr(.quo), quo_get_env(.quo))
 6. ├─base::suppressWarnings(...) at test-tm_g_butterfly.R:40:9
 7. │ └─base::withCallingHandlers(...)
 8. └─teal.osprey::tm_g_butterfly(...)
 9.   └─teal.osprey:::migrate_choices_selected_to_variables(...)</system-out>
    </testcase>
    <testcase time="0.0189999999999999" classname="tm_g_butterfly" name="tm_g_butterfly_input_validation_plot_arguments_input_validation">
      <system-out>`count_by_var` was deprecated in teal.osprey 0.5.0.
ℹ Pass `teal.picks::values()`. Support for legacy
  `teal.transform::choices_selected()` is deprecated.
Backtrace:
    ▆
 1. ├─testthat::expect_error(...) at test-tm_g_butterfly.R:38:5
 2. │ └─testthat:::quasi_capture(...)
 3. │   ├─testthat (local) .capture(...)
 4. │   │ └─base::withCallingHandlers(...)
 5. │   └─rlang::eval_bare(quo_get_expr(.quo), quo_get_env(.quo))
 6. ├─base::suppressWarnings(...) at test-tm_g_butterfly.R:40:9
 7. │ └─base::withCallingHandlers(...)
 8. └─teal.osprey::tm_g_butterfly(...)
 9.   └─teal.osprey:::migrate_choices_selected_to_values(count_by_var)</system-out>
    </testcase>
    <testcase time="0.00900000000000012" classname="tm_g_butterfly" name="tm_g_butterfly_input_validation_plot_arguments_input_validation"/>
    <testcase time="0.0069999999999999" classname="tm_g_butterfly" name="tm_g_butterfly_input_validation_plot_arguments_input_validation"/>
    <testcase time="0.00500000000000012" classname="tm_g_butterfly" name="tm_g_butterfly_input_validation_Forcing_Conversion_from_multiple_picks_to_single"/>
    <testcase time="0.00299999999999989" classname="tm_g_butterfly" name="tm_g_butterfly_input_validation_Forcing_Conversion_from_multiple_picks_to_single"/>
    <testcase time="0.00700000000000012" classname="tm_g_butterfly" name="tm_g_butterfly_module_creation_creates_a_teal_module_using_choices_selected"/>
    <testcase time="0.004" classname="tm_g_butterfly" name="tm_g_butterfly_module_creation_creates_a_teal_module_using_picks"/>
  </testsuite>
  <testsuite name="tm_g_events_term_id" timestamp="2026-07-16T12:17:28Z" hostname="9709f67f1a7d" tests="8" skipped="0" failures="0" errors="0" time="0.039">
    <testcase time="0.01" classname="tm_g_events_term_id" name="tm_g_events_term_id_builds_a_teal_module_with_picks_encodings">
      <system-out>variables has eager choices (character) while datasets has dynamic choices. It is not guaranteed that explicitly defined choices will be a subset of data selected in a previous element.
Backtrace:
    ▆
 1. ├─teal.osprey::tm_g_events_term_id(...) at test-tm_g_events_term_id.R:4:3
 2. │ └─checkmate::assert_class(term_var, "picks", .var.name = "term_var")
 3. │   └─checkmate::checkClass(x, classes, ordered, null.ok)
 4. └─teal.picks::picks(...)
 5.   └─teal.picks:::.check_picks(picks, check_dataset)</system-out>
    </testcase>
    <testcase time="0.0069999999999999" classname="tm_g_events_term_id" name="tm_g_events_term_id_builds_a_teal_module_with_picks_encodings">
      <system-out>variables has eager choices (character) while datasets has dynamic choices. It is not guaranteed that explicitly defined choices will be a subset of data selected in a previous element.
Backtrace:
    ▆
 1. ├─teal.osprey::tm_g_events_term_id(...) at test-tm_g_events_term_id.R:4:3
 2. │ └─checkmate::assert_class(arm_var, "picks", .var.name = "arm_var")
 3. │   └─checkmate::checkClass(x, classes, ordered, null.ok)
 4. └─teal.picks::picks(...)
 5.   └─teal.picks:::.check_picks(picks, check_dataset)</system-out>
    </testcase>
    <testcase time="0.00500000000000012" classname="tm_g_events_term_id" name="tm_g_events_term_id_builds_a_teal_module_with_picks_encodings"/>
    <testcase time="0.00099999999999989" classname="tm_g_events_term_id" name="tm_g_events_term_id_builds_a_teal_module_with_picks_encodings"/>
    <testcase time="0" classname="tm_g_events_term_id" name="tm_g_events_term_id_builds_a_teal_module_with_picks_encodings"/>
    <testcase time="0.00500000000000012" classname="tm_g_events_term_id" name="tm_g_events_term_id_rejects_multiple_variable_selection">
      <system-out>variables has eager choices (character) while datasets has dynamic choices. It is not guaranteed that explicitly defined choices will be a subset of data selected in a previous element.
Backtrace:
    ▆
 1. └─teal.picks::picks(...) at test-tm_g_events_term_id.R:29:3
 2.   └─teal.picks:::.check_picks(picks, check_dataset)</system-out>
    </testcase>
    <testcase time="0.00600000000000001" classname="tm_g_events_term_id" name="tm_g_events_term_id_rejects_multiple_variable_selection">
      <system-out>variables has eager choices (character) while datasets has dynamic choices. It is not guaranteed that explicitly defined choices will be a subset of data selected in a previous element.
Backtrace:
    ▆
 1. └─teal.picks::picks(...) at test-tm_g_events_term_id.R:37:3
 2.   └─teal.picks:::.check_picks(picks, check_dataset)</system-out>
    </testcase>
    <testcase time="0.00499999999999989" classname="tm_g_events_term_id" name="tm_g_events_term_id_rejects_multiple_variable_selection"/>
  </testsuite>
  <testsuite name="tm_g_patient_profile" timestamp="2026-07-16T12:17:28Z" hostname="9709f67f1a7d" tests="8" skipped="0" failures="0" errors="0" time="0.071">
    <testcase time="0.0150000000000001" classname="tm_g_patient_profile" name="tm_g_patient_profile_input_validation_plot_arguments_input_validation">
      <system-out>`patient_id` was deprecated in teal.osprey 0.5.0.
ℹ Pass `teal.picks::variables()` (or a full `teal.picks::picks()` chain).
  Support for legacy `teal.transform::choices_selected()`, `filter_spec`, and
  `select_spec` is deprecated.
Backtrace:
    ▆
 1. ├─testthat::expect_error(...) at test-tm_g_patient_profile.R:23:5
 2. │ └─testthat:::quasi_capture(...)
 3. │   ├─testthat (local) .capture(...)
 4. │   │ └─base::withCallingHandlers(...)
 5. │   └─rlang::eval_bare(quo_get_expr(.quo), quo_get_env(.quo))
 6. ├─base::suppressWarnings(...) at test-tm_g_patient_profile.R:25:9
 7. │ └─base::withCallingHandlers(...)
 8. └─teal.osprey::tm_g_patient_profile(...)
 9.   └─teal.osprey:::migrate_choices_selected_to_variables(...)</system-out>
    </testcase>
    <testcase time="0.018" classname="tm_g_patient_profile" name="tm_g_patient_profile_input_validation_plot_arguments_input_validation">
      <system-out>`sl_start_date` was deprecated in teal.osprey 0.5.0.
ℹ Pass `teal.picks::variables()` (or a full `teal.picks::picks()` chain).
  Support for legacy `teal.transform::choices_selected()`, `filter_spec`, and
  `select_spec` is deprecated.
Backtrace:
    ▆
 1. ├─testthat::expect_error(...) at test-tm_g_patient_profile.R:23:5
 2. │ └─testthat:::quasi_capture(...)
 3. │   ├─testthat (local) .capture(...)
 4. │   │ └─base::withCallingHandlers(...)
 5. │   └─rlang::eval_bare(quo_get_expr(.quo), quo_get_env(.quo))
 6. ├─base::suppressWarnings(...) at test-tm_g_patient_profile.R:25:9
 7. │ └─base::withCallingHandlers(...)
 8. └─teal.osprey::tm_g_patient_profile(...)
 9.   └─teal.osprey:::migrate_choices_selected_to_variables(...)</system-out>
    </testcase>
    <testcase time="0.0089999999999999" classname="tm_g_patient_profile" name="tm_g_patient_profile_input_validation_plot_arguments_input_validation"/>
    <testcase time="0.00499999999999989" classname="tm_g_patient_profile" name="tm_g_patient_profile_input_validation_plot_arguments_input_validation"/>
    <testcase time="0.00500000000000012" classname="tm_g_patient_profile" name="tm_g_patient_profile_input_validation_Forcing_conversion_from_multiple_picks_to_single"/>
    <testcase time="0.004" classname="tm_g_patient_profile" name="tm_g_patient_profile_input_validation_Forcing_conversion_from_multiple_picks_to_single"/>
    <testcase time="0.0109999999999999" classname="tm_g_patient_profile" name="tm_g_patient_profile_module_creation_creates_a_teal_module_using_choices_selected"/>
    <testcase time="0.004" classname="tm_g_patient_profile" name="tm_g_patient_profile_module_creation_creates_a_teal_module_using_teal.picks_variables"/>
  </testsuite>
  <testsuite name="tm_g_spiderplot" timestamp="2026-07-16T12:17:28Z" hostname="9709f67f1a7d" tests="15" skipped="0" failures="2" errors="0" time="0.234">
    <testcase time="0.02" classname="tm_g_spiderplot" name="tm_g_spiderplot_argument_verification_plot_arguments_input_validation">
      <system-out>`paramcd` was deprecated in teal.osprey 0.5.0.
ℹ Pass `teal.picks::variables()` (or a full `teal.picks::picks()` chain).
  Support for legacy `teal.transform::choices_selected()`, `filter_spec`, and
  `select_spec` is deprecated.
Backtrace:
    ▆
 1. ├─testthat::expect_error(...) at test-tm_g_spiderplot.R:73:5
 2. │ └─testthat:::quasi_capture(...)
 3. │   ├─testthat (local) .capture(...)
 4. │   │ └─base::withCallingHandlers(...)
 5. │   └─rlang::eval_bare(quo_get_expr(.quo), quo_get_env(.quo))
 6. ├─base::suppressWarnings(...) at test-tm_g_spiderplot.R:75:9
 7. │ └─base::withCallingHandlers(...)
 8. └─teal.osprey::tm_g_spiderplot(...)
 9.   └─teal.osprey:::migrate_choices_selected_to_variables(paramcd)</system-out>
    </testcase>
    <testcase time="0.0150000000000001" classname="tm_g_spiderplot" name="tm_g_spiderplot_argument_verification_plot_arguments_input_validation">
      <system-out>`x_var` was deprecated in teal.osprey 0.5.0.
ℹ Pass `teal.picks::variables()` (or a full `teal.picks::picks()` chain).
  Support for legacy `teal.transform::choices_selected()`, `filter_spec`, and
  `select_spec` is deprecated.
Backtrace:
    ▆
 1. ├─testthat::expect_error(...) at test-tm_g_spiderplot.R:73:5
 2. │ └─testthat:::quasi_capture(...)
 3. │   ├─testthat (local) .capture(...)
 4. │   │ └─base::withCallingHandlers(...)
 5. │   └─rlang::eval_bare(quo_get_expr(.quo), quo_get_env(.quo))
 6. ├─base::suppressWarnings(...) at test-tm_g_spiderplot.R:75:9
 7. │ └─base::withCallingHandlers(...)
 8. └─teal.osprey::tm_g_spiderplot(...)
 9.   └─teal.osprey:::migrate_choices_selected_to_variables(x_var)</system-out>
    </testcase>
    <testcase time="0.018" classname="tm_g_spiderplot" name="tm_g_spiderplot_argument_verification_plot_arguments_input_validation">
      <system-out>`y_var` was deprecated in teal.osprey 0.5.0.
ℹ Pass `teal.picks::variables()` (or a full `teal.picks::picks()` chain).
  Support for legacy `teal.transform::choices_selected()`, `filter_spec`, and
  `select_spec` is deprecated.
Backtrace:
    ▆
 1. ├─testthat::expect_error(...) at test-tm_g_spiderplot.R:73:5
 2. │ └─testthat:::quasi_capture(...)
 3. │   ├─testthat (local) .capture(...)
 4. │   │ └─base::withCallingHandlers(...)
 5. │   └─rlang::eval_bare(quo_get_expr(.quo), quo_get_env(.quo))
 6. ├─base::suppressWarnings(...) at test-tm_g_spiderplot.R:75:9
 7. │ └─base::withCallingHandlers(...)
 8. └─teal.osprey::tm_g_spiderplot(...)
 9.   └─teal.osprey:::migrate_choices_selected_to_variables(y_var)</system-out>
    </testcase>
    <testcase time="0.0169999999999999" classname="tm_g_spiderplot" name="tm_g_spiderplot_argument_verification_plot_arguments_input_validation">
      <system-out>`marker_var` was deprecated in teal.osprey 0.5.0.
ℹ Pass `teal.picks::variables()` (or a full `teal.picks::picks()` chain).
  Support for legacy `teal.transform::choices_selected()`, `filter_spec`, and
  `select_spec` is deprecated.
Backtrace:
    ▆
 1. ├─testthat::expect_error(...) at test-tm_g_spiderplot.R:73:5
 2. │ └─testthat:::quasi_capture(...)
 3. │   ├─testthat (local) .capture(...)
 4. │   │ └─base::withCallingHandlers(...)
 5. │   └─rlang::eval_bare(quo_get_expr(.quo), quo_get_env(.quo))
 6. ├─base::suppressWarnings(...) at test-tm_g_spiderplot.R:75:9
 7. │ └─base::withCallingHandlers(...)
 8. └─teal.osprey::tm_g_spiderplot(...)
 9.   └─teal.osprey:::migrate_choices_selected_to_variables(marker_var)</system-out>
    </testcase>
    <testcase time="0.026" classname="tm_g_spiderplot" name="tm_g_spiderplot_argument_verification_plot_arguments_input_validation">
      <system-out>`line_colorby_var` was deprecated in teal.osprey 0.5.0.
ℹ Pass `teal.picks::variables()` (or a full `teal.picks::picks()` chain).
  Support for legacy `teal.transform::choices_selected()`, `filter_spec`, and
  `select_spec` is deprecated.
Backtrace:
    ▆
 1. ├─testthat::expect_error(...) at test-tm_g_spiderplot.R:73:5
 2. │ └─testthat:::quasi_capture(...)
 3. │   ├─testthat (local) .capture(...)
 4. │   │ └─base::withCallingHandlers(...)
 5. │   └─rlang::eval_bare(quo_get_expr(.quo), quo_get_env(.quo))
 6. ├─base::suppressWarnings(...) at test-tm_g_spiderplot.R:75:9
 7. │ └─base::withCallingHandlers(...)
 8. └─teal.osprey::tm_g_spiderplot(...)
 9.   └─teal.osprey:::migrate_choices_selected_to_variables(line_colorby_var)</system-out>
    </testcase>
    <testcase time="0.016" classname="tm_g_spiderplot" name="tm_g_spiderplot_argument_verification_plot_arguments_input_validation">
      <system-out>`xfacet_var` was deprecated in teal.osprey 0.5.0.
ℹ Pass `teal.picks::variables()` (or a full `teal.picks::picks()` chain).
  Support for legacy `teal.transform::choices_selected()`, `filter_spec`, and
  `select_spec` is deprecated.
Backtrace:
    ▆
 1. ├─testthat::expect_error(...) at test-tm_g_spiderplot.R:73:5
 2. │ └─testthat:::quasi_capture(...)
 3. │   ├─testthat (local) .capture(...)
 4. │   │ └─base::withCallingHandlers(...)
 5. │   └─rlang::eval_bare(quo_get_expr(.quo), quo_get_env(.quo))
 6. ├─base::suppressWarnings(...) at test-tm_g_spiderplot.R:75:9
 7. │ └─base::withCallingHandlers(...)
 8. └─teal.osprey::tm_g_spiderplot(...)
 9.   └─teal.osprey:::migrate_choices_selected_to_variables(...)</system-out>
    </testcase>
    <testcase time="0.016" classname="tm_g_spiderplot" name="tm_g_spiderplot_argument_verification_plot_arguments_input_validation">
      <system-out>`yfacet_var` was deprecated in teal.osprey 0.5.0.
ℹ Pass `teal.picks::variables()` (or a full `teal.picks::picks()` chain).
  Support for legacy `teal.transform::choices_selected()`, `filter_spec`, and
  `select_spec` is deprecated.
Backtrace:
    ▆
 1. ├─testthat::expect_error(...) at test-tm_g_spiderplot.R:73:5
 2. │ └─testthat:::quasi_capture(...)
 3. │   ├─testthat (local) .capture(...)
 4. │   │ └─base::withCallingHandlers(...)
 5. │   └─rlang::eval_bare(quo_get_expr(.quo), quo_get_env(.quo))
 6. ├─base::suppressWarnings(...) at test-tm_g_spiderplot.R:75:9
 7. │ └─base::withCallingHandlers(...)
 8. └─teal.osprey::tm_g_spiderplot(...)
 9.   └─teal.osprey:::migrate_choices_selected_to_variables(...)</system-out>
    </testcase>
    <testcase time="0.032" classname="tm_g_spiderplot" name="tm_g_spiderplot_argument_verification_plot_arguments_input_validation"/>
    <testcase time="0.0129999999999999" classname="tm_g_spiderplot" name="tm_g_spiderplot_argument_verification_plot_arguments_input_validation"/>
    <testcase time="0.01" classname="tm_g_spiderplot" name="tm_g_spiderplot_argument_verification_Forcing_Conversion_from_multiple_picks_to_single">
      <system-out>`x_var` accepts only a single variable selection. Forcing `teal.picks::variables(multiple)` to FALSE.
Backtrace:
    ▆
 1. ├─testthat::expect_error(...) at test-tm_g_spiderplot.R:121:5
 2. │ └─testthat:::quasi_capture(...)
 3. │   ├─testthat (local) .capture(...)
 4. │   │ └─base::withCallingHandlers(...)
 5. │   └─rlang::eval_bare(quo_get_expr(.quo), quo_get_env(.quo))
 6. ├─base::suppressWarnings(...) at test-tm_g_spiderplot.R:123:9
 7. │ └─base::withCallingHandlers(...)
 8. └─teal.osprey::tm_g_spiderplot(...)
 9.   └─teal.osprey:::force_pick_to_single(x_var, "x_var")</system-out>
    </testcase>
    <testcase time="0.01" classname="tm_g_spiderplot" name="tm_g_spiderplot_argument_verification_Forcing_Conversion_from_multiple_picks_to_single">
      <failure type="failure" message="Expected `{ ... }` to throw a error. ('test-tm_g_spiderplot.R:121:5')">Expected `{ ... }` to throw a error.</failure>
    </testcase>
    <testcase time="0.0110000000000001" classname="tm_g_spiderplot" name="tm_g_spiderplot_argument_verification_Forcing_Conversion_from_multiple_picks_to_single">
      <system-out>`paramcd` accepts only a single variable selection. Forcing `teal.picks::variables(multiple)` to FALSE.
Backtrace:
    ▆
 1. ├─testthat::expect_error(...) at test-tm_g_spiderplot.R:147:5
 2. │ └─testthat:::quasi_capture(...)
 3. │   ├─testthat (local) .capture(...)
 4. │   │ └─base::withCallingHandlers(...)
 5. │   └─rlang::eval_bare(quo_get_expr(.quo), quo_get_env(.quo))
 6. ├─base::suppressWarnings(...) at test-tm_g_spiderplot.R:149:9
 7. │ └─base::withCallingHandlers(...)
 8. └─teal.osprey::tm_g_spiderplot(...)
 9.   └─teal.osprey:::force_pick_to_single(paramcd, "paramcd")</system-out>
    </testcase>
    <testcase time="0.012" classname="tm_g_spiderplot" name="tm_g_spiderplot_argument_verification_Forcing_Conversion_from_multiple_picks_to_single">
      <failure type="failure" message="Expected `{ ... }` to throw a error. ('test-tm_g_spiderplot.R:147:5')">Expected `{ ... }` to throw a error.</failure>
    </testcase>
    <testcase time="0.0139999999999998" classname="tm_g_spiderplot" name="tm_g_spiderplot_module_creation_creates_a_teal_module_using_choices_selected_default_method_"/>
    <testcase time="0.004" classname="tm_g_spiderplot" name="tm_g_spiderplot_module_creation_creates_a_teal_module_using_picks_.pick_method_"/>
  </testsuite>
  <testsuite name="tm_g_swimlane_waterfall_picks" timestamp="2026-07-16T12:17:29Z" hostname="9709f67f1a7d" tests="14" skipped="0" failures="0" errors="0" time="0.076">
    <testcase time="0.00800000000000001" classname="tm_g_swimlane_waterfall_picks" name="tm_g_swimlane_builds_a_teal_module_with_picks_encodings">
      <system-out>variables has eager choices (character) while datasets has dynamic choices. It is not guaranteed that explicitly defined choices will be a subset of data selected in a previous element.
Backtrace:
    ▆
 1. ├─teal.osprey::tm_g_swimlane(...) at test-tm_g_swimlane_waterfall_picks.R:4:3
 2. │ └─teal.osprey:::.assert_picks_single_var(bar_var, "bar_var")
 3. │   └─checkmate::assert_class(pick, "picks", .var.name = arg_name)
 4. │     └─checkmate::checkClass(x, classes, ordered, null.ok)
 5. └─teal.picks::picks(...)
 6.   └─teal.picks:::.check_picks(picks, check_dataset)</system-out>
    </testcase>
    <testcase time="0.00600000000000001" classname="tm_g_swimlane_waterfall_picks" name="tm_g_swimlane_builds_a_teal_module_with_picks_encodings">
      <system-out>variables has eager choices (character) while datasets has dynamic choices. It is not guaranteed that explicitly defined choices will be a subset of data selected in a previous element.
Backtrace:
    ▆
 1. ├─teal.osprey::tm_g_swimlane(...) at test-tm_g_swimlane_waterfall_picks.R:4:3
 2. └─teal.picks::picks(...)
 3.   └─teal.picks:::.check_picks(picks, check_dataset)</system-out>
    </testcase>
    <testcase time="0.01" classname="tm_g_swimlane_waterfall_picks" name="tm_g_swimlane_builds_a_teal_module_with_picks_encodings">
      <system-out>variables has eager choices (character) while datasets has dynamic choices. It is not guaranteed that explicitly defined choices will be a subset of data selected in a previous element.
Backtrace:
    ▆
 1. ├─teal.osprey::tm_g_swimlane(...) at test-tm_g_swimlane_waterfall_picks.R:4:3
 2. └─teal.picks::picks(...)
 3.   └─teal.picks:::.check_picks(picks, check_dataset)</system-out>
    </testcase>
    <testcase time="0.00600000000000001" classname="tm_g_swimlane_waterfall_picks" name="tm_g_swimlane_builds_a_teal_module_with_picks_encodings">
      <system-out>variables has eager choices (character) while datasets has dynamic choices. It is not guaranteed that explicitly defined choices will be a subset of data selected in a previous element.
Backtrace:
    ▆
 1. ├─teal.osprey::tm_g_swimlane(...) at test-tm_g_swimlane_waterfall_picks.R:4:3
 2. └─teal.picks::picks(...)
 3.   └─teal.picks:::.check_picks(picks, check_dataset)</system-out>
    </testcase>
    <testcase time="0.00600000000000001" classname="tm_g_swimlane_waterfall_picks" name="tm_g_swimlane_builds_a_teal_module_with_picks_encodings">
      <system-out>variables has eager choices (character) while datasets has dynamic choices. It is not guaranteed that explicitly defined choices will be a subset of data selected in a previous element.
Backtrace:
    ▆
 1. ├─teal.osprey::tm_g_swimlane(...) at test-tm_g_swimlane_waterfall_picks.R:4:3
 2. └─teal.picks::picks(...)
 3.   └─teal.picks:::.check_picks(picks, check_dataset)</system-out>
    </testcase>
    <testcase time="0.00600000000000001" classname="tm_g_swimlane_waterfall_picks" name="tm_g_swimlane_builds_a_teal_module_with_picks_encodings">
      <system-out>variables has eager choices (character) while datasets has dynamic choices. It is not guaranteed that explicitly defined choices will be a subset of data selected in a previous element.
Backtrace:
    ▆
 1. ├─teal.osprey::tm_g_swimlane(...) at test-tm_g_swimlane_waterfall_picks.R:4:3
 2. │ └─base::Filter(...)
 3. │   ├─base::unlist(lapply(x, f))
 4. │   └─base::lapply(x, f)
 5. └─teal.picks::picks(...)
 6.   └─teal.picks:::.check_picks(picks, check_dataset)</system-out>
    </testcase>
    <testcase time="0.00500000000000012" classname="tm_g_swimlane_waterfall_picks" name="tm_g_swimlane_builds_a_teal_module_with_picks_encodings"/>
    <testcase time="0.00099999999999989" classname="tm_g_swimlane_waterfall_picks" name="tm_g_swimlane_builds_a_teal_module_with_picks_encodings"/>
    <testcase time="0.00500000000000012" classname="tm_g_swimlane_waterfall_picks" name="tm_g_waterfall_builds_a_teal_module_with_picks_encodings">
      <system-out>variables has eager choices (character) while datasets has dynamic choices. It is not guaranteed that explicitly defined choices will be a subset of data selected in a previous element.
Backtrace:
    ▆
 1. ├─teal.osprey::tm_g_waterfall(...) at test-tm_g_swimlane_waterfall_picks.R:45:3
 2. │ └─checkmate::assert_class(bar_paramcd, "picks", .var.name = "bar_paramcd")
 3. │   └─checkmate::checkClass(x, classes, ordered, null.ok)
 4. └─teal.picks::picks(...)
 5.   └─teal.picks:::.check_picks(picks, check_dataset)</system-out>
    </testcase>
    <testcase time="0.0089999999999999" classname="tm_g_swimlane_waterfall_picks" name="tm_g_waterfall_builds_a_teal_module_with_picks_encodings">
      <system-out>variables has eager choices (character) while datasets has dynamic choices. It is not guaranteed that explicitly defined choices will be a subset of data selected in a previous element.
Backtrace:
    ▆
 1. ├─teal.osprey::tm_g_waterfall(...) at test-tm_g_swimlane_waterfall_picks.R:45:3
 2. │ └─teal.osprey:::.assert_picks_single_var(bar_var, "bar_var")
 3. │   └─checkmate::assert_class(pick, "picks", .var.name = arg_name)
 4. │     └─checkmate::checkClass(x, classes, ordered, null.ok)
 5. └─teal.picks::picks(...)
 6.   └─teal.picks:::.check_picks(picks, check_dataset)</system-out>
    </testcase>
    <testcase time="0.00700000000000012" classname="tm_g_swimlane_waterfall_picks" name="tm_g_waterfall_builds_a_teal_module_with_picks_encodings">
      <system-out>variables has eager choices (character) while datasets has dynamic choices. It is not guaranteed that explicitly defined choices will be a subset of data selected in a previous element.
Backtrace:
    ▆
 1. ├─teal.osprey::tm_g_waterfall(...) at test-tm_g_swimlane_waterfall_picks.R:45:3
 2. └─teal.picks::picks(...)
 3.   └─teal.picks:::.check_picks(picks, check_dataset)</system-out>
    </testcase>
    <testcase time="0.00499999999999989" classname="tm_g_swimlane_waterfall_picks" name="tm_g_waterfall_builds_a_teal_module_with_picks_encodings"/>
    <testcase time="0.00100000000000011" classname="tm_g_swimlane_waterfall_picks" name="tm_g_waterfall_builds_a_teal_module_with_picks_encodings"/>
    <testcase time="0.00099999999999989" classname="tm_g_swimlane_waterfall_picks" name="tm_g_waterfall_builds_a_teal_module_with_picks_encodings"/>
  </testsuite>
  <testsuite name="utils" timestamp="2026-07-16T12:17:29Z" hostname="9709f67f1a7d" tests="13" skipped="0" failures="0" errors="0" time="0.018">
    <testcase time="0.004" classname="utils" name="as_numeric_from_comma_sep_str_converts_comma_sep_string_into_numeric_vector"/>
    <testcase time="0.00100000000000011" classname="utils" name="as_numeric_from_comma_sep_str_converts_comma_sep_string_into_numeric_vector"/>
    <testcase time="0.002" classname="utils" name="as_numeric_from_comma_sep_str_throws_warning_if_any_entries_are_not_numeric_and_converts_those_to_NAs"/>
    <testcase time="0.00099999999999989" classname="utils" name="as_numeric_from_comma_sep_str_throws_warning_if_any_entries_are_not_numeric_and_converts_those_to_NAs"/>
    <testcase time="0.00100000000000011" classname="utils" name="as_numeric_from_comma_sep_str_throws_warning_if_any_entries_are_not_numeric_and_converts_those_to_NAs"/>
    <testcase time="0" classname="utils" name="as_numeric_from_comma_sep_str_throws_warning_if_any_entries_are_not_numeric_and_converts_those_to_NAs"/>
    <testcase time="0.00099999999999989" classname="utils" name="as_numeric_from_comma_sep_str_throws_warning_if_any_entries_are_not_numeric_and_converts_those_to_NAs"/>
    <testcase time="0.00100000000000011" classname="utils" name="as_numeric_from_comma_sep_str_throws_warning_if_any_entries_are_not_numeric_and_converts_those_to_NAs"/>
    <testcase time="0.002" classname="utils" name="as_numeric_from_comma_sep_str_returns_NULL_if_input_is_NULL_or_whitespace"/>
    <testcase time="0.00100000000000011" classname="utils" name="as_numeric_from_comma_sep_str_returns_NULL_if_input_is_NULL_or_whitespace"/>
    <testcase time="0.00099999999999989" classname="utils" name="as_numeric_from_comma_sep_str_returns_NULL_if_input_is_NULL_or_whitespace"/>
    <testcase time="0.002" classname="utils" name="as_numeric_from_comma_sep_str_ignores_empty_values_at_end_of_string"/>
    <testcase time="0.00100000000000011" classname="utils" name="as_numeric_from_comma_sep_str_ignores_empty_values_at_end_of_string"/>
  </testsuite>
</testsuites>
