<?xml version="1.0" encoding="UTF-8"?>
<testsuites>
  <testsuite name="shinytest2-tm_g_events_term_id" timestamp="2026-08-18T11:44:34Z" hostname="85e6a2961151" tests="5" skipped="5" failures="0" errors="0" time="0.151">
    <testcase time="0.03" classname="shinytest2_tm_g_events_term_id" name="e2e_tm_g_events_term_id_initializes_and_renders_a_plot">
      <skipped message="Reason: testing depth 3 is below current testing specification 5 ('test-shinytest2-tm_g_events_term_id.R:34:3')"/>
    </testcase>
    <testcase time="0.0519999999999998" classname="shinytest2_tm_g_events_term_id" name="e2e_tm_g_events_term_id_starts_with_expected_label_and_encoding_selections.">
      <skipped message="Reason: testing depth 3 is below current testing specification 5 ('test-shinytest2-tm_g_events_term_id.R:54:5')"/>
    </testcase>
    <testcase time="0.044" classname="shinytest2_tm_g_events_term_id" name="e2e_tm_g_events_term_id_changing_term_var_changes_the_plot_and_does_not_throw_validation_errors.">
      <skipped message="Reason: testing depth 3 is below current testing specification 5 ('test-shinytest2-tm_g_events_term_id.R:80:5')"/>
    </testcase>
    <testcase time="0.0130000000000001" classname="shinytest2_tm_g_events_term_id" name="e2e_tm_g_events_term_id_deselection_of_term_var_throws_validation_error.">
      <skipped message="Reason: testing depth 3 is below current testing specification 5 ('test-shinytest2-tm_g_events_term_id.R:97:3')"/>
    </testcase>
    <testcase time="0.012" classname="shinytest2_tm_g_events_term_id" name="e2e_tm_g_events_term_id_sort_updates_title">
      <skipped message="Reason: testing depth 3 is below current testing specification 5 ('test-shinytest2-tm_g_events_term_id.R:107:3')"/>
    </testcase>
  </testsuite>
  <testsuite name="tm_g_ae_oview" timestamp="2026-08-18T11:44:34Z" hostname="85e6a2961151" tests="9" skipped="0" failures="0" errors="0" time="5.367">
    <testcase time="0.0759999999999998" classname="tm_g_ae_oview" name="tm_g_ae_oview_argument_verification_fails_when_arm_var_is_neither_picks_or_choices_selected"/>
    <testcase time="0.03" classname="tm_g_ae_oview" name="tm_g_ae_oview_argument_verification_fails_when_flag_var_anl_is_neiter_picks_or_choices_selected">
      <system-out>`arm_var` was deprecated in teal.osprey 0.5.0.
ℹ Pass `teal.picks::variables()` (or a full `teal.picks::picks()` chain).
  Support for legacy `teal.transform::choices_selected()`, `filter_spec`, and
  `select_spec` is deprecated.
Backtrace:
    ▆
 1. ├─testthat::expect_error(...) at test-tm_g_ae_oview.R:35:5
 2. │ └─testthat:::quasi_capture(...)
 3. │   ├─testthat (local) .capture(...)
 4. │   │ └─base::withCallingHandlers(...)
 5. │   └─rlang::eval_bare(quo_get_expr(.quo), quo_get_env(.quo))
 6. └─teal.osprey::tm_g_ae_oview(...)
 7.   └─teal.osprey:::migrate_choices_selected_to_variables(arm_var)</system-out>
    </testcase>
    <testcase time="0.0150000000000001" classname="tm_g_ae_oview" name="tm_g_ae_oview_argument_verification_fails_when_flag_var_anl_is_neiter_picks_or_choices_selected"/>
    <testcase time="0.228" classname="tm_g_ae_oview" name="tm_g_ae_oview_module_creation_creates_a_teal_module_using_choices_selected">
      <system-out>`flag_var_anl` was deprecated in teal.osprey 0.5.0.
ℹ Pass `teal.picks::variables()` (or a full `teal.picks::picks()` chain).
  Support for legacy `teal.transform::choices_selected()`, `filter_spec`, and
  `select_spec` is deprecated.
Backtrace:
    ▆
 1. ├─base::suppressWarnings(...) at test-tm_g_ae_oview.R:78:5
 2. │ └─base::withCallingHandlers(...)
 3. └─teal.osprey::tm_g_ae_oview(...)
 4.   └─teal.osprey:::migrate_choices_selected_to_variables(flag_var_anl)</system-out>
    </testcase>
    <testcase time="0.0110000000000001" classname="tm_g_ae_oview" name="tm_g_ae_oview_module_creation_creates_a_teal_module_using_choices_selected"/>
    <testcase time="0.00499999999999989" classname="tm_g_ae_oview" name="tm_g_ae_oview_module_creation_creates_a_teal_module_using_picks"/>
    <testcase time="2.59" classname="tm_g_ae_oview" name="tm_g_ae_oview_module_creation_creates_a_teal_module_using_choices_selected"/>
    <testcase time="1.494" classname="tm_g_ae_oview" name="tm_g_ae_oview_module_creation_creates_a_teal_module_using_picks"/>
    <testcase time="0.918" classname="tm_g_ae_oview" name="tm_g_ae_oview_module_creation_creates_a_module_using_only_default_arguments"/>
  </testsuite>
  <testsuite name="tm_g_ae_sub" timestamp="2026-08-18T11:44:39Z" hostname="85e6a2961151" tests="7" skipped="0" failures="0" errors="0" time="2.037">
    <testcase time="0.0670000000000002" classname="tm_g_ae_sub" name="tm_g_ae_sub_input_validation_plot_arguments_input_validation">
      <system-out>`group_var` was deprecated in teal.osprey 0.5.0.
ℹ Pass `teal.picks::variables()` (or a full `teal.picks::picks()` chain).
  Support for legacy `teal.transform::choices_selected()`, `filter_spec`, and
  `select_spec` is deprecated.
Backtrace:
    ▆
 1. ├─testthat::expect_error(...) at test-tm_g_ae_sub.R:13:5
 2. │ └─testthat:::quasi_capture(...)
 3. │   ├─testthat (local) .capture(...)
 4. │   │ └─base::withCallingHandlers(...)
 5. │   └─rlang::eval_bare(quo_get_expr(.quo), quo_get_env(.quo))
 6. ├─base::suppressWarnings(...) at test-tm_g_ae_sub.R:15:9
 7. │ └─base::withCallingHandlers(...)
 8. └─teal.osprey::tm_g_ae_sub(...)
 9.   └─teal.osprey:::migrate_choices_selected_to_variables(group_var)</system-out>
    </testcase>
    <testcase time="0.0139999999999993" classname="tm_g_ae_sub" name="tm_g_ae_sub_input_validation_plot_arguments_input_validation"/>
    <testcase time="0.00800000000000001" classname="tm_g_ae_sub" name="tm_g_ae_sub_input_validation_plot_arguments_input_validation"/>
    <testcase time="0.00900000000000034" classname="tm_g_ae_sub" name="tm_g_ae_sub_module_creation_creates_a_teal_module_using_choices_selected"/>
    <testcase time="0.00600000000000023" classname="tm_g_ae_sub" name="tm_g_ae_sub_module_creation_creates_a_teal_module_using_picks"/>
    <testcase time="0.940999999999999" classname="tm_g_ae_sub" name="tm_g_ae_sub_module_creation_using_choices_selected_works"/>
    <testcase time="0.992000000000001" classname="tm_g_ae_sub" name="tm_g_ae_sub_module_creation_using_picks_works"/>
  </testsuite>
  <testsuite name="tm_g_butterfly" timestamp="2026-08-18T11:44:41Z" hostname="85e6a2961151" tests="9" skipped="0" failures="0" errors="0" time="5.018">
    <testcase time="0.116" classname="tm_g_butterfly" name="tm_g_butterfly_input_validation_plot_arguments_input_validation"/>
    <testcase time="0.011000000000001" classname="tm_g_butterfly" name="tm_g_butterfly_input_validation_plot_arguments_input_validation"/>
    <testcase time="0.00899999999999856" classname="tm_g_butterfly" name="tm_g_butterfly_input_validation_Forcing_Conversion_from_multiple_picks_to_single"/>
    <testcase time="0.00600000000000023" classname="tm_g_butterfly" name="tm_g_butterfly_input_validation_Forcing_Conversion_from_multiple_picks_to_single"/>
    <testcase time="0.0120000000000005" classname="tm_g_butterfly" name="tm_g_butterfly_module_creation_creates_a_teal_module_using_choices_selected"/>
    <testcase time="0.0080000000000009" classname="tm_g_butterfly" name="tm_g_butterfly_module_creation_creates_a_teal_module_using_picks"/>
    <testcase time="1.515" classname="tm_g_butterfly" name="tm_g_butterfly_module_creation_works_with_choices_selected"/>
    <testcase time="1.671" classname="tm_g_butterfly" name="tm_g_butterfly_module_creation_works_with_picks"/>
    <testcase time="1.67" classname="tm_g_butterfly" name="tm_g_butterfly_module_creation_works_with_default_arguments"/>
  </testsuite>
  <testsuite name="tm_g_decorate" timestamp="2026-08-18T11:44:46Z" hostname="85e6a2961151" tests="5" skipped="0" failures="0" errors="0" time="0.173">
    <testcase time="0.164999999999999" classname="tm_g_decorate" name="srv_g_decorate_creation_srv_g_decorate_returns"/>
    <testcase time="0.00200000000000067" classname="tm_g_decorate" name="srv_g_decorate_creation_srv_g_decorate_returns"/>
    <testcase time="0.000999999999999446" classname="tm_g_decorate" name="srv_g_decorate_creation_srv_g_decorate_returns"/>
    <testcase time="0.00300000000000011" classname="tm_g_decorate" name="srv_g_decorate_creation_srv_g_decorate_returns"/>
    <testcase time="0.00200000000000067" classname="tm_g_decorate" name="srv_g_decorate_creation_srv_g_decorate_returns"/>
  </testsuite>
  <testsuite name="tm_g_events_term_id" timestamp="2026-08-18T11:44:46Z" hostname="85e6a2961151" tests="11" skipped="0" failures="0" errors="0" time="3.063">
    <testcase time="0.0309999999999988" classname="tm_g_events_term_id" name="tm_g_events_term_id_module_creation_using_choices_selected"/>
    <testcase time="0.00200000000000067" classname="tm_g_events_term_id" name="tm_g_events_term_id_module_creation_using_choices_selected"/>
    <testcase time="0.00200000000000067" classname="tm_g_events_term_id" name="tm_g_events_term_id_module_creation_using_choices_selected"/>
    <testcase time="0.00599999999999845" classname="tm_g_events_term_id" name="tm_g_events_term_id_module_creation_using_picks"/>
    <testcase time="0.00200000000000067" classname="tm_g_events_term_id" name="tm_g_events_term_id_module_creation_using_picks"/>
    <testcase time="0.000999999999999446" classname="tm_g_events_term_id" name="tm_g_events_term_id_module_creation_using_picks"/>
    <testcase time="0.928000000000001" classname="tm_g_events_term_id" name="tm_g_events_term_id_module_creation_using_choices_selected_works"/>
    <testcase time="0.906000000000001" classname="tm_g_events_term_id" name="tm_g_events_term_id_module_creation_using_picks_works"/>
    <testcase time="1.137" classname="tm_g_events_term_id" name="tm_g_events_term_id_module_creation_using_default_arguments_works"/>
    <testcase time="0.0449999999999982" classname="tm_g_events_term_id" name="tm_g_events_term_id_coerces_multiple_variable_selection"/>
    <testcase time="0.00300000000000011" classname="tm_g_events_term_id" name="tm_g_events_term_id_coerces_multiple_variable_selection"/>
  </testsuite>
  <testsuite name="tm_g_heat_bygrade" timestamp="2026-08-18T11:44:50Z" hostname="85e6a2961151" tests="17" skipped="0" failures="0" errors="0" time="5.34">
    <testcase time="0.213000000000001" classname="tm_g_heat_bygrade" name="tm_g_heat_bygrade_argument_verification_plot_arguments_input_validation"/>
    <testcase time="0.0129999999999981" classname="tm_g_heat_bygrade" name="tm_g_heat_bygrade_argument_verification_plot_arguments_input_validation"/>
    <testcase time="0.0130000000000017" classname="tm_g_heat_bygrade" name="tm_g_heat_bygrade_module_creation_creates_a_teal_module_using_choices_selected"/>
    <testcase time="0.0300000000000011" classname="tm_g_heat_bygrade" name="tm_g_heat_bygrade_module_creation_creates_a_teal_module_using_choices_selected_with_conmed"/>
    <testcase time="0.00999999999999801" classname="tm_g_heat_bygrade" name="tm_g_heat_bygrade_module_creation_creates_a_teal_module_using_picks"/>
    <testcase time="0.0100000000000016" classname="tm_g_heat_bygrade" name="tm_g_heat_bygrade_module_creation_creates_a_teal_module_using_picks_with_conmed"/>
    <testcase time="1.076" classname="tm_g_heat_bygrade" name="tm_g_heat_bygrade_module_creation_works_with_choices_selected"/>
    <testcase time="0.0409999999999968" classname="tm_g_heat_bygrade" name="tm_g_heat_bygrade_module_creation_works_with_choices_selected"/>
    <testcase time="1.722" classname="tm_g_heat_bygrade" name="tm_g_heat_bygrade_module_creation_works_with_choices_selected_with_conmed"/>
    <testcase time="0.032" classname="tm_g_heat_bygrade" name="tm_g_heat_bygrade_module_creation_works_with_choices_selected_with_conmed"/>
    <testcase time="0.922000000000001" classname="tm_g_heat_bygrade" name="tm_g_heat_bygrade_module_creation_works_with_picks"/>
    <testcase time="0.027000000000001" classname="tm_g_heat_bygrade" name="tm_g_heat_bygrade_module_creation_works_with_picks"/>
    <testcase time="1.187" classname="tm_g_heat_bygrade" name="tm_g_heat_bygrade_module_creation_works_with_picks_with_conmed"/>
    <testcase time="0.0310000000000024" classname="tm_g_heat_bygrade" name="tm_g_heat_bygrade_module_creation_works_with_picks_with_conmed"/>
    <testcase time="0.00900000000000034" classname="tm_g_heat_bygrade" name="tm_g_heat_bygrade_module_creation_Throws_warning_when_converting_anno_var_to_multiple"/>
    <testcase time="0.000999999999997669" classname="tm_g_heat_bygrade" name="tm_g_heat_bygrade_module_creation_Throws_warning_when_converting_anno_var_to_multiple"/>
    <testcase time="0.00300000000000011" classname="tm_g_heat_bygrade" name="tm_g_heat_bygrade_module_creation_Throws_warning_when_converting_anno_var_to_multiple"/>
  </testsuite>
  <testsuite name="tm_g_patient_profile" timestamp="2026-08-18T11:44:55Z" hostname="85e6a2961151" tests="11" skipped="0" failures="0" errors="0" time="3.888">
    <testcase time="0.0390000000000015" classname="tm_g_patient_profile" name="tm_g_patient_profile_input_validation_plot_arguments_input_validation"/>
    <testcase time="0.00999999999999801" classname="tm_g_patient_profile" name="tm_g_patient_profile_input_validation_plot_arguments_input_validation"/>
    <testcase time="0.00800000000000267" classname="tm_g_patient_profile" name="tm_g_patient_profile_input_validation_Forcing_conversion_from_multiple_picks_to_single"/>
    <testcase time="0.0069999999999979" classname="tm_g_patient_profile" name="tm_g_patient_profile_input_validation_Forcing_conversion_from_multiple_picks_to_single"/>
    <testcase time="0.0130000000000017" classname="tm_g_patient_profile" name="tm_g_patient_profile_module_creation_fails_without_datanames"/>
    <testcase time="0.0210000000000008" classname="tm_g_patient_profile" name="tm_g_patient_profile_module_creation_creates_a_teal_module_using_choices_selected"/>
    <testcase time="0.00599999999999667" classname="tm_g_patient_profile" name="tm_g_patient_profile_module_creation_creates_a_teal_module_using_teal.picks_variables"/>
    <testcase time="2.201" classname="tm_g_patient_profile" name="tm_g_patient_profile_module_works_using_choices_selected"/>
    <testcase time="0.0410000000000004" classname="tm_g_patient_profile" name="tm_g_patient_profile_module_works_using_choices_selected"/>
    <testcase time="1.5" classname="tm_g_patient_profile" name="tm_g_patient_profile_module_works_using_teal.picks"/>
    <testcase time="0.0420000000000016" classname="tm_g_patient_profile" name="tm_g_patient_profile_module_works_using_teal.picks"/>
  </testsuite>
  <testsuite name="tm_g_spiderplot" timestamp="2026-08-18T11:44:59Z" hostname="85e6a2961151" tests="11" skipped="0" failures="0" errors="0" time="7.878">
    <testcase time="0.102" classname="tm_g_spiderplot" name="tm_g_spiderplot_argument_verification_plot_arguments_input_validation"/>
    <testcase time="0.0139999999999993" classname="tm_g_spiderplot" name="tm_g_spiderplot_argument_verification_plot_arguments_input_validation"/>
    <testcase time="0.0249999999999986" classname="tm_g_spiderplot" name="tm_g_spiderplot_argument_verification_Forcing_Conversion_from_multiple_picks_to_single"/>
    <testcase time="0.0130000000000017" classname="tm_g_spiderplot" name="tm_g_spiderplot_argument_verification_Forcing_Conversion_from_multiple_picks_to_single"/>
    <testcase time="0.0229999999999997" classname="tm_g_spiderplot" name="tm_g_spiderplot_module_creation_creates_a_teal_module_using_choices_selected_default_method_"/>
    <testcase time="0.00900000000000034" classname="tm_g_spiderplot" name="tm_g_spiderplot_module_creation_creates_a_teal_module_using_picks_.pick_method_"/>
    <testcase time="2.575" classname="tm_g_spiderplot" name="tm_g_spiderplot_module_creation_module_using_choices_selected_works"/>
    <testcase time="0.0710000000000015" classname="tm_g_spiderplot" name="tm_g_spiderplot_module_creation_module_using_choices_selected_works"/>
    <testcase time="2.71" classname="tm_g_spiderplot" name="tm_g_spiderplot_module_creation_module_using_picks_works"/>
    <testcase time="0.080999999999996" classname="tm_g_spiderplot" name="tm_g_spiderplot_module_creation_module_using_picks_works"/>
    <testcase time="2.255" classname="tm_g_spiderplot" name="tm_g_spiderplot_module_creation_module_using_default_arguments_works"/>
  </testsuite>
  <testsuite name="tm_g_swimlane" timestamp="2026-08-18T11:45:07Z" hostname="85e6a2961151" tests="13" skipped="0" failures="0" errors="0" time="6.897">
    <testcase time="0.0769999999999982" classname="tm_g_swimlane" name="tm_swimlane_input_validation_plot_arguments_input_validation"/>
    <testcase time="0.00999999999999801" classname="tm_g_swimlane" name="tm_swimlane_input_validation_plot_arguments_input_validation"/>
    <testcase time="0.00900000000000034" classname="tm_g_swimlane" name="tm_swimlane_input_validation_fails_bar_var_is_not_the_expected_class"/>
    <testcase time="0.0110000000000028" classname="tm_g_swimlane" name="tm_g_swimlane_module_creation_is_correctly_created_using_teal.picks"/>
    <testcase time="0.00200000000000244" classname="tm_g_swimlane" name="tm_g_swimlane_module_creation_is_correctly_created_using_teal.picks"/>
    <testcase time="0.0069999999999979" classname="tm_g_swimlane" name="tm_g_swimlane_module_creation_accepts_optionally_NULL_argument_as_module_argument"/>
    <testcase time="0.000999999999997669" classname="tm_g_swimlane" name="tm_g_swimlane_module_creation_accepts_optionally_NULL_argument_as_module_argument"/>
    <testcase time="0.667999999999999" classname="tm_g_swimlane" name="tm_g_swimlane_module_creation_is_correctly_created_using_choices_selected"/>
    <testcase time="0.00100000000000477" classname="tm_g_swimlane" name="tm_g_swimlane_module_creation_is_correctly_created_using_choices_selected"/>
    <testcase time="1.656" classname="tm_g_swimlane" name="tm_g_swimlane_module_creation_works_using_teal.picks"/>
    <testcase time="1.032" classname="tm_g_swimlane" name="tm_g_swimlane_module_creation_works_using_default_arguments"/>
    <testcase time="1.509" classname="tm_g_swimlane" name="tm_g_swimlane_module_creation_works_with_optionally_NULL_argument_as_module_argument"/>
    <testcase time="1.914" classname="tm_g_swimlane" name="tm_g_swimlane_module_creation_works_using_choices_selected"/>
  </testsuite>
  <testsuite name="tm_g_waterfall" timestamp="2026-08-18T11:45:13Z" hostname="85e6a2961151" tests="9" skipped="0" failures="0" errors="0" time="11.433">
    <testcase time="0.0810000000000031" classname="tm_g_waterfall" name="tm_g_waterfall_argument_verification_plot_arguments_input_validation"/>
    <testcase time="0.00499999999999545" classname="tm_g_waterfall" name="tm_g_waterfall_argument_verification_plot_arguments_input_validation"/>
    <testcase time="0.137999999999998" classname="tm_g_waterfall" name="tm_g_waterfall_argument_verification_Forcing_Conversion_from_multiple_picks_to_single"/>
    <testcase time="0.0120000000000005" classname="tm_g_waterfall" name="tm_g_waterfall_argument_verification_Forcing_Conversion_from_multiple_picks_to_single"/>
    <testcase time="0.0289999999999964" classname="tm_g_waterfall" name="tm_g_waterfall_module_creation_creates_a_teal_module_using_choices_selected_deprecated_option_"/>
    <testcase time="0.0140000000000029" classname="tm_g_waterfall" name="tm_g_waterfall_module_creation_creates_a_teal_module_using_picks"/>
    <testcase time="6.726" classname="tm_g_waterfall" name="tm_g_waterfall_module_creation_works_using_choices_selected_deprecated_option_"/>
    <testcase time="2.482" classname="tm_g_waterfall" name="tm_g_waterfall_module_creation_works_using_picks"/>
    <testcase time="1.94600000000001" classname="tm_g_waterfall" name="tm_g_waterfall_module_creation_works_using_default_arguments"/>
  </testsuite>
  <testsuite name="utils" timestamp="2026-08-18T11:45:25Z" hostname="85e6a2961151" tests="13" skipped="0" failures="0" errors="0" time="0.135">
    <testcase time="0.106999999999999" classname="utils" name="as_numeric_from_comma_sep_str_converts_comma_sep_string_into_numeric_vector"/>
    <testcase time="0.00199999999999534" classname="utils" name="as_numeric_from_comma_sep_str_converts_comma_sep_string_into_numeric_vector"/>
    <testcase time="0.00400000000000489" classname="utils" name="as_numeric_from_comma_sep_str_throws_warning_if_any_entries_are_not_numeric_and_converts_those_to_NAs"/>
    <testcase time="0.000999999999997669" classname="utils" name="as_numeric_from_comma_sep_str_throws_warning_if_any_entries_are_not_numeric_and_converts_those_to_NAs"/>
    <testcase time="0.00200000000000244" classname="utils" name="as_numeric_from_comma_sep_str_throws_warning_if_any_entries_are_not_numeric_and_converts_those_to_NAs"/>
    <testcase time="0.000999999999997669" classname="utils" name="as_numeric_from_comma_sep_str_throws_warning_if_any_entries_are_not_numeric_and_converts_those_to_NAs"/>
    <testcase time="0.000999999999997669" classname="utils" name="as_numeric_from_comma_sep_str_throws_warning_if_any_entries_are_not_numeric_and_converts_those_to_NAs"/>
    <testcase time="0.00200000000000244" classname="utils" name="as_numeric_from_comma_sep_str_throws_warning_if_any_entries_are_not_numeric_and_converts_those_to_NAs"/>
    <testcase time="0.00399999999999778" classname="utils" name="as_numeric_from_comma_sep_str_returns_NULL_if_input_is_NULL_or_whitespace"/>
    <testcase time="0.00300000000000011" classname="utils" name="as_numeric_from_comma_sep_str_returns_NULL_if_input_is_NULL_or_whitespace"/>
    <testcase time="0.00300000000000011" classname="utils" name="as_numeric_from_comma_sep_str_returns_NULL_if_input_is_NULL_or_whitespace"/>
    <testcase time="0.00300000000000011" classname="utils" name="as_numeric_from_comma_sep_str_ignores_empty_values_at_end_of_string"/>
    <testcase time="0.00200000000000244" classname="utils" name="as_numeric_from_comma_sep_str_ignores_empty_values_at_end_of_string"/>
  </testsuite>
</testsuites>
